{"level":"info","message":"Starting Connection Server","timestamp":"2025-12-12 00:10:06"}
{"level":"info","message":"Connected to MongoDB","timestamp":"2025-12-12 00:10:06"}
{"level":"info","message":"Conneting Rediss !!!","timestamp":"2025-12-12 00:10:06"}
{"level":"info","message":"Connected to Redis.","timestamp":"2025-12-12 00:10:06"}
{"level":"info","message":"Redis ready.","timestamp":"2025-12-12 00:10:06"}
{"level":"info","message":"🚀 Server running on port 5000","timestamp":"2025-12-12 00:10:06"}
{"level":"info","message":"📝 Environment: development","timestamp":"2025-12-12 00:10:06"}
{"level":"info","message":"Starting Connection Server","timestamp":"2025-12-12 00:12:21"}
{"level":"info","message":"Connected to MongoDB","timestamp":"2025-12-12 00:12:24"}
{"level":"info","message":"Conneting Rediss !!!","timestamp":"2025-12-12 00:12:24"}
{"level":"error","message":"Redis error: ","timestamp":"2025-12-12 00:12:24"}
{"level":"info","message":"Reconnecting to Redis.","timestamp":"2025-12-12 00:12:24"}
{"level":"error","message":"Redis error: ","timestamp":"2025-12-12 00:12:24"}
{"level":"info","message":"Reconnecting to Redis.","timestamp":"2025-12-12 00:12:24"}
{"level":"error","message":"Redis error: ","timestamp":"2025-12-12 00:12:24"}
{"level":"info","message":"Reconnecting to Redis.","timestamp":"2025-12-12 00:12:25"}
{"level":"error","message":"Redis error: ","timestamp":"2025-12-12 00:12:25"}
{"level":"info","message":"Reconnecting to Redis.","timestamp":"2025-12-12 00:12:25"}
{"level":"error","message":"Redis error: ","timestamp":"2025-12-12 00:12:25"}
{"level":"info","message":"Reconnecting to Redis.","timestamp":"2025-12-12 00:12:26"}
{"level":"error","message":"Redis error: ","timestamp":"2025-12-12 00:12:26"}
{"level":"info","message":"Reconnecting to Redis.","timestamp":"2025-12-12 00:12:28"}
{"level":"error","message":"Redis error: ","timestamp":"2025-12-12 00:12:28"}
{"level":"info","message":"Reconnecting to Redis.","timestamp":"2025-12-12 00:12:30"}
{"level":"error","message":"Redis error: ","timestamp":"2025-12-12 00:12:30"}
{"level":"info","message":"Reconnecting to Redis.","timestamp":"2025-12-12 00:12:32"}
{"level":"error","message":"Redis error: ","timestamp":"2025-12-12 00:12:32"}
{"level":"info","message":"Reconnecting to Redis.","timestamp":"2025-12-12 00:12:34"}
{"level":"error","message":"Redis error: ","timestamp":"2025-12-12 00:12:34"}
{"level":"info","message":"Reconnecting to Redis.","timestamp":"2025-12-12 00:12:36"}
{"level":"error","message":"Redis error: ","timestamp":"2025-12-12 00:12:36"}
{"level":"info","message":"Reconnecting to Redis.","timestamp":"2025-12-12 00:12:38"}
{"level":"error","message":"Redis error: ","timestamp":"2025-12-12 00:12:38"}
{"level":"info","message":"Reconnecting to Redis.","timestamp":"2025-12-12 00:12:40"}
{"level":"error","message":"Redis error: ","timestamp":"2025-12-12 00:12:40"}
{"level":"info","message":"Reconnecting to Redis.","timestamp":"2025-12-12 00:12:42"}
{"level":"error","message":"Redis error: ","timestamp":"2025-12-12 00:12:42"}
{"level":"info","message":"Reconnecting to Redis.","timestamp":"2025-12-12 00:12:45"}
{"level":"error","message":"Redis error: ","timestamp":"2025-12-12 00:12:45"}
{"level":"info","message":"Reconnecting to Redis.","timestamp":"2025-12-12 00:12:47"}
{"level":"error","message":"Redis error: ","timestamp":"2025-12-12 00:12:47"}
{"level":"info","message":"Reconnecting to Redis.","timestamp":"2025-12-12 00:12:49"}
{"level":"error","message":"Redis error: ","timestamp":"2025-12-12 00:12:49"}
{"level":"info","message":"Reconnecting to Redis.","timestamp":"2025-12-12 00:12:51"}
{"level":"error","message":"Redis error: ","timestamp":"2025-12-12 00:12:51"}
{"level":"info","message":"Reconnecting to Redis.","timestamp":"2025-12-12 00:12:53"}
{"level":"error","message":"Redis error: ","timestamp":"2025-12-12 00:12:53"}
{"level":"info","message":"Reconnecting to Redis.","timestamp":"2025-12-12 00:12:55"}
{"level":"error","message":"Redis error: ","timestamp":"2025-12-12 00:12:55"}
{"level":"info","message":"Reconnecting to Redis.","timestamp":"2025-12-12 00:12:57"}
{"level":"error","message":"Redis error: ","timestamp":"2025-12-12 00:12:57"}
{"level":"info","message":"Reconnecting to Redis.","timestamp":"2025-12-12 00:13:00"}
{"level":"error","message":"Redis error: ","timestamp":"2025-12-12 00:13:00"}
{"level":"info","message":"Reconnecting to Redis.","timestamp":"2025-12-12 00:13:02"}
{"level":"error","message":"Redis error: ","timestamp":"2025-12-12 00:13:02"}
{"level":"info","message":"Reconnecting to Redis.","timestamp":"2025-12-12 00:13:04"}
{"level":"error","message":"Redis error: ","timestamp":"2025-12-12 00:13:04"}
{"level":"info","message":"Reconnecting to Redis.","timestamp":"2025-12-12 00:13:06"}
{"level":"error","message":"Redis error: ","timestamp":"2025-12-12 00:13:06"}
{"level":"info","message":"Reconnecting to Redis.","timestamp":"2025-12-12 00:13:08"}
{"level":"error","message":"Redis error: ","timestamp":"2025-12-12 00:13:08"}
{"level":"info","message":"Reconnecting to Redis.","timestamp":"2025-12-12 00:13:10"}
{"level":"error","message":"Redis error: ","timestamp":"2025-12-12 00:13:10"}
{"level":"info","message":"Reconnecting to Redis.","timestamp":"2025-12-12 00:13:12"}
{"level":"error","message":"Redis error: ","timestamp":"2025-12-12 00:13:12"}
{"level":"info","message":"Reconnecting to Redis.","timestamp":"2025-12-12 00:13:14"}
{"level":"error","message":"Redis error: ","timestamp":"2025-12-12 00:13:14"}
{"level":"info","message":"Reconnecting to Redis.","timestamp":"2025-12-12 00:13:17"}
{"level":"error","message":"Redis error: ","timestamp":"2025-12-12 00:13:17"}
{"level":"info","message":"Reconnecting to Redis.","timestamp":"2025-12-12 00:13:19"}
{"level":"error","message":"Redis error: ","timestamp":"2025-12-12 00:13:19"}
{"level":"info","message":"Reconnecting to Redis.","timestamp":"2025-12-12 00:13:21"}
{"level":"error","message":"Redis error: ","timestamp":"2025-12-12 00:13:21"}
{"level":"info","message":"Reconnecting to Redis.","timestamp":"2025-12-12 00:13:23"}
{"level":"error","message":"Redis error: ","timestamp":"2025-12-12 00:13:23"}
{"level":"info","message":"Reconnecting to Redis.","timestamp":"2025-12-12 00:13:25"}
{"level":"error","message":"Redis error: ","timestamp":"2025-12-12 00:13:25"}
{"level":"info","message":"Reconnecting to Redis.","timestamp":"2025-12-12 00:13:27"}
{"level":"error","message":"Redis error: ","timestamp":"2025-12-12 00:13:27"}
{"level":"info","message":"Reconnecting to Redis.","timestamp":"2025-12-12 00:13:29"}
{"level":"error","message":"Redis error: ","timestamp":"2025-12-12 00:13:29"}
{"level":"info","message":"Reconnecting to Redis.","timestamp":"2025-12-12 00:13:31"}
{"level":"error","message":"Redis error: ","timestamp":"2025-12-12 00:13:31"}
{"level":"info","message":"Reconnecting to Redis.","timestamp":"2025-12-12 00:13:33"}
{"level":"error","message":"Redis error: ","timestamp":"2025-12-12 00:13:33"}
{"level":"info","message":"Reconnecting to Redis.","timestamp":"2025-12-12 00:13:35"}
{"level":"error","message":"Redis error: ","timestamp":"2025-12-12 00:13:35"}
{"level":"info","message":"Reconnecting to Redis.","timestamp":"2025-12-12 00:13:37"}
{"level":"error","message":"Redis error: ","timestamp":"2025-12-12 00:13:37"}
{"level":"info","message":"Reconnecting to Redis.","timestamp":"2025-12-12 00:13:40"}
{"level":"error","message":"Redis error: ","timestamp":"2025-12-12 00:13:40"}
{"level":"info","message":"Reconnecting to Redis.","timestamp":"2025-12-12 00:13:42"}
{"level":"error","message":"Redis error: ","timestamp":"2025-12-12 00:13:42"}
{"level":"info","message":"Reconnecting to Redis.","timestamp":"2025-12-12 00:13:44"}
{"level":"error","message":"Redis error: ","timestamp":"2025-12-12 00:13:44"}
{"level":"info","message":"Reconnecting to Redis.","timestamp":"2025-12-12 00:13:46"}
{"level":"error","message":"Redis error: ","timestamp":"2025-12-12 00:13:46"}
{"level":"info","message":"Reconnecting to Redis.","timestamp":"2025-12-12 00:13:48"}
{"level":"error","message":"Redis error: ","timestamp":"2025-12-12 00:13:48"}
{"level":"info","message":"Reconnecting to Redis.","timestamp":"2025-12-12 00:13:50"}
{"level":"error","message":"Redis error: ","timestamp":"2025-12-12 00:13:50"}
{"level":"info","message":"Reconnecting to Redis.","timestamp":"2025-12-12 00:13:52"}
{"level":"error","message":"Redis error: ","timestamp":"2025-12-12 00:13:52"}
{"level":"info","message":"Reconnecting to Redis.","timestamp":"2025-12-12 00:13:54"}
{"level":"error","message":"Redis error: ","timestamp":"2025-12-12 00:13:54"}
{"level":"info","message":"Reconnecting to Redis.","timestamp":"2025-12-12 00:13:56"}
{"level":"error","message":"Redis error: ","timestamp":"2025-12-12 00:13:56"}
{"level":"info","message":"Reconnecting to Redis.","timestamp":"2025-12-12 00:13:59"}
{"level":"error","message":"Redis error: ","timestamp":"2025-12-12 00:13:59"}
{"level":"info","message":"Reconnecting to Redis.","timestamp":"2025-12-12 00:14:01"}
{"level":"error","message":"Redis error: ","timestamp":"2025-12-12 00:14:01"}
{"level":"info","message":"Reconnecting to Redis.","timestamp":"2025-12-12 00:14:03"}
{"level":"error","message":"Redis error: ","timestamp":"2025-12-12 00:14:03"}
{"level":"info","message":"Reconnecting to Redis.","timestamp":"2025-12-12 00:14:05"}
{"level":"error","message":"Redis error: ","timestamp":"2025-12-12 00:14:05"}
{"level":"info","message":"Reconnecting to Redis.","timestamp":"2025-12-12 00:14:07"}
{"level":"error","message":"Redis error: ","timestamp":"2025-12-12 00:14:07"}
{"level":"info","message":"Reconnecting to Redis.","timestamp":"2025-12-12 00:14:09"}
{"level":"error","message":"Redis error: ","timestamp":"2025-12-12 00:14:09"}
{"level":"info","message":"Reconnecting to Redis.","timestamp":"2025-12-12 00:14:11"}
{"level":"error","message":"Redis error: ","timestamp":"2025-12-12 00:14:11"}
{"level":"info","message":"Reconnecting to Redis.","timestamp":"2025-12-12 00:14:14"}
{"level":"error","message":"Redis error: ","timestamp":"2025-12-12 00:14:14"}
{"level":"info","message":"Reconnecting to Redis.","timestamp":"2025-12-12 00:14:16"}
{"level":"error","message":"Redis error: ","timestamp":"2025-12-12 00:14:16"}
{"level":"info","message":"Reconnecting to Redis.","timestamp":"2025-12-12 00:14:18"}
{"level":"error","message":"Redis error: ","timestamp":"2025-12-12 00:14:18"}
{"level":"info","message":"Reconnecting to Redis.","timestamp":"2025-12-12 00:14:20"}
{"level":"error","message":"Redis error: ","timestamp":"2025-12-12 00:14:20"}
{"level":"info","message":"Reconnecting to Redis.","timestamp":"2025-12-12 00:14:22"}
{"level":"error","message":"Redis error: ","timestamp":"2025-12-12 00:14:22"}
{"level":"info","message":"Reconnecting to Redis.","timestamp":"2025-12-12 00:14:24"}
{"level":"error","message":"Redis error: ","timestamp":"2025-12-12 00:14:24"}
{"level":"info","message":"Reconnecting to Redis.","timestamp":"2025-12-12 00:14:26"}
{"level":"error","message":"Redis error: ","timestamp":"2025-12-12 00:14:27"}
{"level":"info","message":"Reconnecting to Redis.","timestamp":"2025-12-12 00:14:29"}
{"level":"error","message":"Redis error: ","timestamp":"2025-12-12 00:14:29"}
{"level":"info","message":"Reconnecting to Redis.","timestamp":"2025-12-12 00:14:31"}
{"level":"error","message":"Redis error: ","timestamp":"2025-12-12 00:14:31"}
{"level":"info","message":"Reconnecting to Redis.","timestamp":"2025-12-12 00:14:33"}
{"level":"error","message":"Redis error: ","timestamp":"2025-12-12 00:14:33"}
{"level":"info","message":"Reconnecting to Redis.","timestamp":"2025-12-12 00:14:35"}
{"level":"error","message":"Redis error: ","timestamp":"2025-12-12 00:14:35"}
{"level":"info","message":"Reconnecting to Redis.","timestamp":"2025-12-12 00:14:37"}
{"level":"error","message":"Redis error: ","timestamp":"2025-12-12 00:14:37"}
{"level":"info","message":"Reconnecting to Redis.","timestamp":"2025-12-12 00:14:39"}
{"level":"error","message":"Redis error: ","timestamp":"2025-12-12 00:14:39"}
{"level":"info","message":"Reconnecting to Redis.","timestamp":"2025-12-12 00:14:41"}
{"level":"error","message":"Redis error: ","timestamp":"2025-12-12 00:14:41"}
{"level":"info","message":"Reconnecting to Redis.","timestamp":"2025-12-12 00:14:43"}
{"level":"error","message":"Redis error: ","timestamp":"2025-12-12 00:14:43"}
{"level":"info","message":"Reconnecting to Redis.","timestamp":"2025-12-12 00:14:45"}
{"level":"error","message":"Redis error: ","timestamp":"2025-12-12 00:14:45"}
{"level":"info","message":"Reconnecting to Redis.","timestamp":"2025-12-12 00:14:48"}
{"level":"error","message":"Redis error: ","timestamp":"2025-12-12 00:14:48"}
{"level":"info","message":"Reconnecting to Redis.","timestamp":"2025-12-12 00:14:50"}
{"level":"error","message":"Redis error: ","timestamp":"2025-12-12 00:14:50"}
{"level":"info","message":"Reconnecting to Redis.","timestamp":"2025-12-12 00:14:52"}
{"level":"error","message":"Redis error: ","timestamp":"2025-12-12 00:14:52"}
{"level":"info","message":"Reconnecting to Redis.","timestamp":"2025-12-12 00:14:54"}
{"level":"error","message":"Redis error: ","timestamp":"2025-12-12 00:14:54"}
{"level":"info","message":"Reconnecting to Redis.","timestamp":"2025-12-12 00:14:56"}
{"level":"error","message":"Redis error: ","timestamp":"2025-12-12 00:14:56"}
{"level":"info","message":"Reconnecting to Redis.","timestamp":"2025-12-12 00:14:58"}
{"level":"error","message":"Redis error: ","timestamp":"2025-12-12 00:14:58"}
{"level":"info","message":"Reconnecting to Redis.","timestamp":"2025-12-12 00:15:00"}
{"level":"error","message":"Redis error: ","timestamp":"2025-12-12 00:15:00"}
{"level":"info","message":"Reconnecting to Redis.","timestamp":"2025-12-12 00:15:02"}
{"level":"error","message":"Redis error: ","timestamp":"2025-12-12 00:15:02"}
{"level":"info","message":"Reconnecting to Redis.","timestamp":"2025-12-12 00:15:04"}
{"level":"error","message":"Redis error: ","timestamp":"2025-12-12 00:15:04"}
{"level":"info","message":"Reconnecting to Redis.","timestamp":"2025-12-12 00:15:06"}
{"level":"error","message":"Redis error: ","timestamp":"2025-12-12 00:15:06"}
{"level":"info","message":"Reconnecting to Redis.","timestamp":"2025-12-12 00:15:08"}
{"level":"error","message":"Redis error: ","timestamp":"2025-12-12 00:15:08"}
{"level":"info","message":"Reconnecting to Redis.","timestamp":"2025-12-12 00:15:11"}
{"level":"error","message":"Redis error: ","timestamp":"2025-12-12 00:15:11"}
{"level":"info","message":"Reconnecting to Redis.","timestamp":"2025-12-12 00:15:13"}
{"level":"error","message":"Redis error: ","timestamp":"2025-12-12 00:15:13"}
{"level":"info","message":"Reconnecting to Redis.","timestamp":"2025-12-12 00:15:15"}
{"level":"error","message":"Redis error: ","timestamp":"2025-12-12 00:15:15"}
{"level":"info","message":"Reconnecting to Redis.","timestamp":"2025-12-12 00:15:17"}
{"level":"error","message":"Redis error: ","timestamp":"2025-12-12 00:15:17"}
{"level":"info","message":"Reconnecting to Redis.","timestamp":"2025-12-12 00:15:19"}
{"level":"error","message":"Redis error: ","timestamp":"2025-12-12 00:15:19"}
{"level":"info","message":"Reconnecting to Redis.","timestamp":"2025-12-12 00:15:22"}
{"level":"error","message":"Redis error: ","timestamp":"2025-12-12 00:15:22"}
{"level":"info","message":"Reconnecting to Redis.","timestamp":"2025-12-12 00:15:24"}
{"level":"error","message":"Redis error: ","timestamp":"2025-12-12 00:15:24"}
{"level":"info","message":"Reconnecting to Redis.","timestamp":"2025-12-12 00:15:26"}
{"level":"error","message":"Redis error: ","timestamp":"2025-12-12 00:15:26"}
{"level":"info","message":"Reconnecting to Redis.","timestamp":"2025-12-12 00:15:28"}
{"level":"error","message":"Redis error: ","timestamp":"2025-12-12 00:15:28"}
{"level":"info","message":"Reconnecting to Redis.","timestamp":"2025-12-12 00:15:30"}
{"level":"error","message":"Redis error: ","timestamp":"2025-12-12 00:15:30"}
{"level":"info","message":"Reconnecting to Redis.","timestamp":"2025-12-12 00:15:32"}
{"level":"error","message":"Redis error: ","timestamp":"2025-12-12 00:15:32"}
{"level":"info","message":"Reconnecting to Redis.","timestamp":"2025-12-12 00:15:34"}
{"level":"error","message":"Redis error: ","timestamp":"2025-12-12 00:15:34"}
{"level":"info","message":"Reconnecting to Redis.","timestamp":"2025-12-12 00:15:36"}
{"level":"error","message":"Redis error: ","timestamp":"2025-12-12 00:15:36"}
{"level":"info","message":"Reconnecting to Redis.","timestamp":"2025-12-12 00:15:38"}
{"level":"error","message":"Redis error: ","timestamp":"2025-12-12 00:15:38"}
{"level":"info","message":"Reconnecting to Redis.","timestamp":"2025-12-12 00:15:41"}
{"level":"error","message":"Redis error: ","timestamp":"2025-12-12 00:15:41"}
{"level":"info","message":"Reconnecting to Redis.","timestamp":"2025-12-12 00:15:43"}
{"level":"error","message":"Redis error: ","timestamp":"2025-12-12 00:15:43"}
{"level":"info","message":"Reconnecting to Redis.","timestamp":"2025-12-12 00:15:45"}
{"level":"error","message":"Redis error: ","timestamp":"2025-12-12 00:15:45"}
{"level":"info","message":"Reconnecting to Redis.","timestamp":"2025-12-12 00:15:47"}
{"level":"error","message":"Redis error: ","timestamp":"2025-12-12 00:15:47"}
{"level":"info","message":"Reconnecting to Redis.","timestamp":"2025-12-12 00:15:49"}
{"level":"error","message":"Redis error: ","timestamp":"2025-12-12 00:15:49"}
{"level":"info","message":"Reconnecting to Redis.","timestamp":"2025-12-12 00:15:51"}
{"level":"error","message":"Redis error: ","timestamp":"2025-12-12 00:15:51"}
{"level":"info","message":"Reconnecting to Redis.","timestamp":"2025-12-12 00:15:53"}
{"level":"error","message":"Redis error: ","timestamp":"2025-12-12 00:15:53"}
{"level":"info","message":"Reconnecting to Redis.","timestamp":"2025-12-12 00:15:55"}
{"level":"error","message":"Redis error: ","timestamp":"2025-12-12 00:15:55"}
{"level":"info","message":"Reconnecting to Redis.","timestamp":"2025-12-12 00:15:57"}
{"level":"error","message":"Redis error: ","timestamp":"2025-12-12 00:15:57"}
{"level":"info","message":"Reconnecting to Redis.","timestamp":"2025-12-12 00:16:00"}
{"level":"error","message":"Redis error: ","timestamp":"2025-12-12 00:16:00"}
{"level":"info","message":"Reconnecting to Redis.","timestamp":"2025-12-12 00:16:02"}
{"level":"error","message":"Redis error: ","timestamp":"2025-12-12 00:16:02"}
{"level":"info","message":"Reconnecting to Redis.","timestamp":"2025-12-12 00:16:04"}
{"level":"error","message":"Redis error: ","timestamp":"2025-12-12 00:16:04"}
{"level":"info","message":"Reconnecting to Redis.","timestamp":"2025-12-12 00:16:06"}
{"level":"error","message":"Redis error: ","timestamp":"2025-12-12 00:16:06"}
{"level":"info","message":"Reconnecting to Redis.","timestamp":"2025-12-12 00:16:08"}
{"level":"error","message":"Redis error: ","timestamp":"2025-12-12 00:16:08"}
{"level":"info","message":"Reconnecting to Redis.","timestamp":"2025-12-12 00:16:10"}
{"level":"error","message":"Redis error: ","timestamp":"2025-12-12 00:16:10"}
{"level":"info","message":"Reconnecting to Redis.","timestamp":"2025-12-12 00:16:12"}
{"level":"error","message":"Redis error: ","timestamp":"2025-12-12 00:16:12"}
{"level":"info","message":"Reconnecting to Redis.","timestamp":"2025-12-12 00:16:14"}
{"level":"error","message":"Redis error: ","timestamp":"2025-12-12 00:16:14"}
{"level":"info","message":"Reconnecting to Redis.","timestamp":"2025-12-12 00:16:16"}
{"level":"error","message":"Redis error: ","timestamp":"2025-12-12 00:16:16"}
{"level":"info","message":"Reconnecting to Redis.","timestamp":"2025-12-12 00:16:18"}
{"level":"error","message":"Redis error: ","timestamp":"2025-12-12 00:16:18"}
{"level":"info","message":"Reconnecting to Redis.","timestamp":"2025-12-12 00:16:21"}
{"level":"error","message":"Redis error: ","timestamp":"2025-12-12 00:16:21"}
{"level":"info","message":"Reconnecting to Redis.","timestamp":"2025-12-12 00:16:23"}
{"level":"error","message":"Redis error: ","timestamp":"2025-12-12 00:16:23"}
{"level":"info","message":"Reconnecting to Redis.","timestamp":"2025-12-12 00:16:25"}
{"level":"error","message":"Redis error: ","timestamp":"2025-12-12 00:16:25"}
{"level":"info","message":"Reconnecting to Redis.","timestamp":"2025-12-12 00:16:27"}
{"level":"error","message":"Redis error: ","timestamp":"2025-12-12 00:16:27"}
{"level":"info","message":"Reconnecting to Redis.","timestamp":"2025-12-12 00:16:29"}
{"level":"error","message":"Redis error: ","timestamp":"2025-12-12 00:16:29"}
{"level":"info","message":"Reconnecting to Redis.","timestamp":"2025-12-12 00:16:31"}
{"level":"error","message":"Redis error: ","timestamp":"2025-12-12 00:16:31"}
{"level":"info","message":"Reconnecting to Redis.","timestamp":"2025-12-12 00:16:33"}
{"level":"error","message":"Redis error: ","timestamp":"2025-12-12 00:16:33"}
{"level":"info","message":"Reconnecting to Redis.","timestamp":"2025-12-12 00:16:35"}
{"level":"error","message":"Redis error: ","timestamp":"2025-12-12 00:16:35"}
{"level":"info","message":"Reconnecting to Redis.","timestamp":"2025-12-12 00:16:37"}
{"level":"error","message":"Redis error: ","timestamp":"2025-12-12 00:16:37"}
{"level":"info","message":"Reconnecting to Redis.","timestamp":"2025-12-12 00:16:40"}
{"level":"error","message":"Redis error: ","timestamp":"2025-12-12 00:16:40"}
{"level":"info","message":"Reconnecting to Redis.","timestamp":"2025-12-12 00:16:42"}
{"level":"error","message":"Redis error: ","timestamp":"2025-12-12 00:16:42"}
{"level":"info","message":"Reconnecting to Redis.","timestamp":"2025-12-12 00:16:44"}
{"level":"error","message":"Redis error: ","timestamp":"2025-12-12 00:16:44"}
{"level":"info","message":"Reconnecting to Redis.","timestamp":"2025-12-12 00:16:46"}
{"level":"error","message":"Redis error: ","timestamp":"2025-12-12 00:16:46"}
{"level":"info","message":"Reconnecting to Redis.","timestamp":"2025-12-12 00:16:48"}
{"level":"error","message":"Redis error: ","timestamp":"2025-12-12 00:16:48"}
{"level":"info","message":"Reconnecting to Redis.","timestamp":"2025-12-12 00:16:50"}
{"level":"error","message":"Redis error: ","timestamp":"2025-12-12 00:16:50"}
{"level":"info","message":"Reconnecting to Redis.","timestamp":"2025-12-12 00:16:52"}
{"level":"error","message":"Redis error: ","timestamp":"2025-12-12 00:16:52"}
{"level":"info","message":"Reconnecting to Redis.","timestamp":"2025-12-12 00:16:54"}
{"level":"error","message":"Redis error: ","timestamp":"2025-12-12 00:16:54"}
{"level":"info","message":"Reconnecting to Redis.","timestamp":"2025-12-12 00:16:56"}
{"level":"error","message":"Redis error: ","timestamp":"2025-12-12 00:16:56"}
{"level":"info","message":"Reconnecting to Redis.","timestamp":"2025-12-12 00:16:58"}
{"level":"error","message":"Redis error: ","timestamp":"2025-12-12 00:16:58"}
{"level":"info","message":"Reconnecting to Redis.","timestamp":"2025-12-12 00:17:01"}
{"level":"error","message":"Redis error: ","timestamp":"2025-12-12 00:17:01"}
{"level":"info","message":"Reconnecting to Redis.","timestamp":"2025-12-12 00:17:03"}
{"level":"error","message":"Redis error: ","timestamp":"2025-12-12 00:17:03"}
{"level":"info","message":"Reconnecting to Redis.","timestamp":"2025-12-12 00:17:05"}
{"level":"error","message":"Redis error: ","timestamp":"2025-12-12 00:17:05"}
{"level":"info","message":"Reconnecting to Redis.","timestamp":"2025-12-12 00:17:07"}
{"level":"error","message":"Redis error: ","timestamp":"2025-12-12 00:17:07"}
{"level":"info","message":"Reconnecting to Redis.","timestamp":"2025-12-12 00:17:09"}
{"level":"error","message":"Redis error: ","timestamp":"2025-12-12 00:17:09"}
{"level":"info","message":"Reconnecting to Redis.","timestamp":"2025-12-12 00:17:11"}
{"level":"error","message":"Redis error: ","timestamp":"2025-12-12 00:17:11"}
{"level":"info","message":"Reconnecting to Redis.","timestamp":"2025-12-12 00:17:13"}
{"level":"error","message":"Redis error: ","timestamp":"2025-12-12 00:17:13"}
{"level":"info","message":"Reconnecting to Redis.","timestamp":"2025-12-12 00:17:15"}
{"level":"error","message":"Redis error: ","timestamp":"2025-12-12 00:17:15"}
{"level":"info","message":"Reconnecting to Redis.","timestamp":"2025-12-12 00:17:17"}
{"level":"error","message":"Redis error: ","timestamp":"2025-12-12 00:17:17"}
{"level":"info","message":"Reconnecting to Redis.","timestamp":"2025-12-12 00:17:20"}
{"level":"error","message":"Redis error: ","timestamp":"2025-12-12 00:17:20"}
{"level":"info","message":"Disconnected from MongoDB","timestamp":"2025-12-12 00:17:21"}
{"level":"info","message":"Starting Connection Server","timestamp":"2025-12-12 00:19:18"}
{"level":"info","message":"Connected to MongoDB","timestamp":"2025-12-12 00:19:22"}
{"level":"info","message":"Conneting Rediss !!!","timestamp":"2025-12-12 00:19:22"}
{"level":"info","message":"Connected to Redis.","timestamp":"2025-12-12 00:19:23"}
{"level":"info","message":"Redis ready.","timestamp":"2025-12-12 00:19:23"}
{"level":"info","message":"🚀 Server running on port 5000","timestamp":"2025-12-12 00:19:23"}
{"level":"info","message":"📝 Environment: development","timestamp":"2025-12-12 00:19:23"}
{"level":"info","limit":"100","message":"Query params: ","page":"1","timestamp":"2025-12-12 00:19:51"}
{"level":"info","message":"Cached Lecturers","timestamp":"2025-12-12 00:19:51"}
{"level":"http","message":"GET /api/v1/lecturers?page=1&limit=100 200 - - 210.695 ms","timestamp":"2025-12-12 00:19:51"}
{"level":"info","limit":"100","message":"Query params: ","page":"1","timestamp":"2025-12-12 00:19:51"}
{"level":"info","message":"Cached Lecturers","timestamp":"2025-12-12 00:19:51"}
{"level":"http","message":"GET /api/v1/lecturers?page=1&limit=100 304 - - 31.534 ms","timestamp":"2025-12-12 00:19:51"}
{"level":"info","limit":"100","message":"Query params: ","page":"1","timestamp":"2025-12-12 00:21:03"}
{"level":"info","message":"Cached Lecturers","timestamp":"2025-12-12 00:21:03"}
{"level":"http","message":"GET /api/v1/lecturers?page=1&limit=100 304 - - 28.263 ms","timestamp":"2025-12-12 00:21:03"}
{"level":"info","limit":"100","message":"Query params: ","page":"1","timestamp":"2025-12-12 00:21:03"}
{"level":"info","message":"Cached Lecturers","timestamp":"2025-12-12 00:21:03"}
{"level":"http","message":"GET /api/v1/lecturers?page=1&limit=100 304 - - 28.260 ms","timestamp":"2025-12-12 00:21:03"}
{"level":"info","limit":"100","message":"Query params: ","page":"1","timestamp":"2025-12-12 00:24:15"}
{"level":"info","message":"Cached Lecturers","timestamp":"2025-12-12 00:24:15"}
{"level":"http","message":"GET /api/v1/lecturers?page=1&limit=100 304 - - 31.808 ms","timestamp":"2025-12-12 00:24:15"}
{"level":"info","limit":"100","message":"Query params: ","page":"1","timestamp":"2025-12-12 00:24:15"}
{"level":"info","message":"Cached Lecturers","timestamp":"2025-12-12 00:24:15"}
{"level":"http","message":"GET /api/v1/lecturers?page=1&limit=100 304 - - 28.411 ms","timestamp":"2025-12-12 00:24:15"}
{"level":"info","message":"Starting Connection Server","timestamp":"2025-12-12 00:32:47"}
{"code":"ESERVFAIL","hostname":"_mongodb._tcp.cluster0.8qnvp.mongodb.net","level":"error","message":"Failed to connect to MongoDB: querySrv ESERVFAIL _mongodb._tcp.cluster0.8qnvp.mongodb.net","stack":"Error: querySrv ESERVFAIL _mongodb._tcp.cluster0.8qnvp.mongodb.net\n    at QueryReqWrap.onresolve [as oncomplete] (node:internal/dns/promises:294:17)","syscall":"querySrv","timestamp":"2025-12-12 00:32:49"}
{"level":"info","message":"Retrying ... (5 attempts left)","timestamp":"2025-12-12 00:32:49"}
{"code":"ESERVFAIL","hostname":"_mongodb._tcp.cluster0.8qnvp.mongodb.net","level":"error","message":"Failed to connect to MongoDB: querySrv ESERVFAIL _mongodb._tcp.cluster0.8qnvp.mongodb.net","stack":"Error: querySrv ESERVFAIL _mongodb._tcp.cluster0.8qnvp.mongodb.net\n    at QueryReqWrap.onresolve [as oncomplete] (node:internal/dns/promises:294:17)","syscall":"querySrv","timestamp":"2025-12-12 00:32:49"}
{"level":"info","message":"Retrying ... (4 attempts left)","timestamp":"2025-12-12 00:32:49"}
{"code":"ESERVFAIL","hostname":"_mongodb._tcp.cluster0.8qnvp.mongodb.net","level":"error","message":"Failed to connect to MongoDB: querySrv ESERVFAIL _mongodb._tcp.cluster0.8qnvp.mongodb.net","stack":"Error: querySrv ESERVFAIL _mongodb._tcp.cluster0.8qnvp.mongodb.net\n    at QueryReqWrap.onresolve [as oncomplete] (node:internal/dns/promises:294:17)","syscall":"querySrv","timestamp":"2025-12-12 00:32:49"}
{"level":"info","message":"Retrying ... (3 attempts left)","timestamp":"2025-12-12 00:32:49"}
{"code":"ESERVFAIL","hostname":"_mongodb._tcp.cluster0.8qnvp.mongodb.net","level":"error","message":"Failed to connect to MongoDB: querySrv ESERVFAIL _mongodb._tcp.cluster0.8qnvp.mongodb.net","stack":"Error: querySrv ESERVFAIL _mongodb._tcp.cluster0.8qnvp.mongodb.net\n    at QueryReqWrap.onresolve [as oncomplete] (node:internal/dns/promises:294:17)","syscall":"querySrv","timestamp":"2025-12-12 00:32:49"}
{"level":"info","message":"Retrying ... (2 attempts left)","timestamp":"2025-12-12 00:32:49"}
{"code":"ESERVFAIL","hostname":"_mongodb._tcp.cluster0.8qnvp.mongodb.net","level":"error","message":"Failed to connect to MongoDB: querySrv ESERVFAIL _mongodb._tcp.cluster0.8qnvp.mongodb.net","stack":"Error: querySrv ESERVFAIL _mongodb._tcp.cluster0.8qnvp.mongodb.net\n    at QueryReqWrap.onresolve [as oncomplete] (node:internal/dns/promises:294:17)","syscall":"querySrv","timestamp":"2025-12-12 00:32:49"}
{"level":"info","message":"Retrying ... (1 attempts left)","timestamp":"2025-12-12 00:32:49"}
{"code":"ESERVFAIL","hostname":"_mongodb._tcp.cluster0.8qnvp.mongodb.net","level":"error","message":"Failed to connect to MongoDB: querySrv ESERVFAIL _mongodb._tcp.cluster0.8qnvp.mongodb.net","stack":"Error: querySrv ESERVFAIL _mongodb._tcp.cluster0.8qnvp.mongodb.net\n    at QueryReqWrap.onresolve [as oncomplete] (node:internal/dns/promises:294:17)","syscall":"querySrv","timestamp":"2025-12-12 00:32:49"}
{"level":"info","message":"Starting Connection Server","timestamp":"2025-12-12 00:35:20"}
{"level":"info","message":"Connected to MongoDB","timestamp":"2025-12-12 00:35:23"}
{"level":"info","message":"Conneting Rediss !!!","timestamp":"2025-12-12 00:35:23"}
{"level":"info","message":"Connected to Redis.","timestamp":"2025-12-12 00:35:24"}
{"level":"info","message":"Redis ready.","timestamp":"2025-12-12 00:35:24"}
{"level":"info","message":"🚀 Server running on port 5000","timestamp":"2025-12-12 00:35:24"}
{"level":"info","message":"📝 Environment: development","timestamp":"2025-12-12 00:35:24"}
{"level":"info","message":"Starting Connection Server","timestamp":"2025-12-12 00:35:36"}
{"code":"ESERVFAIL","hostname":"_mongodb._tcp.cluster0.8qnvp.mongodb.net","level":"error","message":"Failed to connect to MongoDB: querySrv ESERVFAIL _mongodb._tcp.cluster0.8qnvp.mongodb.net","stack":"Error: querySrv ESERVFAIL _mongodb._tcp.cluster0.8qnvp.mongodb.net\n    at QueryReqWrap.onresolve [as oncomplete] (node:internal/dns/promises:294:17)","syscall":"querySrv","timestamp":"2025-12-12 00:35:36"}
{"level":"info","message":"Retrying ... (5 attempts left)","timestamp":"2025-12-12 00:35:36"}
{"code":"ESERVFAIL","hostname":"_mongodb._tcp.cluster0.8qnvp.mongodb.net","level":"error","message":"Failed to connect to MongoDB: querySrv ESERVFAIL _mongodb._tcp.cluster0.8qnvp.mongodb.net","stack":"Error: querySrv ESERVFAIL _mongodb._tcp.cluster0.8qnvp.mongodb.net\n    at QueryReqWrap.onresolve [as oncomplete] (node:internal/dns/promises:294:17)","syscall":"querySrv","timestamp":"2025-12-12 00:35:36"}
{"level":"info","message":"Retrying ... (4 attempts left)","timestamp":"2025-12-12 00:35:36"}
{"code":"ESERVFAIL","hostname":"_mongodb._tcp.cluster0.8qnvp.mongodb.net","level":"error","message":"Failed to connect to MongoDB: querySrv ESERVFAIL _mongodb._tcp.cluster0.8qnvp.mongodb.net","stack":"Error: querySrv ESERVFAIL _mongodb._tcp.cluster0.8qnvp.mongodb.net\n    at QueryReqWrap.onresolve [as oncomplete] (node:internal/dns/promises:294:17)","syscall":"querySrv","timestamp":"2025-12-12 00:35:36"}
{"level":"info","message":"Retrying ... (3 attempts left)","timestamp":"2025-12-12 00:35:36"}
{"code":"ESERVFAIL","hostname":"_mongodb._tcp.cluster0.8qnvp.mongodb.net","level":"error","message":"Failed to connect to MongoDB: querySrv ESERVFAIL _mongodb._tcp.cluster0.8qnvp.mongodb.net","stack":"Error: querySrv ESERVFAIL _mongodb._tcp.cluster0.8qnvp.mongodb.net\n    at QueryReqWrap.onresolve [as oncomplete] (node:internal/dns/promises:294:17)","syscall":"querySrv","timestamp":"2025-12-12 00:35:36"}
{"level":"info","message":"Retrying ... (2 attempts left)","timestamp":"2025-12-12 00:35:36"}
{"code":"ESERVFAIL","hostname":"_mongodb._tcp.cluster0.8qnvp.mongodb.net","level":"error","message":"Failed to connect to MongoDB: querySrv ESERVFAIL _mongodb._tcp.cluster0.8qnvp.mongodb.net","stack":"Error: querySrv ESERVFAIL _mongodb._tcp.cluster0.8qnvp.mongodb.net\n    at QueryReqWrap.onresolve [as oncomplete] (node:internal/dns/promises:294:17)","syscall":"querySrv","timestamp":"2025-12-12 00:35:36"}
{"level":"info","message":"Retrying ... (1 attempts left)","timestamp":"2025-12-12 00:35:36"}
{"code":"ESERVFAIL","hostname":"_mongodb._tcp.cluster0.8qnvp.mongodb.net","level":"error","message":"Failed to connect to MongoDB: querySrv ESERVFAIL _mongodb._tcp.cluster0.8qnvp.mongodb.net","stack":"Error: querySrv ESERVFAIL _mongodb._tcp.cluster0.8qnvp.mongodb.net\n    at QueryReqWrap.onresolve [as oncomplete] (node:internal/dns/promises:294:17)","syscall":"querySrv","timestamp":"2025-12-12 00:35:36"}
{"level":"info","message":"Starting Connection Server","timestamp":"2025-12-12 00:36:47"}
{"level":"info","message":"Connected to MongoDB","timestamp":"2025-12-12 00:36:50"}
{"level":"info","message":"Conneting Rediss !!!","timestamp":"2025-12-12 00:36:50"}
{"level":"info","message":"Connected to Redis.","timestamp":"2025-12-12 00:36:50"}
{"level":"info","message":"Redis ready.","timestamp":"2025-12-12 00:36:50"}
{"level":"info","message":"🚀 Server running on port 5000","timestamp":"2025-12-12 00:36:50"}
{"level":"info","message":"📝 Environment: development","timestamp":"2025-12-12 00:36:50"}
{"level":"info","limit":"100","message":"Query params: ","page":"1","timestamp":"2025-12-12 00:36:52"}
{"level":"info","message":"Cached Lecturers","timestamp":"2025-12-12 00:36:52"}
{"level":"http","message":"GET /api/v1/lecturers?page=1&limit=100 304 - - 183.590 ms","timestamp":"2025-12-12 00:36:52"}
{"level":"info","limit":"100","message":"Query params: ","page":"1","timestamp":"2025-12-12 00:36:52"}
{"level":"info","message":"Cached Lecturers","timestamp":"2025-12-12 00:36:52"}
{"level":"http","message":"GET /api/v1/lecturers?page=1&limit=100 304 - - 27.462 ms","timestamp":"2025-12-12 00:36:52"}
{"level":"info","limit":"100","message":"Query params: ","page":"1","timestamp":"2025-12-12 00:38:10"}
{"level":"info","message":"Cached Lecturers","timestamp":"2025-12-12 00:38:10"}
{"level":"http","message":"GET /api/v1/lecturers?page=1&limit=100 304 - - 27.698 ms","timestamp":"2025-12-12 00:38:10"}
{"level":"info","limit":"100","message":"Query params: ","page":"1","timestamp":"2025-12-12 00:38:10"}
{"level":"info","message":"Cached Lecturers","timestamp":"2025-12-12 00:38:10"}
{"level":"http","message":"GET /api/v1/lecturers?page=1&limit=100 304 - - 28.908 ms","timestamp":"2025-12-12 00:38:10"}
{"level":"info","limit":"100","message":"Query params: ","page":"1","timestamp":"2025-12-12 00:39:33"}
{"level":"info","message":"Cached Lecturers","timestamp":"2025-12-12 00:39:33"}
{"level":"http","message":"GET /api/v1/lecturers?page=1&limit=100 304 - - 28.697 ms","timestamp":"2025-12-12 00:39:33"}
{"level":"info","limit":"100","message":"Query params: ","page":"1","timestamp":"2025-12-12 00:39:33"}
{"level":"info","message":"Cached Lecturers","timestamp":"2025-12-12 00:39:33"}
{"level":"http","message":"GET /api/v1/lecturers?page=1&limit=100 304 - - 25.571 ms","timestamp":"2025-12-12 00:39:33"}
