{"level":"info","message":"Starting Connection Server","timestamp":"2025-12-17 12:24:29"}
{"cause":{"commonWireVersion":0,"compatible":true,"heartbeatFrequencyMS":10000,"localThresholdMS":15,"logicalSessionTimeoutMinutes":null,"maxElectionId":null,"maxSetVersion":null,"servers":{"ac-t823wbu-shard-00-00.zg6lcna.mongodb.net:27017":{"$clusterTime":null,"address":"ac-t823wbu-shard-00-00.zg6lcna.mongodb.net:27017","arbiters":[],"electionId":null,"error":null,"hosts":[],"iscryptd":false,"lastUpdateTime":17271753,"lastWriteDate":0,"logicalSessionTimeoutMinutes":null,"maxBsonObjectSize":null,"maxMessageSizeBytes":null,"maxWireVersion":0,"maxWriteBatchSize":null,"me":null,"minRoundTripTime":0,"minWireVersion":0,"passives":[],"primary":null,"roundTripTime":-1,"setName":null,"setVersion":null,"tags":{},"topologyVersion":null,"type":"Unknown"},"ac-t823wbu-shard-00-01.zg6lcna.mongodb.net:27017":{"$clusterTime":null,"address":"ac-t823wbu-shard-00-01.zg6lcna.mongodb.net:27017","arbiters":[],"electionId":null,"error":null,"hosts":[],"iscryptd":false,"lastUpdateTime":17271753,"lastWriteDate":0,"logicalSessionTimeoutMinutes":null,"maxBsonObjectSize":null,"maxMessageSizeBytes":null,"maxWireVersion":0,"maxWriteBatchSize":null,"me":null,"minRoundTripTime":0,"minWireVersion":0,"passives":[],"primary":null,"roundTripTime":-1,"setName":null,"setVersion":null,"tags":{},"topologyVersion":null,"type":"Unknown"},"ac-t823wbu-shard-00-02.zg6lcna.mongodb.net:27017":{"$clusterTime":null,"address":"ac-t823wbu-shard-00-02.zg6lcna.mongodb.net:27017","arbiters":[],"electionId":null,"error":null,"hosts":[],"iscryptd":false,"lastUpdateTime":17271753,"lastWriteDate":0,"logicalSessionTimeoutMinutes":null,"maxBsonObjectSize":null,"maxMessageSizeBytes":null,"maxWireVersion":0,"maxWriteBatchSize":null,"me":null,"minRoundTripTime":0,"minWireVersion":0,"passives":[],"primary":null,"roundTripTime":-1,"setName":null,"setVersion":null,"tags":{},"topologyVersion":null,"type":"Unknown"}},"setName":"atlas-ziv5fc-shard-0","stale":false,"type":"ReplicaSetNoPrimary"},"errorLabelSet":{},"level":"error","message":"Could not connect to any servers in your MongoDB Atlas cluster. One common reason is that you're trying to access the database from an IP that isn't whitelisted. Make sure your current IP address is on your Atlas cluster's IP whitelist: https://www.mongodb.com/docs/atlas/security-whitelist/","reason":{"commonWireVersion":0,"compatible":true,"heartbeatFrequencyMS":10000,"localThresholdMS":15,"logicalSessionTimeoutMinutes":null,"maxElectionId":null,"maxSetVersion":null,"servers":{"ac-t823wbu-shard-00-00.zg6lcna.mongodb.net:27017":{"$clusterTime":null,"address":"ac-t823wbu-shard-00-00.zg6lcna.mongodb.net:27017","arbiters":[],"electionId":null,"error":null,"hosts":[],"iscryptd":false,"lastUpdateTime":17271753,"lastWriteDate":0,"logicalSessionTimeoutMinutes":null,"maxBsonObjectSize":null,"maxMessageSizeBytes":null,"maxWireVersion":0,"maxWriteBatchSize":null,"me":null,"minRoundTripTime":0,"minWireVersion":0,"passives":[],"primary":null,"roundTripTime":-1,"setName":null,"setVersion":null,"tags":{},"topologyVersion":null,"type":"Unknown"},"ac-t823wbu-shard-00-01.zg6lcna.mongodb.net:27017":{"$clusterTime":null,"address":"ac-t823wbu-shard-00-01.zg6lcna.mongodb.net:27017","arbiters":[],"electionId":null,"error":null,"hosts":[],"iscryptd":false,"lastUpdateTime":17271753,"lastWriteDate":0,"logicalSessionTimeoutMinutes":null,"maxBsonObjectSize":null,"maxMessageSizeBytes":null,"maxWireVersion":0,"maxWriteBatchSize":null,"me":null,"minRoundTripTime":0,"minWireVersion":0,"passives":[],"primary":null,"roundTripTime":-1,"setName":null,"setVersion":null,"tags":{},"topologyVersion":null,"type":"Unknown"},"ac-t823wbu-shard-00-02.zg6lcna.mongodb.net:27017":{"$clusterTime":null,"address":"ac-t823wbu-shard-00-02.zg6lcna.mongodb.net:27017","arbiters":[],"electionId":null,"error":null,"hosts":[],"iscryptd":false,"lastUpdateTime":17271753,"lastWriteDate":0,"logicalSessionTimeoutMinutes":null,"maxBsonObjectSize":null,"maxMessageSizeBytes":null,"maxWireVersion":0,"maxWriteBatchSize":null,"me":null,"minRoundTripTime":0,"minWireVersion":0,"passives":[],"primary":null,"roundTripTime":-1,"setName":null,"setVersion":null,"tags":{},"topologyVersion":null,"type":"Unknown"}},"setName":"atlas-ziv5fc-shard-0","stale":false,"type":"ReplicaSetNoPrimary"},"stack":"MongooseServerSelectionError: Could not connect to any servers in your MongoDB Atlas cluster. One common reason is that you're trying to access the database from an IP that isn't whitelisted. Make sure your current IP address is on your Atlas cluster's IP whitelist: https://www.mongodb.com/docs/atlas/security-whitelist/\n    at _handleConnectionErrors (E:\\WebApps\\Website-S1-TI\\backend\\node_modules\\mongoose\\lib\\connection.js:1169:11)\n    at NativeConnection.openUri (E:\\WebApps\\Website-S1-TI\\backend\\node_modules\\mongoose\\lib\\connection.js:1100:11)\n    at async mongoConnect (E:\\WebApps\\Website-S1-TI\\backend\\src\\config\\database.ts:17:5)\n    at async startServer (E:\\WebApps\\Website-S1-TI\\backend\\src\\server.ts:12:5)","timestamp":"2025-12-17 12:24:48"}
{"level":"info","message":"Retrying ... (5 attempts left)","timestamp":"2025-12-17 12:24:48"}
{"cause":{"commonWireVersion":0,"compatible":true,"heartbeatFrequencyMS":10000,"localThresholdMS":15,"logicalSessionTimeoutMinutes":null,"maxElectionId":null,"maxSetVersion":null,"servers":{"ac-t823wbu-shard-00-00.zg6lcna.mongodb.net:27017":{"$clusterTime":null,"address":"ac-t823wbu-shard-00-00.zg6lcna.mongodb.net:27017","arbiters":[],"electionId":null,"error":null,"hosts":[],"iscryptd":false,"lastUpdateTime":17291493,"lastWriteDate":0,"logicalSessionTimeoutMinutes":null,"maxBsonObjectSize":null,"maxMessageSizeBytes":null,"maxWireVersion":0,"maxWriteBatchSize":null,"me":null,"minRoundTripTime":0,"minWireVersion":0,"passives":[],"primary":null,"roundTripTime":-1,"setName":null,"setVersion":null,"tags":{},"topologyVersion":null,"type":"Unknown"},"ac-t823wbu-shard-00-01.zg6lcna.mongodb.net:27017":{"$clusterTime":null,"address":"ac-t823wbu-shard-00-01.zg6lcna.mongodb.net:27017","arbiters":[],"electionId":null,"error":null,"hosts":[],"iscryptd":false,"lastUpdateTime":17291493,"lastWriteDate":0,"logicalSessionTimeoutMinutes":null,"maxBsonObjectSize":null,"maxMessageSizeBytes":null,"maxWireVersion":0,"maxWriteBatchSize":null,"me":null,"minRoundTripTime":0,"minWireVersion":0,"passives":[],"primary":null,"roundTripTime":-1,"setName":null,"setVersion":null,"tags":{},"topologyVersion":null,"type":"Unknown"},"ac-t823wbu-shard-00-02.zg6lcna.mongodb.net:27017":{"$clusterTime":null,"address":"ac-t823wbu-shard-00-02.zg6lcna.mongodb.net:27017","arbiters":[],"electionId":null,"error":null,"hosts":[],"iscryptd":false,"lastUpdateTime":17291493,"lastWriteDate":0,"logicalSessionTimeoutMinutes":null,"maxBsonObjectSize":null,"maxMessageSizeBytes":null,"maxWireVersion":0,"maxWriteBatchSize":null,"me":null,"minRoundTripTime":0,"minWireVersion":0,"passives":[],"primary":null,"roundTripTime":-1,"setName":null,"setVersion":null,"tags":{},"topologyVersion":null,"type":"Unknown"}},"setName":"atlas-ziv5fc-shard-0","stale":false,"type":"ReplicaSetNoPrimary"},"errorLabelSet":{},"level":"error","message":"Could not connect to any servers in your MongoDB Atlas cluster. One common reason is that you're trying to access the database from an IP that isn't whitelisted. Make sure your current IP address is on your Atlas cluster's IP whitelist: https://www.mongodb.com/docs/atlas/security-whitelist/","reason":{"commonWireVersion":0,"compatible":true,"heartbeatFrequencyMS":10000,"localThresholdMS":15,"logicalSessionTimeoutMinutes":null,"maxElectionId":null,"maxSetVersion":null,"servers":{"ac-t823wbu-shard-00-00.zg6lcna.mongodb.net:27017":{"$clusterTime":null,"address":"ac-t823wbu-shard-00-00.zg6lcna.mongodb.net:27017","arbiters":[],"electionId":null,"error":null,"hosts":[],"iscryptd":false,"lastUpdateTime":17291493,"lastWriteDate":0,"logicalSessionTimeoutMinutes":null,"maxBsonObjectSize":null,"maxMessageSizeBytes":null,"maxWireVersion":0,"maxWriteBatchSize":null,"me":null,"minRoundTripTime":0,"minWireVersion":0,"passives":[],"primary":null,"roundTripTime":-1,"setName":null,"setVersion":null,"tags":{},"topologyVersion":null,"type":"Unknown"},"ac-t823wbu-shard-00-01.zg6lcna.mongodb.net:27017":{"$clusterTime":null,"address":"ac-t823wbu-shard-00-01.zg6lcna.mongodb.net:27017","arbiters":[],"electionId":null,"error":null,"hosts":[],"iscryptd":false,"lastUpdateTime":17291493,"lastWriteDate":0,"logicalSessionTimeoutMinutes":null,"maxBsonObjectSize":null,"maxMessageSizeBytes":null,"maxWireVersion":0,"maxWriteBatchSize":null,"me":null,"minRoundTripTime":0,"minWireVersion":0,"passives":[],"primary":null,"roundTripTime":-1,"setName":null,"setVersion":null,"tags":{},"topologyVersion":null,"type":"Unknown"},"ac-t823wbu-shard-00-02.zg6lcna.mongodb.net:27017":{"$clusterTime":null,"address":"ac-t823wbu-shard-00-02.zg6lcna.mongodb.net:27017","arbiters":[],"electionId":null,"error":null,"hosts":[],"iscryptd":false,"lastUpdateTime":17291493,"lastWriteDate":0,"logicalSessionTimeoutMinutes":null,"maxBsonObjectSize":null,"maxMessageSizeBytes":null,"maxWireVersion":0,"maxWriteBatchSize":null,"me":null,"minRoundTripTime":0,"minWireVersion":0,"passives":[],"primary":null,"roundTripTime":-1,"setName":null,"setVersion":null,"tags":{},"topologyVersion":null,"type":"Unknown"}},"setName":"atlas-ziv5fc-shard-0","stale":false,"type":"ReplicaSetNoPrimary"},"stack":"MongooseServerSelectionError: Could not connect to any servers in your MongoDB Atlas cluster. One common reason is that you're trying to access the database from an IP that isn't whitelisted. Make sure your current IP address is on your Atlas cluster's IP whitelist: https://www.mongodb.com/docs/atlas/security-whitelist/\n    at _handleConnectionErrors (E:\\WebApps\\Website-S1-TI\\backend\\node_modules\\mongoose\\lib\\connection.js:1169:11)\n    at NativeConnection.openUri (E:\\WebApps\\Website-S1-TI\\backend\\node_modules\\mongoose\\lib\\connection.js:1100:11)\n    at async mongoConnect (E:\\WebApps\\Website-S1-TI\\backend\\src\\config\\database.ts:17:5)\n    at async startServer (E:\\WebApps\\Website-S1-TI\\backend\\src\\server.ts:12:5)","timestamp":"2025-12-17 12:24:57"}
{"level":"info","message":"Retrying ... (4 attempts left)","timestamp":"2025-12-17 12:24:57"}
{"level":"info","message":"Connected to MongoDB","timestamp":"2025-12-17 12:24:59"}
{"level":"info","message":"Conneting Rediss !!!","timestamp":"2025-12-17 12:24:59"}
{"level":"info","message":"Connected to Redis.","timestamp":"2025-12-17 12:24:59"}
{"level":"info","message":"Redis ready.","timestamp":"2025-12-17 12:24:59"}
{"level":"info","message":"🚀 Server running on port 5000","timestamp":"2025-12-17 12:25:00"}
{"level":"info","message":"📝 Environment: development","timestamp":"2025-12-17 12:25:00"}
{"level":"info","message":"Starting Connection Server","timestamp":"2025-12-17 12:34:46"}
{"level":"info","message":"Connected to MongoDB","timestamp":"2025-12-17 12:34:47"}
{"level":"info","message":"Conneting Rediss !!!","timestamp":"2025-12-17 12:34:47"}
{"level":"info","message":"Connected to Redis.","timestamp":"2025-12-17 12:34:47"}
{"level":"info","message":"Redis ready.","timestamp":"2025-12-17 12:34:47"}
{"level":"info","message":"🚀 Server running on port 5000","timestamp":"2025-12-17 12:34:47"}
{"level":"info","message":"📝 Environment: development","timestamp":"2025-12-17 12:34:47"}
{"level":"info","message":"Starting Connection Server","timestamp":"2025-12-17 12:42:28"}
{"level":"info","message":"Connected to MongoDB","timestamp":"2025-12-17 12:42:28"}
{"level":"info","message":"Conneting Rediss !!!","timestamp":"2025-12-17 12:42:28"}
{"level":"info","message":"Connected to Redis.","timestamp":"2025-12-17 12:42:28"}
{"level":"info","message":"Redis ready.","timestamp":"2025-12-17 12:42:28"}
{"level":"info","message":"🚀 Server running on port 5000","timestamp":"2025-12-17 12:42:28"}
{"level":"info","message":"📝 Environment: development","timestamp":"2025-12-17 12:42:28"}
{"level":"info","message":"Starting Connection Server","timestamp":"2025-12-17 12:52:20"}
{"level":"info","message":"Connected to MongoDB","timestamp":"2025-12-17 12:52:22"}
{"level":"info","message":"Conneting Rediss !!!","timestamp":"2025-12-17 12:52:22"}
{"level":"info","message":"Connected to Redis.","timestamp":"2025-12-17 12:52:22"}
{"level":"info","message":"Redis ready.","timestamp":"2025-12-17 12:52:22"}
{"level":"info","message":"🚀 Server running on port 5000","timestamp":"2025-12-17 12:52:22"}
{"level":"info","message":"📝 Environment: development","timestamp":"2025-12-17 12:52:22"}
{"level":"info","message":"Starting Connection Server","timestamp":"2025-12-17 12:57:50"}
{"level":"info","message":"Connected to MongoDB","timestamp":"2025-12-17 12:57:51"}
{"level":"info","message":"Conneting Rediss !!!","timestamp":"2025-12-17 12:57:51"}
{"level":"info","message":"Connected to Redis.","timestamp":"2025-12-17 12:57:51"}
{"level":"info","message":"Redis ready.","timestamp":"2025-12-17 12:57:51"}
{"level":"info","message":"🚀 Server running on port 5000","timestamp":"2025-12-17 12:57:51"}
{"level":"info","message":"📝 Environment: development","timestamp":"2025-12-17 12:57:51"}
{"level":"info","message":"Starting Connection Server","timestamp":"2025-12-17 13:03:23"}
{"level":"info","message":"Connected to MongoDB","timestamp":"2025-12-17 13:03:23"}
{"level":"info","message":"Conneting Rediss !!!","timestamp":"2025-12-17 13:03:23"}
{"level":"info","message":"Connected to Redis.","timestamp":"2025-12-17 13:03:23"}
{"level":"info","message":"Redis ready.","timestamp":"2025-12-17 13:03:24"}
{"level":"info","message":"🚀 Server running on port 5000","timestamp":"2025-12-17 13:03:24"}
{"level":"info","message":"📝 Environment: development","timestamp":"2025-12-17 13:03:24"}
{"level":"info","message":"Starting Connection Server","timestamp":"2025-12-17 13:05:03"}
{"level":"info","message":"Connected to MongoDB","timestamp":"2025-12-17 13:05:04"}
{"level":"info","message":"Conneting Rediss !!!","timestamp":"2025-12-17 13:05:04"}
{"level":"info","message":"Connected to Redis.","timestamp":"2025-12-17 13:05:04"}
{"level":"info","message":"Redis ready.","timestamp":"2025-12-17 13:05:04"}
{"level":"info","message":"🚀 Server running on port 5000","timestamp":"2025-12-17 13:05:04"}
{"level":"info","message":"📝 Environment: development","timestamp":"2025-12-17 13:05:04"}
{"level":"info","message":"Starting Connection Server","timestamp":"2025-12-17 13:05:27"}
{"level":"info","message":"Connected to MongoDB","timestamp":"2025-12-17 13:05:27"}
{"level":"info","message":"Conneting Rediss !!!","timestamp":"2025-12-17 13:05:27"}
{"level":"info","message":"Connected to Redis.","timestamp":"2025-12-17 13:05:27"}
{"level":"info","message":"Redis ready.","timestamp":"2025-12-17 13:05:27"}
{"level":"info","message":"🚀 Server running on port 5000","timestamp":"2025-12-17 13:05:27"}
{"level":"info","message":"📝 Environment: development","timestamp":"2025-12-17 13:05:27"}
{"level":"info","message":"Starting Connection Server","timestamp":"2025-12-17 13:06:46"}
{"level":"info","message":"Connected to MongoDB","timestamp":"2025-12-17 13:06:47"}
{"level":"info","message":"Conneting Rediss !!!","timestamp":"2025-12-17 13:06:47"}
{"level":"info","message":"Connected to Redis.","timestamp":"2025-12-17 13:06:47"}
{"level":"info","message":"Redis ready.","timestamp":"2025-12-17 13:06:47"}
{"level":"info","message":"🚀 Server running on port 5000","timestamp":"2025-12-17 13:06:47"}
{"level":"info","message":"📝 Environment: development","timestamp":"2025-12-17 13:06:47"}
{"level":"info","message":"Starting Connection Server","timestamp":"2025-12-17 13:12:44"}
{"level":"info","message":"Connected to MongoDB","timestamp":"2025-12-17 13:12:47"}
{"level":"info","message":"Conneting Rediss !!!","timestamp":"2025-12-17 13:12:47"}
{"level":"info","message":"Connected to Redis.","timestamp":"2025-12-17 13:12:47"}
{"level":"info","message":"Redis ready.","timestamp":"2025-12-17 13:12:47"}
{"level":"info","message":"🚀 Server running on port 5000","timestamp":"2025-12-17 13:12:47"}
{"level":"info","message":"📝 Environment: development","timestamp":"2025-12-17 13:12:47"}
{"level":"info","message":"Starting Connection Server","timestamp":"2025-12-17 13:14:46"}
{"level":"info","message":"Connected to MongoDB","timestamp":"2025-12-17 13:14:47"}
{"level":"info","message":"Conneting Rediss !!!","timestamp":"2025-12-17 13:14:47"}
{"level":"info","message":"Connected to Redis.","timestamp":"2025-12-17 13:14:47"}
{"level":"info","message":"Redis ready.","timestamp":"2025-12-17 13:14:47"}
{"level":"info","message":"🚀 Server running on port 5000","timestamp":"2025-12-17 13:14:47"}
{"level":"info","message":"📝 Environment: development","timestamp":"2025-12-17 13:14:47"}
{"level":"info","message":"Starting Connection Server","timestamp":"2025-12-17 13:15:17"}
{"level":"info","message":"Connected to MongoDB","timestamp":"2025-12-17 13:15:17"}
{"level":"info","message":"Conneting Rediss !!!","timestamp":"2025-12-17 13:15:17"}
{"level":"info","message":"Connected to Redis.","timestamp":"2025-12-17 13:15:17"}
{"level":"info","message":"Redis ready.","timestamp":"2025-12-17 13:15:17"}
{"level":"info","message":"🚀 Server running on port 5000","timestamp":"2025-12-17 13:15:17"}
{"level":"info","message":"📝 Environment: development","timestamp":"2025-12-17 13:15:17"}
{"level":"info","message":"Starting Connection Server","timestamp":"2025-12-17 13:17:50"}
{"level":"info","message":"Connected to MongoDB","timestamp":"2025-12-17 13:17:50"}
{"level":"info","message":"Conneting Rediss !!!","timestamp":"2025-12-17 13:17:50"}
{"level":"info","message":"Connected to Redis.","timestamp":"2025-12-17 13:17:50"}
{"level":"info","message":"Redis ready.","timestamp":"2025-12-17 13:17:50"}
{"level":"info","message":"🚀 Server running on port 5000","timestamp":"2025-12-17 13:17:50"}
{"level":"info","message":"📝 Environment: development","timestamp":"2025-12-17 13:17:50"}
{"level":"info","message":"Starting Connection Server","timestamp":"2025-12-17 13:18:58"}
{"level":"info","message":"Connected to MongoDB","timestamp":"2025-12-17 13:19:00"}
{"level":"info","message":"Conneting Rediss !!!","timestamp":"2025-12-17 13:19:00"}
{"level":"info","message":"Connected to Redis.","timestamp":"2025-12-17 13:19:00"}
{"level":"info","message":"Redis ready.","timestamp":"2025-12-17 13:19:00"}
{"level":"info","message":"🚀 Server running on port 5000","timestamp":"2025-12-17 13:19:00"}
{"level":"info","message":"📝 Environment: development","timestamp":"2025-12-17 13:19:00"}
{"level":"info","message":"Starting Connection Server","timestamp":"2025-12-17 13:22:21"}
{"level":"info","message":"Connected to MongoDB","timestamp":"2025-12-17 13:22:22"}
{"level":"info","message":"Conneting Rediss !!!","timestamp":"2025-12-17 13:22:22"}
{"level":"info","message":"Connected to Redis.","timestamp":"2025-12-17 13:22:22"}
{"level":"info","message":"Redis ready.","timestamp":"2025-12-17 13:22:22"}
{"level":"info","message":"🚀 Server running on port 5000","timestamp":"2025-12-17 13:22:22"}
{"level":"info","message":"📝 Environment: development","timestamp":"2025-12-17 13:22:22"}
{"level":"info","message":"Starting Connection Server","timestamp":"2025-12-17 13:28:10"}
{"level":"info","message":"Connected to MongoDB","timestamp":"2025-12-17 13:28:12"}
{"level":"info","message":"Conneting Rediss !!!","timestamp":"2025-12-17 13:28:12"}
{"level":"info","message":"Connected to Redis.","timestamp":"2025-12-17 13:28:12"}
{"level":"info","message":"Redis ready.","timestamp":"2025-12-17 13:28:12"}
{"level":"info","message":"🚀 Server running on port 5000","timestamp":"2025-12-17 13:28:12"}
{"level":"info","message":"📝 Environment: development","timestamp":"2025-12-17 13:28:12"}
{"level":"info","message":"Starting Connection Server","timestamp":"2025-12-17 13:29:23"}
{"level":"info","message":"Connected to MongoDB","timestamp":"2025-12-17 13:29:25"}
{"level":"info","message":"Conneting Rediss !!!","timestamp":"2025-12-17 13:29:25"}
{"level":"info","message":"Connected to Redis.","timestamp":"2025-12-17 13:29:25"}
{"level":"info","message":"Redis ready.","timestamp":"2025-12-17 13:29:25"}
{"level":"info","message":"🚀 Server running on port 5000","timestamp":"2025-12-17 13:29:25"}
{"level":"info","message":"📝 Environment: development","timestamp":"2025-12-17 13:29:26"}
{"level":"info","message":"Starting Connection Server","timestamp":"2025-12-17 13:30:02"}
{"level":"info","message":"Connected to MongoDB","timestamp":"2025-12-17 13:30:02"}
{"level":"info","message":"Conneting Rediss !!!","timestamp":"2025-12-17 13:30:02"}
{"level":"info","message":"Connected to Redis.","timestamp":"2025-12-17 13:30:02"}
{"level":"info","message":"Redis ready.","timestamp":"2025-12-17 13:30:02"}
{"level":"info","message":"🚀 Server running on port 5000","timestamp":"2025-12-17 13:30:02"}
{"level":"info","message":"📝 Environment: development","timestamp":"2025-12-17 13:30:02"}
{"level":"info","message":"Starting Connection Server","timestamp":"2025-12-17 13:31:14"}
{"level":"info","message":"Connected to MongoDB","timestamp":"2025-12-17 13:31:15"}
{"level":"info","message":"Conneting Rediss !!!","timestamp":"2025-12-17 13:31:15"}
{"level":"info","message":"Connected to Redis.","timestamp":"2025-12-17 13:31:15"}
{"level":"info","message":"Redis ready.","timestamp":"2025-12-17 13:31:15"}
{"level":"info","message":"🚀 Server running on port 5000","timestamp":"2025-12-17 13:31:15"}
{"level":"info","message":"📝 Environment: development","timestamp":"2025-12-17 13:31:15"}
{"level":"info","message":"Starting Connection Server","timestamp":"2025-12-17 13:33:21"}
{"level":"info","message":"Connected to MongoDB","timestamp":"2025-12-17 13:33:22"}
{"level":"info","message":"Conneting Rediss !!!","timestamp":"2025-12-17 13:33:22"}
{"level":"info","message":"Connected to Redis.","timestamp":"2025-12-17 13:33:22"}
{"level":"info","message":"Redis ready.","timestamp":"2025-12-17 13:33:22"}
{"level":"info","message":"🚀 Server running on port 5000","timestamp":"2025-12-17 13:33:22"}
{"level":"info","message":"📝 Environment: development","timestamp":"2025-12-17 13:33:22"}
{"level":"info","message":"Starting Connection Server","timestamp":"2025-12-17 13:35:47"}
{"level":"info","message":"Connected to MongoDB","timestamp":"2025-12-17 13:35:49"}
{"level":"info","message":"Conneting Rediss !!!","timestamp":"2025-12-17 13:35:49"}
{"level":"info","message":"Connected to Redis.","timestamp":"2025-12-17 13:35:49"}
{"level":"info","message":"Redis ready.","timestamp":"2025-12-17 13:35:49"}
{"level":"info","message":"🚀 Server running on port 5000","timestamp":"2025-12-17 13:35:49"}
{"level":"info","message":"📝 Environment: development","timestamp":"2025-12-17 13:35:49"}
{"level":"info","message":"Starting Connection Server","timestamp":"2025-12-17 13:36:14"}
{"level":"info","message":"Connected to MongoDB","timestamp":"2025-12-17 13:36:14"}
{"level":"info","message":"Conneting Rediss !!!","timestamp":"2025-12-17 13:36:14"}
{"level":"info","message":"Connected to Redis.","timestamp":"2025-12-17 13:36:14"}
{"level":"info","message":"Redis ready.","timestamp":"2025-12-17 13:36:14"}
{"level":"info","message":"🚀 Server running on port 5000","timestamp":"2025-12-17 13:36:14"}
{"level":"info","message":"📝 Environment: development","timestamp":"2025-12-17 13:36:14"}
{"level":"info","message":"Starting Connection Server","timestamp":"2025-12-17 13:38:22"}
{"level":"info","message":"Connected to MongoDB","timestamp":"2025-12-17 13:38:22"}
{"level":"info","message":"Conneting Rediss !!!","timestamp":"2025-12-17 13:38:22"}
{"level":"info","message":"Connected to Redis.","timestamp":"2025-12-17 13:38:22"}
{"level":"info","message":"Redis ready.","timestamp":"2025-12-17 13:38:22"}
{"level":"info","message":"🚀 Server running on port 5000","timestamp":"2025-12-17 13:38:22"}
{"level":"info","message":"📝 Environment: development","timestamp":"2025-12-17 13:38:22"}
{"level":"info","message":"Starting Connection Server","timestamp":"2025-12-17 13:45:19"}
{"level":"info","message":"Connected to MongoDB","timestamp":"2025-12-17 13:45:21"}
{"level":"info","message":"Conneting Rediss !!!","timestamp":"2025-12-17 13:45:21"}
{"level":"info","message":"Connected to Redis.","timestamp":"2025-12-17 13:45:21"}
{"level":"info","message":"Redis ready.","timestamp":"2025-12-17 13:45:21"}
{"level":"info","message":"🚀 Server running on port 5000","timestamp":"2025-12-17 13:45:21"}
{"level":"info","message":"📝 Environment: development","timestamp":"2025-12-17 13:45:21"}
{"level":"info","message":"Starting Connection Server","timestamp":"2025-12-17 13:46:09"}
{"level":"info","message":"Connected to MongoDB","timestamp":"2025-12-17 13:46:09"}
{"level":"info","message":"Conneting Rediss !!!","timestamp":"2025-12-17 13:46:09"}
{"level":"info","message":"Connected to Redis.","timestamp":"2025-12-17 13:46:09"}
{"level":"info","message":"Redis ready.","timestamp":"2025-12-17 13:46:10"}
{"level":"info","message":"🚀 Server running on port 5000","timestamp":"2025-12-17 13:46:10"}
{"level":"info","message":"📝 Environment: development","timestamp":"2025-12-17 13:46:10"}
{"level":"info","message":"Starting Connection Server","timestamp":"2025-12-17 13:46:38"}
{"level":"info","message":"Connected to MongoDB","timestamp":"2025-12-17 13:46:38"}
{"level":"info","message":"Conneting Rediss !!!","timestamp":"2025-12-17 13:46:38"}
{"level":"info","message":"Connected to Redis.","timestamp":"2025-12-17 13:46:39"}
{"level":"info","message":"Redis ready.","timestamp":"2025-12-17 13:46:39"}
{"level":"info","message":"🚀 Server running on port 5000","timestamp":"2025-12-17 13:46:39"}
{"level":"info","message":"📝 Environment: development","timestamp":"2025-12-17 13:46:39"}
{"level":"info","message":"Starting Connection Server","timestamp":"2025-12-17 13:47:09"}
{"level":"info","message":"Connected to MongoDB","timestamp":"2025-12-17 13:47:09"}
{"level":"info","message":"Conneting Rediss !!!","timestamp":"2025-12-17 13:47:09"}
{"level":"info","message":"Connected to Redis.","timestamp":"2025-12-17 13:47:09"}
{"level":"info","message":"Redis ready.","timestamp":"2025-12-17 13:47:09"}
{"level":"info","message":"🚀 Server running on port 5000","timestamp":"2025-12-17 13:47:09"}
{"level":"info","message":"📝 Environment: development","timestamp":"2025-12-17 13:47:09"}
{"level":"info","message":"Starting Connection Server","timestamp":"2025-12-17 13:47:52"}
{"level":"info","message":"Connected to MongoDB","timestamp":"2025-12-17 13:47:54"}
{"level":"info","message":"Conneting Rediss !!!","timestamp":"2025-12-17 13:47:54"}
{"level":"info","message":"Connected to Redis.","timestamp":"2025-12-17 13:47:54"}
{"level":"info","message":"Redis ready.","timestamp":"2025-12-17 13:47:54"}
{"level":"info","message":"🚀 Server running on port 5000","timestamp":"2025-12-17 13:47:54"}
{"level":"info","message":"📝 Environment: development","timestamp":"2025-12-17 13:47:54"}
{"level":"info","message":"Starting Connection Server","timestamp":"2025-12-17 13:50:42"}
{"level":"info","message":"Connected to MongoDB","timestamp":"2025-12-17 13:50:43"}
{"level":"info","message":"Conneting Rediss !!!","timestamp":"2025-12-17 13:50:43"}
{"level":"info","message":"Connected to Redis.","timestamp":"2025-12-17 13:50:43"}
{"level":"info","message":"Redis ready.","timestamp":"2025-12-17 13:50:43"}
{"level":"info","message":"🚀 Server running on port 5000","timestamp":"2025-12-17 13:50:43"}
{"level":"info","message":"📝 Environment: development","timestamp":"2025-12-17 13:50:43"}
{"level":"info","message":"SIGINT received. Closing server gracefully...","timestamp":"2025-12-17 13:55:36"}
{"level":"info","message":"Disconnected from MongoDB","timestamp":"2025-12-17 13:55:36"}
