{"level":"info","message":"Starting Connection Server","timestamp":"2025-12-18 22:23:17"}
{"level":"info","message":"Connected to MongoDB","timestamp":"2025-12-18 22:23:20"}
{"level":"info","message":"Conneting Rediss !!!","timestamp":"2025-12-18 22:23:20"}
{"level":"info","message":"Connected to Redis.","timestamp":"2025-12-18 22:23:21"}
{"level":"info","message":"Redis ready.","timestamp":"2025-12-18 22:23:21"}
{"level":"info","message":"🚀 Server running on port 5000","timestamp":"2025-12-18 22:23:21"}
{"level":"info","message":"📝 Environment: development","timestamp":"2025-12-18 22:23:21"}
{"level":"info","limit":"100","message":"Query params: ","page":"1","timestamp":"2025-12-18 22:23:22"}
{"0":"l","1":"e","10":"v","11":"0","12":":","13":"p","14":"1","15":":","16":"l","17":"1","18":"0","19":"0","2":"c","20":":","21":"s","3":"t","4":"u","5":"r","6":"e","7":"r","8":"s","9":":","level":"info","message":"Cache Key","timestamp":"2025-12-18 22:23:22"}
{"level":"info","message":"Cache MISS - Fetching from database","timestamp":"2025-12-18 22:23:22"}
{"level":"info","message":"Cached news data","timestamp":"2025-12-18 22:23:23"}
{"level":"http","message":"GET /api/v1/lecturers?page=1&limit=100 200 - - 122.801 ms","timestamp":"2025-12-18 22:23:23"}
{"level":"info","limit":"100","message":"Query params: ","page":"1","timestamp":"2025-12-18 22:23:23"}
{"0":"l","1":"e","10":"v","11":"0","12":":","13":"p","14":"1","15":":","16":"l","17":"1","18":"0","19":"0","2":"c","20":":","21":"s","3":"t","4":"u","5":"r","6":"e","7":"r","8":"s","9":":","level":"info","message":"Cache Key","timestamp":"2025-12-18 22:23:23"}
{"level":"info","message":"Cache HIT - Returning cached lecturers","timestamp":"2025-12-18 22:23:23"}
{"level":"http","message":"GET /api/v1/lecturers?page=1&limit=100 304 - - 54.821 ms","timestamp":"2025-12-18 22:23:23"}
{"level":"error","message":"Redis error: read ECONNRESET","timestamp":"2025-12-18 22:31:49"}
{"level":"info","message":"Reconnecting to Redis.","timestamp":"2025-12-18 22:31:49"}
{"level":"info","message":"Disconnected from MongoDB","timestamp":"2025-12-18 22:31:50"}
{"level":"error","message":"Redis error: Connection timeout","timestamp":"2025-12-18 22:31:55"}
{"level":"info","message":"Reconnecting to Redis.","timestamp":"2025-12-18 22:31:55"}
{"level":"info","message":"Connected to Redis.","timestamp":"2025-12-18 22:31:55"}
{"level":"info","message":"Redis ready.","timestamp":"2025-12-18 22:31:55"}
{"level":"info","message":"Connected to MongoDB","timestamp":"2025-12-18 22:32:00"}
{"level":"info","message":"Disconnected from MongoDB","timestamp":"2025-12-18 22:36:24"}
{"level":"error","message":"Redis error: read ECONNRESET","timestamp":"2025-12-18 22:36:24"}
{"level":"info","message":"Reconnecting to Redis.","timestamp":"2025-12-18 22:36:24"}
{"level":"info","message":"Connected to Redis.","timestamp":"2025-12-18 22:36:27"}
{"level":"info","message":"Redis ready.","timestamp":"2025-12-18 22:36:27"}
{"level":"info","message":"Connected to MongoDB","timestamp":"2025-12-18 22:36:35"}
{"level":"info","limit":"100","message":"Query params: ","page":"1","timestamp":"2025-12-18 23:07:14"}
{"0":"l","1":"e","10":"v","11":"0","12":":","13":"p","14":"1","15":":","16":"l","17":"1","18":"0","19":"0","2":"c","20":":","21":"s","3":"t","4":"u","5":"r","6":"e","7":"r","8":"s","9":":","level":"info","message":"Cache Key","timestamp":"2025-12-18 23:07:14"}
{"level":"info","message":"Cache HIT - Returning cached lecturers","timestamp":"2025-12-18 23:07:14"}
{"level":"http","message":"GET /api/v1/lecturers?page=1&limit=100 304 - - 136.779 ms","timestamp":"2025-12-18 23:07:14"}
{"level":"info","limit":"100","message":"Query params: ","page":"1","timestamp":"2025-12-18 23:07:14"}
{"0":"l","1":"e","10":"v","11":"0","12":":","13":"p","14":"1","15":":","16":"l","17":"1","18":"0","19":"0","2":"c","20":":","21":"s","3":"t","4":"u","5":"r","6":"e","7":"r","8":"s","9":":","level":"info","message":"Cache Key","timestamp":"2025-12-18 23:07:14"}
{"level":"info","message":"Cache HIT - Returning cached lecturers","timestamp":"2025-12-18 23:07:14"}
{"level":"http","message":"GET /api/v1/lecturers?page=1&limit=100 304 - - 61.882 ms","timestamp":"2025-12-18 23:07:14"}
