{"level":"info","message":"Starting Connection Server","timestamp":"2025-12-14 19:15:32"}
{"level":"info","message":"Connected to MongoDB","timestamp":"2025-12-14 19:15:33"}
{"level":"info","message":"Conneting Rediss !!!","timestamp":"2025-12-14 19:15:33"}
{"level":"info","message":"Connected to Redis.","timestamp":"2025-12-14 19:15:33"}
{"level":"info","message":"Redis ready.","timestamp":"2025-12-14 19:15:33"}
{"level":"info","message":"🚀 Server running on port 5000","timestamp":"2025-12-14 19:15:33"}
{"level":"info","message":"📝 Environment: development","timestamp":"2025-12-14 19:15:33"}
{"level":"info","message":"Starting Connection Server","timestamp":"2025-12-14 19:16:11"}
{"level":"info","message":"Connected to MongoDB","timestamp":"2025-12-14 19:16:12"}
{"level":"info","message":"Conneting Rediss !!!","timestamp":"2025-12-14 19:16:12"}
{"level":"info","message":"Connected to Redis.","timestamp":"2025-12-14 19:16:12"}
{"level":"info","message":"Redis ready.","timestamp":"2025-12-14 19:16:12"}
{"level":"info","message":"🚀 Server running on port 5000","timestamp":"2025-12-14 19:16:12"}
{"level":"info","message":"📝 Environment: development","timestamp":"2025-12-14 19:16:12"}
{"level":"info","message":"Starting Connection Server","timestamp":"2025-12-14 19:16:20"}
{"level":"info","message":"Connected to MongoDB","timestamp":"2025-12-14 19:16:21"}
{"level":"info","message":"Conneting Rediss !!!","timestamp":"2025-12-14 19:16:21"}
{"level":"info","message":"Connected to Redis.","timestamp":"2025-12-14 19:16:21"}
{"level":"info","message":"Redis ready.","timestamp":"2025-12-14 19:16:21"}
{"level":"info","message":"🚀 Server running on port 5000","timestamp":"2025-12-14 19:16:21"}
{"level":"info","message":"📝 Environment: development","timestamp":"2025-12-14 19:16:21"}
{"level":"http","message":"GET /api/v1/lecturers/balbal 404 45 - 4.656 ms","timestamp":"2025-12-14 19:16:38"}
{"level":"info","limit:20":"","message":"Query params: ","timestamp":"2025-12-14 19:16:52"}
{"level":"info","message":"Cached Lecturers","timestamp":"2025-12-14 19:16:52"}
{"level":"http","message":"GET /api/v1/lecturers?limit:20 200 - - 916.453 ms","timestamp":"2025-12-14 19:16:53"}
{"level":"info","limit:20":"","message":"Query params: ","timestamp":"2025-12-14 19:17:06"}
{"level":"info","message":"Cached Lecturers","timestamp":"2025-12-14 19:17:06"}
{"level":"http","message":"GET /api/v1/lecturers?limit:20 200 - - 76.582 ms","timestamp":"2025-12-14 19:17:06"}
{"level":"info","limit:20":"","message":"Query params: ","timestamp":"2025-12-14 19:17:08"}
{"level":"info","message":"Cached Lecturers","timestamp":"2025-12-14 19:17:08"}
{"level":"http","message":"GET /api/v1/lecturers?limit:20 200 - - 75.603 ms","timestamp":"2025-12-14 19:17:08"}
{"level":"info","limit:20":"","message":"Query params: ","timestamp":"2025-12-14 19:17:09"}
{"level":"info","message":"Cached Lecturers","timestamp":"2025-12-14 19:17:09"}
{"level":"http","message":"GET /api/v1/lecturers?limit:20 200 - - 81.041 ms","timestamp":"2025-12-14 19:17:09"}
{"level":"info","limit:20":"","message":"Query params: ","timestamp":"2025-12-14 19:17:10"}
{"level":"info","message":"Cached Lecturers","timestamp":"2025-12-14 19:17:10"}
{"level":"http","message":"GET /api/v1/lecturers?limit:20 200 - - 113.356 ms","timestamp":"2025-12-14 19:17:10"}
{"level":"info","message":"SIGINT received. Closing server gracefully...","timestamp":"2025-12-14 19:17:15"}
{"level":"info","message":"Disconnected from MongoDB","timestamp":"2025-12-14 19:17:16"}
{"level":"info","message":"Starting Connection Server","timestamp":"2025-12-14 19:19:28"}
{"level":"info","message":"Connected to MongoDB","timestamp":"2025-12-14 19:19:29"}
{"level":"info","message":"Conneting Rediss !!!","timestamp":"2025-12-14 19:19:29"}
{"level":"info","message":"Connected to Redis.","timestamp":"2025-12-14 19:19:29"}
{"level":"info","message":"Redis ready.","timestamp":"2025-12-14 19:19:29"}
{"level":"info","message":"🚀 Server running on port 5000","timestamp":"2025-12-14 19:19:29"}
{"level":"info","message":"📝 Environment: development","timestamp":"2025-12-14 19:19:29"}
{"level":"error","message":"Lecturer already exists","method":"POST","stack":"Error: Lecturer already exists\n    at Function.conflict (D:\\PROJECT\\Website-S1-TI\\backend\\src\\utils\\ApiError.ts:40:12)\n    at LecturerService.create (D:\\PROJECT\\Website-S1-TI\\backend\\src\\api\\v1\\lecturer\\lecturer.service.ts:23:34)\n    at processTicksAndRejections (node:internal/process/task_queues:105:5)\n    at async D:\\PROJECT\\Website-S1-TI\\backend\\src\\api\\v1\\lecturer\\lecturer.controller.ts:10:22","timestamp":"2025-12-14 19:19:32","url":"/api/v1/lecturers"}
{"level":"http","message":"POST /api/v1/lecturers 409 489 - 97.855 ms","timestamp":"2025-12-14 19:19:32"}
{"level":"info","message":"SIGINT received. Closing server gracefully...","timestamp":"2025-12-14 19:19:59"}
{"level":"info","message":"Disconnected from MongoDB","timestamp":"2025-12-14 19:19:59"}
