{"level":"info","message":"Creating upload middleware for lecturers","timestamp":"2025-12-21 16:27:23"}
{"level":"info","message":"Creating upload middleware for news","timestamp":"2025-12-21 16:27:23"}
{"level":"info","message":"Creating upload middleware for users","timestamp":"2025-12-21 16:27:23"}
{"level":"info","message":"Starting Connection Server","timestamp":"2025-12-21 16:27:25"}
{"level":"info","message":"Connected to MongoDB","timestamp":"2025-12-21 16:27:26"}
{"level":"info","message":"Connecting to Redis...","timestamp":"2025-12-21 16:27:26"}
{"level":"info","message":"Redis connected and ready","timestamp":"2025-12-21 16:27:26"}
{"level":"info","message":"🚀 Server running on port 5000","timestamp":"2025-12-21 16:27:26"}
{"level":"info","message":"📝 Environment: development","timestamp":"2025-12-21 16:27:26"}
{"level":"info","message":"Creating upload middleware for lecturers","timestamp":"2025-12-21 16:28:49"}
{"level":"info","message":"Creating upload middleware for news","timestamp":"2025-12-21 16:28:49"}
{"level":"info","message":"Creating upload middleware for users","timestamp":"2025-12-21 16:28:49"}
{"level":"info","message":"Starting Connection Server","timestamp":"2025-12-21 16:28:50"}
{"level":"info","message":"Connected to MongoDB","timestamp":"2025-12-21 16:28:51"}
{"level":"info","message":"Connecting to Redis...","timestamp":"2025-12-21 16:28:51"}
{"level":"info","message":"Redis connected and ready","timestamp":"2025-12-21 16:28:51"}
{"level":"info","message":"🚀 Server running on port 5000","timestamp":"2025-12-21 16:28:51"}
{"level":"info","message":"📝 Environment: development","timestamp":"2025-12-21 16:28:51"}
{"level":"info","message":"Creating upload middleware for lecturers","timestamp":"2025-12-21 16:29:11"}
{"level":"info","message":"Creating upload middleware for news","timestamp":"2025-12-21 16:29:11"}
{"level":"info","message":"Creating upload middleware for users","timestamp":"2025-12-21 16:29:11"}
{"level":"info","message":"Starting Connection Server","timestamp":"2025-12-21 16:29:12"}
{"level":"info","message":"Connected to MongoDB","timestamp":"2025-12-21 16:29:13"}
{"level":"info","message":"Connecting to Redis...","timestamp":"2025-12-21 16:29:13"}
{"level":"info","message":"Redis connected and ready","timestamp":"2025-12-21 16:29:13"}
{"level":"info","message":"🚀 Server running on port 5000","timestamp":"2025-12-21 16:29:13"}
{"level":"info","message":"📝 Environment: development","timestamp":"2025-12-21 16:29:13"}
{"level":"info","message":"Creating upload middleware for lecturers","timestamp":"2025-12-21 16:30:45"}
{"level":"info","message":"Creating upload middleware for news","timestamp":"2025-12-21 16:30:45"}
{"level":"info","message":"Creating upload middleware for users","timestamp":"2025-12-21 16:30:45"}
{"level":"info","message":"Starting Connection Server","timestamp":"2025-12-21 16:30:46"}
{"level":"info","message":"Connected to MongoDB","timestamp":"2025-12-21 16:30:47"}
{"level":"info","message":"Connecting to Redis...","timestamp":"2025-12-21 16:30:47"}
{"level":"info","message":"Redis connected and ready","timestamp":"2025-12-21 16:30:47"}
{"level":"info","message":"🚀 Server running on port 5000","timestamp":"2025-12-21 16:30:47"}
{"level":"info","message":"📝 Environment: development","timestamp":"2025-12-21 16:30:47"}
{"level":"info","message":"Creating upload middleware for lecturers","timestamp":"2025-12-21 16:31:57"}
{"level":"info","message":"Creating upload middleware for news","timestamp":"2025-12-21 16:31:57"}
{"level":"info","message":"Creating upload middleware for users","timestamp":"2025-12-21 16:31:57"}
{"level":"info","message":"Starting Connection Server","timestamp":"2025-12-21 16:31:58"}
{"level":"info","message":"Connected to MongoDB","timestamp":"2025-12-21 16:31:59"}
{"level":"info","message":"Connecting to Redis...","timestamp":"2025-12-21 16:31:59"}
{"level":"info","message":"Redis connected and ready","timestamp":"2025-12-21 16:31:59"}
{"level":"info","message":"🚀 Server running on port 5000","timestamp":"2025-12-21 16:31:59"}
{"level":"info","message":"📝 Environment: development","timestamp":"2025-12-21 16:31:59"}
{"level":"info","message":"SIGINT received. Closing server gracefully...","timestamp":"2025-12-21 16:37:46"}
{"level":"info","message":"Disconnected from MongoDB","timestamp":"2025-12-21 16:37:46"}
{"level":"info","message":"Creating upload middleware for lecturers","timestamp":"2025-12-21 18:54:46"}
{"level":"info","message":"Creating upload middleware for news","timestamp":"2025-12-21 18:54:46"}
{"level":"info","message":"Creating upload middleware for users","timestamp":"2025-12-21 18:54:46"}
{"level":"info","message":"Starting Connection Server","timestamp":"2025-12-21 18:54:48"}
{"level":"info","message":"Connected to MongoDB","timestamp":"2025-12-21 18:54:48"}
{"level":"info","message":"Connecting to Redis...","timestamp":"2025-12-21 18:54:48"}
{"level":"info","message":"Redis connected and ready","timestamp":"2025-12-21 18:54:49"}
{"level":"info","message":"🚀 Server running on port 5000","timestamp":"2025-12-21 18:54:49"}
{"level":"info","message":"📝 Environment: development","timestamp":"2025-12-21 18:54:49"}
{"level":"error","message":"Access token required","method":"GET","stack":"Error: Access token required\n    at Function.unauthorized (D:\\PROJECT\\Website-S1-TI\\backend\\src\\utils\\ApiError.ts:28:12)\n    at D:\\PROJECT\\Website-S1-TI\\backend\\src\\middleware\\auth.middleware.ts:17:22\n    at D:\\PROJECT\\Website-S1-TI\\backend\\src\\utils\\asyncHandler.ts:11:21\n    at Layer.handle [as handle_request] (D:\\PROJECT\\Website-S1-TI\\backend\\node_modules\\express\\lib\\router\\layer.js:95:5)\n    at next (D:\\PROJECT\\Website-S1-TI\\backend\\node_modules\\express\\lib\\router\\route.js:149:13)\n    at Route.dispatch (D:\\PROJECT\\Website-S1-TI\\backend\\node_modules\\express\\lib\\router\\route.js:119:3)\n    at Layer.handle [as handle_request] (D:\\PROJECT\\Website-S1-TI\\backend\\node_modules\\express\\lib\\router\\layer.js:95:5)\n    at D:\\PROJECT\\Website-S1-TI\\backend\\node_modules\\express\\lib\\router\\index.js:284:15\n    at Function.process_params (D:\\PROJECT\\Website-S1-TI\\backend\\node_modules\\express\\lib\\router\\index.js:346:12)\n    at next (D:\\PROJECT\\Website-S1-TI\\backend\\node_modules\\express\\lib\\router\\index.js:280:10)","timestamp":"2025-12-21 18:56:37","url":"/api/v1/auth/me"}
{"level":"http","message":"GET /api/v1/auth/me 401 - - 9.205 ms","timestamp":"2025-12-21 18:56:37"}
{"level":"http","message":"GET /favicon.ico 404 45 - 0.417 ms","timestamp":"2025-12-21 18:56:38"}
{"level":"info","message":"Disconnected from MongoDB","timestamp":"2025-12-21 19:05:18"}
{"0":"r","1":"e","10":"R","11":"E","12":"S","13":"E","14":"T","2":"a","3":"d","4":" ","5":"E","6":"C","7":"O","8":"N","9":"N","level":"error","message":"Redis error:","timestamp":"2025-12-21 19:05:18"}
{"level":"info","message":"Reconnecting to Redis in 0ms (attempt 0)","timestamp":"2025-12-21 19:05:18"}
{"level":"info","message":"Redis reconnecting...","timestamp":"2025-12-21 19:05:18"}
{"level":"info","message":"Reconnecting to Redis in 0ms (attempt 0)","timestamp":"2025-12-21 19:05:18"}
{"0":"g","1":"e","10":"o","11":" ","12":"E","13":"N","14":"O","15":"T","16":"F","17":"O","18":"U","19":"N","2":"t","20":"D","21":" ","22":"m","23":"a","24":"s","25":"s","26":"i","27":"v","28":"e","29":"-","3":"a","30":"c","31":"o","32":"u","33":"g","34":"a","35":"r","36":"-","37":"9","38":"5","39":"2","4":"d","40":"0","41":".","42":"u","43":"p","44":"s","45":"t","46":"a","47":"s","48":"h","49":".","5":"d","50":"i","51":"o","6":"r","7":"i","8":"n","9":"f","level":"error","message":"Redis error:","timestamp":"2025-12-21 19:05:18"}
{"level":"info","message":"Redis reconnecting...","timestamp":"2025-12-21 19:05:18"}
{"level":"info","message":"Reconnecting to Redis in 100ms (attempt 1)","timestamp":"2025-12-21 19:05:18"}
{"0":"g","1":"e","10":"o","11":" ","12":"E","13":"N","14":"O","15":"T","16":"F","17":"O","18":"U","19":"N","2":"t","20":"D","21":" ","22":"m","23":"a","24":"s","25":"s","26":"i","27":"v","28":"e","29":"-","3":"a","30":"c","31":"o","32":"u","33":"g","34":"a","35":"r","36":"-","37":"9","38":"5","39":"2","4":"d","40":"0","41":".","42":"u","43":"p","44":"s","45":"t","46":"a","47":"s","48":"h","49":".","5":"d","50":"i","51":"o","6":"r","7":"i","8":"n","9":"f","level":"error","message":"Redis error:","timestamp":"2025-12-21 19:05:18"}
{"level":"info","message":"Redis reconnecting...","timestamp":"2025-12-21 19:05:18"}
{"level":"info","message":"Reconnecting to Redis in 200ms (attempt 2)","timestamp":"2025-12-21 19:05:18"}
{"0":"g","1":"e","10":"o","11":" ","12":"E","13":"N","14":"O","15":"T","16":"F","17":"O","18":"U","19":"N","2":"t","20":"D","21":" ","22":"m","23":"a","24":"s","25":"s","26":"i","27":"v","28":"e","29":"-","3":"a","30":"c","31":"o","32":"u","33":"g","34":"a","35":"r","36":"-","37":"9","38":"5","39":"2","4":"d","40":"0","41":".","42":"u","43":"p","44":"s","45":"t","46":"a","47":"s","48":"h","49":".","5":"d","50":"i","51":"o","6":"r","7":"i","8":"n","9":"f","level":"error","message":"Redis error:","timestamp":"2025-12-21 19:05:18"}
{"level":"info","message":"Redis reconnecting...","timestamp":"2025-12-21 19:05:19"}
{"level":"info","message":"Reconnecting to Redis in 300ms (attempt 3)","timestamp":"2025-12-21 19:05:26"}
{"0":"C","1":"o","10":" ","11":"t","12":"i","13":"m","14":"e","15":"o","16":"u","17":"t","2":"n","3":"n","4":"e","5":"c","6":"t","7":"i","8":"o","9":"n","level":"error","message":"Redis error:","timestamp":"2025-12-21 19:05:26"}
{"level":"info","message":"Redis reconnecting...","timestamp":"2025-12-21 19:05:26"}
{"level":"info","message":"Reconnecting to Redis in 400ms (attempt 4)","timestamp":"2025-12-21 19:05:32"}
{"0":"C","1":"o","10":" ","11":"t","12":"i","13":"m","14":"e","15":"o","16":"u","17":"t","2":"n","3":"n","4":"e","5":"c","6":"t","7":"i","8":"o","9":"n","level":"error","message":"Redis error:","timestamp":"2025-12-21 19:05:32"}
{"level":"info","message":"Redis reconnecting...","timestamp":"2025-12-21 19:05:32"}
{"level":"info","message":"Reconnecting to Redis in 500ms (attempt 5)","timestamp":"2025-12-21 19:05:38"}
{"0":"C","1":"o","10":" ","11":"t","12":"i","13":"m","14":"e","15":"o","16":"u","17":"t","2":"n","3":"n","4":"e","5":"c","6":"t","7":"i","8":"o","9":"n","level":"error","message":"Redis error:","timestamp":"2025-12-21 19:05:38"}
{"level":"info","message":"Redis reconnecting...","timestamp":"2025-12-21 19:05:39"}
{"level":"info","message":"Reconnecting to Redis in 600ms (attempt 6)","timestamp":"2025-12-21 19:05:44"}
{"0":"C","1":"o","10":" ","11":"t","12":"i","13":"m","14":"e","15":"o","16":"u","17":"t","2":"n","3":"n","4":"e","5":"c","6":"t","7":"i","8":"o","9":"n","level":"error","message":"Redis error:","timestamp":"2025-12-21 19:05:44"}
{"level":"info","message":"Redis reconnecting...","timestamp":"2025-12-21 19:05:45"}
{"level":"info","message":"Reconnecting to Redis in 700ms (attempt 7)","timestamp":"2025-12-21 19:05:50"}
{"0":"C","1":"o","10":" ","11":"t","12":"i","13":"m","14":"e","15":"o","16":"u","17":"t","2":"n","3":"n","4":"e","5":"c","6":"t","7":"i","8":"o","9":"n","level":"error","message":"Redis error:","timestamp":"2025-12-21 19:05:50"}
{"level":"info","message":"Redis reconnecting...","timestamp":"2025-12-21 19:05:51"}
{"level":"info","message":"Reconnecting to Redis in 800ms (attempt 8)","timestamp":"2025-12-21 19:05:56"}
{"0":"C","1":"o","10":" ","11":"t","12":"i","13":"m","14":"e","15":"o","16":"u","17":"t","2":"n","3":"n","4":"e","5":"c","6":"t","7":"i","8":"o","9":"n","level":"error","message":"Redis error:","timestamp":"2025-12-21 19:05:56"}
{"level":"info","message":"Redis reconnecting...","timestamp":"2025-12-21 19:05:57"}
{"level":"info","message":"Reconnecting to Redis in 900ms (attempt 9)","timestamp":"2025-12-21 19:06:03"}
{"0":"C","1":"o","10":" ","11":"t","12":"i","13":"m","14":"e","15":"o","16":"u","17":"t","2":"n","3":"n","4":"e","5":"c","6":"t","7":"i","8":"o","9":"n","level":"error","message":"Redis error:","timestamp":"2025-12-21 19:06:03"}
{"level":"info","message":"Redis reconnecting...","timestamp":"2025-12-21 19:06:04"}
{"level":"info","message":"Reconnecting to Redis in 1000ms (attempt 10)","timestamp":"2025-12-21 19:06:09"}
{"0":"C","1":"o","10":" ","11":"t","12":"i","13":"m","14":"e","15":"o","16":"u","17":"t","2":"n","3":"n","4":"e","5":"c","6":"t","7":"i","8":"o","9":"n","level":"error","message":"Redis error:","timestamp":"2025-12-21 19:06:09"}
{"level":"info","message":"Redis reconnecting...","timestamp":"2025-12-21 19:06:10"}
{"level":"info","message":"Connected to MongoDB","timestamp":"2025-12-21 19:06:14"}
