{"level":"info","message":"Creating upload middleware for lecturers","timestamp":"2026-01-01 21:26:55"}
{"level":"info","message":"Creating upload middleware for news","timestamp":"2026-01-01 21:26:55"}
{"level":"info","message":"Creating upload middleware for users","timestamp":"2026-01-01 21:26:55"}
{"level":"info","message":"Starting Connection Server","timestamp":"2026-01-01 21:27:00"}
{"level":"info","message":"Connected to MongoDB","timestamp":"2026-01-01 21:27:01"}
{"level":"info","message":"Connecting to Redis...","timestamp":"2026-01-01 21:27:01"}
{"level":"info","message":"Redis connected and ready","timestamp":"2026-01-01 21:27:02"}
{"level":"info","message":"🚀 Server running on port 5000","timestamp":"2026-01-01 21:27:02"}
{"level":"info","message":"📝 Environment: development","timestamp":"2026-01-01 21:27:02"}
{"level":"error","message":"Access token required","method":"GET","stack":"Error: Access token required\n    at Function.unauthorized (D:\\PROJECT\\Website-S1-TI\\backend\\src\\utils\\ApiError.ts:28:12)\n    at D:\\PROJECT\\Website-S1-TI\\backend\\src\\middleware\\auth.middleware.ts:18:24\n    at D:\\PROJECT\\Website-S1-TI\\backend\\src\\utils\\asyncHandler.ts:11:21\n    at Layer.handle [as handle_request] (D:\\PROJECT\\Website-S1-TI\\backend\\node_modules\\express\\lib\\router\\layer.js:95:5)\n    at next (D:\\PROJECT\\Website-S1-TI\\backend\\node_modules\\express\\lib\\router\\route.js:149:13)\n    at Route.dispatch (D:\\PROJECT\\Website-S1-TI\\backend\\node_modules\\express\\lib\\router\\route.js:119:3)\n    at Layer.handle [as handle_request] (D:\\PROJECT\\Website-S1-TI\\backend\\node_modules\\express\\lib\\router\\layer.js:95:5)\n    at D:\\PROJECT\\Website-S1-TI\\backend\\node_modules\\express\\lib\\router\\index.js:284:15\n    at Function.process_params (D:\\PROJECT\\Website-S1-TI\\backend\\node_modules\\express\\lib\\router\\index.js:346:12)\n    at next (D:\\PROJECT\\Website-S1-TI\\backend\\node_modules\\express\\lib\\router\\index.js:280:10)","timestamp":"2026-01-01 21:27:13","url":"/api/v1/auth/me"}
{"level":"http","message":"GET /api/v1/auth/me 401 - - 28.760 ms","timestamp":"2026-01-01 21:27:13"}
{"level":"error","message":"Access token required","method":"GET","stack":"Error: Access token required\n    at Function.unauthorized (D:\\PROJECT\\Website-S1-TI\\backend\\src\\utils\\ApiError.ts:28:12)\n    at D:\\PROJECT\\Website-S1-TI\\backend\\src\\middleware\\auth.middleware.ts:18:24\n    at D:\\PROJECT\\Website-S1-TI\\backend\\src\\utils\\asyncHandler.ts:11:21\n    at Layer.handle [as handle_request] (D:\\PROJECT\\Website-S1-TI\\backend\\node_modules\\express\\lib\\router\\layer.js:95:5)\n    at next (D:\\PROJECT\\Website-S1-TI\\backend\\node_modules\\express\\lib\\router\\route.js:149:13)\n    at Route.dispatch (D:\\PROJECT\\Website-S1-TI\\backend\\node_modules\\express\\lib\\router\\route.js:119:3)\n    at Layer.handle [as handle_request] (D:\\PROJECT\\Website-S1-TI\\backend\\node_modules\\express\\lib\\router\\layer.js:95:5)\n    at D:\\PROJECT\\Website-S1-TI\\backend\\node_modules\\express\\lib\\router\\index.js:284:15\n    at Function.process_params (D:\\PROJECT\\Website-S1-TI\\backend\\node_modules\\express\\lib\\router\\index.js:346:12)\n    at next (D:\\PROJECT\\Website-S1-TI\\backend\\node_modules\\express\\lib\\router\\index.js:280:10)","timestamp":"2026-01-01 21:27:13","url":"/api/v1/auth/me"}
{"level":"http","message":"GET /api/v1/auth/me 401 - - 4.634 ms","timestamp":"2026-01-01 21:27:13"}
{"level":"error","message":"Access token required","method":"GET","stack":"Error: Access token required\n    at Function.unauthorized (D:\\PROJECT\\Website-S1-TI\\backend\\src\\utils\\ApiError.ts:28:12)\n    at D:\\PROJECT\\Website-S1-TI\\backend\\src\\middleware\\auth.middleware.ts:18:24\n    at D:\\PROJECT\\Website-S1-TI\\backend\\src\\utils\\asyncHandler.ts:11:21\n    at Layer.handle [as handle_request] (D:\\PROJECT\\Website-S1-TI\\backend\\node_modules\\express\\lib\\router\\layer.js:95:5)\n    at next (D:\\PROJECT\\Website-S1-TI\\backend\\node_modules\\express\\lib\\router\\route.js:149:13)\n    at Route.dispatch (D:\\PROJECT\\Website-S1-TI\\backend\\node_modules\\express\\lib\\router\\route.js:119:3)\n    at Layer.handle [as handle_request] (D:\\PROJECT\\Website-S1-TI\\backend\\node_modules\\express\\lib\\router\\layer.js:95:5)\n    at D:\\PROJECT\\Website-S1-TI\\backend\\node_modules\\express\\lib\\router\\index.js:284:15\n    at Function.process_params (D:\\PROJECT\\Website-S1-TI\\backend\\node_modules\\express\\lib\\router\\index.js:346:12)\n    at next (D:\\PROJECT\\Website-S1-TI\\backend\\node_modules\\express\\lib\\router\\index.js:280:10)","timestamp":"2026-01-01 21:35:54","url":"/api/v1/auth/me"}
{"level":"http","message":"GET /api/v1/auth/me 401 - - 6.390 ms","timestamp":"2026-01-01 21:35:54"}
{"level":"error","message":"Access token required","method":"GET","stack":"Error: Access token required\n    at Function.unauthorized (D:\\PROJECT\\Website-S1-TI\\backend\\src\\utils\\ApiError.ts:28:12)\n    at D:\\PROJECT\\Website-S1-TI\\backend\\src\\middleware\\auth.middleware.ts:18:24\n    at D:\\PROJECT\\Website-S1-TI\\backend\\src\\utils\\asyncHandler.ts:11:21\n    at Layer.handle [as handle_request] (D:\\PROJECT\\Website-S1-TI\\backend\\node_modules\\express\\lib\\router\\layer.js:95:5)\n    at next (D:\\PROJECT\\Website-S1-TI\\backend\\node_modules\\express\\lib\\router\\route.js:149:13)\n    at Route.dispatch (D:\\PROJECT\\Website-S1-TI\\backend\\node_modules\\express\\lib\\router\\route.js:119:3)\n    at Layer.handle [as handle_request] (D:\\PROJECT\\Website-S1-TI\\backend\\node_modules\\express\\lib\\router\\layer.js:95:5)\n    at D:\\PROJECT\\Website-S1-TI\\backend\\node_modules\\express\\lib\\router\\index.js:284:15\n    at Function.process_params (D:\\PROJECT\\Website-S1-TI\\backend\\node_modules\\express\\lib\\router\\index.js:346:12)\n    at next (D:\\PROJECT\\Website-S1-TI\\backend\\node_modules\\express\\lib\\router\\index.js:280:10)","timestamp":"2026-01-01 21:35:54","url":"/api/v1/auth/me"}
{"level":"http","message":"GET /api/v1/auth/me 401 - - 3.033 ms","timestamp":"2026-01-01 21:35:54"}
{"$__":{"activePaths":{"paths":{"__v":"init","_id":"init","authProvider":"init","createdAt":"init","isActive":"init","isEmailVerified":"init","lastLogin":"init","password":"init","photo":"init","role":"init","updatedAt":"init","username":"init"},"states":{"default":{},"init":{"__v":true,"_id":true,"authProvider":true,"createdAt":true,"isActive":true,"isEmailVerified":true,"lastLogin":true,"password":true,"photo":true,"role":true,"updatedAt":true,"username":true},"require":{}}},"skipId":true},"$isNew":false,"_doc":{"__v":0,"_id":"69465fd9b117ed88373742b5","authProvider":"local","createdAt":"2025-12-20T08:35:37.075Z","isActive":true,"isEmailVerified":false,"lastLogin":"2025-12-31T14:51:28.396Z","password":"$2b$10$Bh/F90Y.xA1rpUlLZ8XM6.s/rC47Qm25cLAO6mdkmQFuKw/prYCH6","photo":"","role":"admin","updatedAt":"2025-12-31T14:51:28.401Z","username":"admin"},"level":"info","message":"User","timestamp":"2026-01-01 21:36:40"}
{"$__":{"$versionError":null,"activePaths":{"paths":{"__v":"init","_id":"init","authProvider":"init","createdAt":"init","isActive":"init","isEmailVerified":"init","password":"init","photo":"init","role":"init","username":"require"},"states":{"default":{},"init":{"__v":true,"_id":true,"authProvider":true,"createdAt":true,"isActive":true,"isEmailVerified":true,"password":true,"photo":true,"role":true},"modify":{},"require":{"username":true}}},"backup":{"activePaths":{"default":{},"modify":{"lastLogin":true,"updatedAt":true}},"validationError":null},"cachedRequired":{},"inserting":false,"modifiedPaths":["lastLogin","updatedAt"],"op":null,"saveOptions":null,"savedState":{},"saving":null,"skipId":true,"validating":null},"$isNew":false,"_doc":{"__v":0,"_id":"69465fd9b117ed88373742b5","authProvider":"local","createdAt":"2025-12-20T08:35:37.075Z","isActive":true,"isEmailVerified":false,"lastLogin":"2026-01-01T14:36:40.715Z","password":"$2b$10$Bh/F90Y.xA1rpUlLZ8XM6.s/rC47Qm25cLAO6mdkmQFuKw/prYCH6","photo":"","role":"admin","updatedAt":"2026-01-01T14:36:40.725Z","username":"admin"},"level":"info","message":"Generating token : ","timestamp":"2026-01-01 21:36:40"}
{"accessToken":"eyJhbGciOiJIUzI1NiIsInR5cCI6IkpXVCJ9.eyJpZCI6IjY5NDY1ZmQ5YjExN2VkODgzNzM3NDJiNSIsInVzZXJuYW1lIjoiYWRtaW4iLCJyb2xlIjoiYWRtaW4iLCJhdXRoUHJvdmlkZXIiOiJsb2NhbCIsImlhdCI6MTc2NzI3ODIwMCwiZXhwIjoxNzY3Mjc4MzIwfQ.6BFTL8y6NgepDZldH4BIfM4mjXge5xCvEa665fc-k70","level":"info","message":"Admin logged in:","refreshToken":"eyJhbGciOiJIUzI1NiIsInR5cCI6IkpXVCJ9.eyJpZCI6IjY5NDY1ZmQ5YjExN2VkODgzNzM3NDJiNSIsInVzZXJuYW1lIjoiYWRtaW4iLCJyb2xlIjoiYWRtaW4iLCJhdXRoUHJvdmlkZXIiOiJsb2NhbCIsImlhdCI6MTc2NzI3ODIwMCwiZXhwIjoxNzY3ODgzMDAwfQ.XosmJMGNUwIUEIzLKiq78zz2k0BGupZuqYTB2xMSbbo","timestamp":"2026-01-01 21:36:40","user":{"authProvider":"local","id":"69465fd9b117ed88373742b5","photo":"","role":"admin","username":"admin"}}
{"level":"info","message":"Cookies set for admin login : ","timestamp":"2026-01-01 21:36:40"}
{"level":"http","message":"POST /api/v1/auth/admin 200 86 - 656.585 ms","timestamp":"2026-01-01 21:36:40"}
{"level":"http","message":"GET /api/v1/auth/me 304 - - 65.574 ms","timestamp":"2026-01-01 21:36:40"}
{"level":"info","limit":"10","message":"Query params: ","page":"1","search":"","timestamp":"2026-01-01 21:36:42"}
{"level":"http","message":"GET /api/v1/lecturers?page=1&limit=10&search= 304 - - 1150.773 ms","timestamp":"2026-01-01 21:36:43"}
{"level":"info","limit":"10","message":"Query params: ","page":"1","search":"","timestamp":"2026-01-01 21:36:43"}
{"level":"debug","message":"Cache HIT: lecturers:v8:p1:l10:s","timestamp":"2026-01-01 21:36:44"}
{"level":"http","message":"GET /api/v1/lecturers?page=1&limit=10&search= 304 - - 546.265 ms","timestamp":"2026-01-01 21:36:44"}
{"level":"http","message":"GET /api/v1/auth/me 304 - - 446.930 ms","timestamp":"2026-01-01 21:39:08"}
{"level":"http","message":"GET /api/v1/auth/me 304 - - 48.603 ms","timestamp":"2026-01-01 21:39:08"}
{"level":"http","message":"GET /api/v1/auth/me 304 - - 287.461 ms","timestamp":"2026-01-01 21:39:35"}
{"level":"http","message":"GET /api/v1/auth/me 304 - - 57.269 ms","timestamp":"2026-01-01 21:39:35"}
{"level":"http","message":"GET /api/v1/auth/me 304 - - 288.025 ms","timestamp":"2026-01-01 21:41:39"}
{"level":"http","message":"GET /api/v1/auth/me 304 - - 56.795 ms","timestamp":"2026-01-01 21:41:40"}
{"level":"http","message":"GET /api/v1/auth/me 304 - - 318.873 ms","timestamp":"2026-01-01 21:41:51"}
{"level":"http","message":"GET /api/v1/auth/me 304 - - 36.591 ms","timestamp":"2026-01-01 21:41:51"}
{"level":"info","limit":"10","message":"Query params: ","page":"1","search":"","timestamp":"2026-01-01 21:44:15"}
{"level":"debug","message":"Cache HIT: lecturers:v8:p1:l10:s","timestamp":"2026-01-01 21:44:15"}
{"level":"http","message":"GET /api/v1/lecturers?page=1&limit=10&search= 304 - - 112.534 ms","timestamp":"2026-01-01 21:44:15"}
{"level":"http","message":"GET /api/v1/auth/me 304 - - 958.966 ms","timestamp":"2026-01-01 21:46:10"}
{"level":"http","message":"GET /api/v1/auth/me 304 - - 52.561 ms","timestamp":"2026-01-01 21:46:10"}
{"level":"http","message":"GET /api/v1/auth/me 304 - - 910.743 ms","timestamp":"2026-01-01 21:49:23"}
{"level":"http","message":"GET /api/v1/auth/me 304 - - 53.689 ms","timestamp":"2026-01-01 21:49:23"}
{"level":"http","message":"GET /api/v1/auth/me 304 - - 294.188 ms","timestamp":"2026-01-01 21:50:54"}
{"level":"http","message":"GET /api/v1/auth/me 304 - - 37.350 ms","timestamp":"2026-01-01 21:50:54"}
{"level":"http","message":"GET /api/v1/auth/me 304 - - 248.034 ms","timestamp":"2026-01-01 21:52:07"}
{"level":"http","message":"GET /api/v1/auth/me 304 - - 42.846 ms","timestamp":"2026-01-01 21:52:07"}
{"level":"http","message":"GET /api/v1/auth/me 304 - - 377.617 ms","timestamp":"2026-01-01 22:01:01"}
{"level":"http","message":"GET /api/v1/auth/me 304 - - 45.745 ms","timestamp":"2026-01-01 22:01:02"}
{"level":"info","limit":"10","message":"Query params: ","page":"1","search":"","timestamp":"2026-01-01 22:01:05"}
{"level":"debug","message":"Cache HIT: lecturers:v8:p1:l10:s","timestamp":"2026-01-01 22:01:05"}
{"level":"http","message":"GET /api/v1/lecturers?page=1&limit=10&search= 304 - - 114.497 ms","timestamp":"2026-01-01 22:01:05"}
{"level":"info","limit":"10","message":"Query params: ","page":"1","search":"","timestamp":"2026-01-01 22:01:05"}
{"level":"debug","message":"Cache HIT: lecturers:v8:p1:l10:s","timestamp":"2026-01-01 22:01:06"}
{"level":"http","message":"GET /api/v1/lecturers?page=1&limit=10&search= 304 - - 117.721 ms","timestamp":"2026-01-01 22:01:06"}
{"level":"http","message":"GET /api/v1/auth/me 200 182 - 361.683 ms","timestamp":"2026-01-01 22:03:57"}
{"level":"http","message":"GET /api/v1/auth/me 200 182 - 439.729 ms","timestamp":"2026-01-01 22:03:57"}
{"level":"http","message":"POST /api/v1/auth/logout 200 73 - 0.585 ms","timestamp":"2026-01-01 22:04:20"}
{"level":"error","message":"Access token required","method":"GET","stack":"Error: Access token required\n    at Function.unauthorized (D:\\PROJECT\\Website-S1-TI\\backend\\src\\utils\\ApiError.ts:28:12)\n    at D:\\PROJECT\\Website-S1-TI\\backend\\src\\middleware\\auth.middleware.ts:18:24\n    at D:\\PROJECT\\Website-S1-TI\\backend\\src\\utils\\asyncHandler.ts:11:21\n    at Layer.handle [as handle_request] (D:\\PROJECT\\Website-S1-TI\\backend\\node_modules\\express\\lib\\router\\layer.js:95:5)\n    at next (D:\\PROJECT\\Website-S1-TI\\backend\\node_modules\\express\\lib\\router\\route.js:149:13)\n    at Route.dispatch (D:\\PROJECT\\Website-S1-TI\\backend\\node_modules\\express\\lib\\router\\route.js:119:3)\n    at Layer.handle [as handle_request] (D:\\PROJECT\\Website-S1-TI\\backend\\node_modules\\express\\lib\\router\\layer.js:95:5)\n    at D:\\PROJECT\\Website-S1-TI\\backend\\node_modules\\express\\lib\\router\\index.js:284:15\n    at Function.process_params (D:\\PROJECT\\Website-S1-TI\\backend\\node_modules\\express\\lib\\router\\index.js:346:12)\n    at next (D:\\PROJECT\\Website-S1-TI\\backend\\node_modules\\express\\lib\\router\\index.js:280:10)","timestamp":"2026-01-01 22:04:20","url":"/api/v1/auth/me"}
{"level":"http","message":"GET /api/v1/auth/me 401 - - 2.231 ms","timestamp":"2026-01-01 22:04:20"}
{"level":"error","message":"Access token required","method":"GET","stack":"Error: Access token required\n    at Function.unauthorized (D:\\PROJECT\\Website-S1-TI\\backend\\src\\utils\\ApiError.ts:28:12)\n    at D:\\PROJECT\\Website-S1-TI\\backend\\src\\middleware\\auth.middleware.ts:18:24\n    at D:\\PROJECT\\Website-S1-TI\\backend\\src\\utils\\asyncHandler.ts:11:21\n    at Layer.handle [as handle_request] (D:\\PROJECT\\Website-S1-TI\\backend\\node_modules\\express\\lib\\router\\layer.js:95:5)\n    at next (D:\\PROJECT\\Website-S1-TI\\backend\\node_modules\\express\\lib\\router\\route.js:149:13)\n    at Route.dispatch (D:\\PROJECT\\Website-S1-TI\\backend\\node_modules\\express\\lib\\router\\route.js:119:3)\n    at Layer.handle [as handle_request] (D:\\PROJECT\\Website-S1-TI\\backend\\node_modules\\express\\lib\\router\\layer.js:95:5)\n    at D:\\PROJECT\\Website-S1-TI\\backend\\node_modules\\express\\lib\\router\\index.js:284:15\n    at Function.process_params (D:\\PROJECT\\Website-S1-TI\\backend\\node_modules\\express\\lib\\router\\index.js:346:12)\n    at next (D:\\PROJECT\\Website-S1-TI\\backend\\node_modules\\express\\lib\\router\\index.js:280:10)","timestamp":"2026-01-01 22:04:20","url":"/api/v1/auth/me"}
{"level":"http","message":"GET /api/v1/auth/me 401 - - 1.984 ms","timestamp":"2026-01-01 22:04:20"}
{"level":"info","limit":"100","message":"Query params: ","page":"1","search":"","timestamp":"2026-01-01 22:04:29"}
{"level":"http","message":"GET /api/v1/lecturers?page=1&limit=100&search= 200 - - 680.056 ms","timestamp":"2026-01-01 22:04:29"}
{"level":"info","limit":"100","message":"Query params: ","page":"1","search":"","timestamp":"2026-01-01 22:04:29"}
{"level":"debug","message":"Cache HIT: lecturers:v8:p1:l100:s","timestamp":"2026-01-01 22:04:30"}
{"level":"http","message":"GET /api/v1/lecturers?page=1&limit=100&search= 304 - - 172.082 ms","timestamp":"2026-01-01 22:04:30"}
{"$__":{"activePaths":{"paths":{"__v":"init","_id":"init","authProvider":"init","createdAt":"init","isActive":"init","isEmailVerified":"init","lastLogin":"init","password":"init","photo":"init","role":"init","updatedAt":"init","username":"init"},"states":{"default":{},"init":{"__v":true,"_id":true,"authProvider":true,"createdAt":true,"isActive":true,"isEmailVerified":true,"lastLogin":true,"password":true,"photo":true,"role":true,"updatedAt":true,"username":true},"require":{}}},"skipId":true},"$isNew":false,"_doc":{"__v":0,"_id":"69465fd9b117ed88373742b5","authProvider":"local","createdAt":"2025-12-20T08:35:37.075Z","isActive":true,"isEmailVerified":false,"lastLogin":"2026-01-01T14:36:40.715Z","password":"$2b$10$Bh/F90Y.xA1rpUlLZ8XM6.s/rC47Qm25cLAO6mdkmQFuKw/prYCH6","photo":"","role":"admin","updatedAt":"2026-01-01T14:36:40.725Z","username":"admin"},"level":"info","message":"User","timestamp":"2026-01-01 22:09:04"}
{"$__":{"$versionError":null,"activePaths":{"paths":{"__v":"init","_id":"init","authProvider":"init","createdAt":"init","isActive":"init","isEmailVerified":"init","password":"init","photo":"init","role":"init","username":"require"},"states":{"default":{},"init":{"__v":true,"_id":true,"authProvider":true,"createdAt":true,"isActive":true,"isEmailVerified":true,"password":true,"photo":true,"role":true},"modify":{},"require":{"username":true}}},"backup":{"activePaths":{"default":{},"modify":{"lastLogin":true,"updatedAt":true}},"validationError":null},"cachedRequired":{},"inserting":false,"modifiedPaths":["lastLogin","updatedAt"],"op":null,"saveOptions":null,"savedState":{},"saving":null,"skipId":true,"validating":null},"$isNew":false,"_doc":{"__v":0,"_id":"69465fd9b117ed88373742b5","authProvider":"local","createdAt":"2025-12-20T08:35:37.075Z","isActive":true,"isEmailVerified":false,"lastLogin":"2026-01-01T15:09:04.585Z","password":"$2b$10$Bh/F90Y.xA1rpUlLZ8XM6.s/rC47Qm25cLAO6mdkmQFuKw/prYCH6","photo":"","role":"admin","updatedAt":"2026-01-01T15:09:04.587Z","username":"admin"},"level":"info","message":"Generating token : ","timestamp":"2026-01-01 22:09:04"}
{"accessToken":"eyJhbGciOiJIUzI1NiIsInR5cCI6IkpXVCJ9.eyJpZCI6IjY5NDY1ZmQ5YjExN2VkODgzNzM3NDJiNSIsInVzZXJuYW1lIjoiYWRtaW4iLCJyb2xlIjoiYWRtaW4iLCJhdXRoUHJvdmlkZXIiOiJsb2NhbCIsImlhdCI6MTc2NzI4MDE0NCwiZXhwIjoxNzY3MjgwMjY0fQ.vn1fHeUUekBIYeQvhfb75M9KuPHLD17QoBz2Bz0hKEE","level":"info","message":"Admin logged in:","refreshToken":"eyJhbGciOiJIUzI1NiIsInR5cCI6IkpXVCJ9.eyJpZCI6IjY5NDY1ZmQ5YjExN2VkODgzNzM3NDJiNSIsInVzZXJuYW1lIjoiYWRtaW4iLCJyb2xlIjoiYWRtaW4iLCJhdXRoUHJvdmlkZXIiOiJsb2NhbCIsImlhdCI6MTc2NzI4MDE0NCwiZXhwIjoxNzY3ODg0OTQ0fQ.dW15wJCRtUbArPrBp13lfd2qUDhz5dEKQW88Cv0nouo","timestamp":"2026-01-01 22:09:04","user":{"authProvider":"local","id":"69465fd9b117ed88373742b5","photo":"","role":"admin","username":"admin"}}
{"level":"info","message":"Cookies set for admin login : ","timestamp":"2026-01-01 22:09:04"}
{"level":"http","message":"POST /api/v1/auth/admin 200 86 - 467.030 ms","timestamp":"2026-01-01 22:09:04"}
{"level":"http","message":"GET /api/v1/auth/me 304 - - 32.664 ms","timestamp":"2026-01-01 22:09:04"}
{"level":"info","limit":"10","message":"Query params: ","page":"1","search":"","timestamp":"2026-01-01 22:09:06"}
{"level":"debug","message":"Cache HIT: lecturers:v8:p1:l10:s","timestamp":"2026-01-01 22:09:06"}
{"level":"http","message":"GET /api/v1/lecturers?page=1&limit=10&search= 304 - - 84.968 ms","timestamp":"2026-01-01 22:09:06"}
{"level":"info","limit":"10","message":"Query params: ","page":"1","search":"","timestamp":"2026-01-01 22:09:06"}
{"level":"debug","message":"Cache HIT: lecturers:v8:p1:l10:s","timestamp":"2026-01-01 22:09:06"}
{"level":"http","message":"GET /api/v1/lecturers?page=1&limit=10&search= 304 - - 101.214 ms","timestamp":"2026-01-01 22:09:06"}
{"level":"error","message":"Access token required","method":"GET","stack":"Error: Access token required\n    at Function.unauthorized (D:\\PROJECT\\Website-S1-TI\\backend\\src\\utils\\ApiError.ts:28:12)\n    at D:\\PROJECT\\Website-S1-TI\\backend\\src\\middleware\\auth.middleware.ts:18:24\n    at D:\\PROJECT\\Website-S1-TI\\backend\\src\\utils\\asyncHandler.ts:11:21\n    at Layer.handle [as handle_request] (D:\\PROJECT\\Website-S1-TI\\backend\\node_modules\\express\\lib\\router\\layer.js:95:5)\n    at next (D:\\PROJECT\\Website-S1-TI\\backend\\node_modules\\express\\lib\\router\\route.js:149:13)\n    at Route.dispatch (D:\\PROJECT\\Website-S1-TI\\backend\\node_modules\\express\\lib\\router\\route.js:119:3)\n    at Layer.handle [as handle_request] (D:\\PROJECT\\Website-S1-TI\\backend\\node_modules\\express\\lib\\router\\layer.js:95:5)\n    at D:\\PROJECT\\Website-S1-TI\\backend\\node_modules\\express\\lib\\router\\index.js:284:15\n    at Function.process_params (D:\\PROJECT\\Website-S1-TI\\backend\\node_modules\\express\\lib\\router\\index.js:346:12)\n    at next (D:\\PROJECT\\Website-S1-TI\\backend\\node_modules\\express\\lib\\router\\index.js:280:10)","timestamp":"2026-01-01 22:28:01","url":"/api/v1/auth/me"}
{"level":"http","message":"GET /api/v1/auth/me 401 - - 1.977 ms","timestamp":"2026-01-01 22:28:01"}
{"level":"error","message":"Access token required","method":"GET","stack":"Error: Access token required\n    at Function.unauthorized (D:\\PROJECT\\Website-S1-TI\\backend\\src\\utils\\ApiError.ts:28:12)\n    at D:\\PROJECT\\Website-S1-TI\\backend\\src\\middleware\\auth.middleware.ts:18:24\n    at D:\\PROJECT\\Website-S1-TI\\backend\\src\\utils\\asyncHandler.ts:11:21\n    at Layer.handle [as handle_request] (D:\\PROJECT\\Website-S1-TI\\backend\\node_modules\\express\\lib\\router\\layer.js:95:5)\n    at next (D:\\PROJECT\\Website-S1-TI\\backend\\node_modules\\express\\lib\\router\\route.js:149:13)\n    at Route.dispatch (D:\\PROJECT\\Website-S1-TI\\backend\\node_modules\\express\\lib\\router\\route.js:119:3)\n    at Layer.handle [as handle_request] (D:\\PROJECT\\Website-S1-TI\\backend\\node_modules\\express\\lib\\router\\layer.js:95:5)\n    at D:\\PROJECT\\Website-S1-TI\\backend\\node_modules\\express\\lib\\router\\index.js:284:15\n    at Function.process_params (D:\\PROJECT\\Website-S1-TI\\backend\\node_modules\\express\\lib\\router\\index.js:346:12)\n    at next (D:\\PROJECT\\Website-S1-TI\\backend\\node_modules\\express\\lib\\router\\index.js:280:10)","timestamp":"2026-01-01 22:28:01","url":"/api/v1/auth/me"}
{"level":"http","message":"GET /api/v1/auth/me 401 - - 1.775 ms","timestamp":"2026-01-01 22:28:01"}
{"$__":{"activePaths":{"paths":{"__v":"init","_id":"init","authProvider":"init","createdAt":"init","isActive":"init","isEmailVerified":"init","lastLogin":"init","password":"init","photo":"init","role":"init","updatedAt":"init","username":"init"},"states":{"default":{},"init":{"__v":true,"_id":true,"authProvider":true,"createdAt":true,"isActive":true,"isEmailVerified":true,"lastLogin":true,"password":true,"photo":true,"role":true,"updatedAt":true,"username":true},"require":{}}},"skipId":true},"$isNew":false,"_doc":{"__v":0,"_id":"69465fd9b117ed88373742b5","authProvider":"local","createdAt":"2025-12-20T08:35:37.075Z","isActive":true,"isEmailVerified":false,"lastLogin":"2026-01-01T15:09:04.585Z","password":"$2b$10$Bh/F90Y.xA1rpUlLZ8XM6.s/rC47Qm25cLAO6mdkmQFuKw/prYCH6","photo":"","role":"admin","updatedAt":"2026-01-01T15:09:04.587Z","username":"admin"},"level":"info","message":"User","timestamp":"2026-01-01 22:28:07"}
{"$__":{"$versionError":null,"activePaths":{"paths":{"__v":"init","_id":"init","authProvider":"init","createdAt":"init","isActive":"init","isEmailVerified":"init","password":"init","photo":"init","role":"init","username":"require"},"states":{"default":{},"init":{"__v":true,"_id":true,"authProvider":true,"createdAt":true,"isActive":true,"isEmailVerified":true,"password":true,"photo":true,"role":true},"modify":{},"require":{"username":true}}},"backup":{"activePaths":{"default":{},"modify":{"lastLogin":true,"updatedAt":true}},"validationError":null},"cachedRequired":{},"inserting":false,"modifiedPaths":["lastLogin","updatedAt"],"op":null,"saveOptions":null,"savedState":{},"saving":null,"skipId":true,"validating":null},"$isNew":false,"_doc":{"__v":0,"_id":"69465fd9b117ed88373742b5","authProvider":"local","createdAt":"2025-12-20T08:35:37.075Z","isActive":true,"isEmailVerified":false,"lastLogin":"2026-01-01T15:28:07.560Z","password":"$2b$10$Bh/F90Y.xA1rpUlLZ8XM6.s/rC47Qm25cLAO6mdkmQFuKw/prYCH6","photo":"","role":"admin","updatedAt":"2026-01-01T15:28:07.561Z","username":"admin"},"level":"info","message":"Generating token : ","timestamp":"2026-01-01 22:28:07"}
{"accessToken":"eyJhbGciOiJIUzI1NiIsInR5cCI6IkpXVCJ9.eyJpZCI6IjY5NDY1ZmQ5YjExN2VkODgzNzM3NDJiNSIsInVzZXJuYW1lIjoiYWRtaW4iLCJyb2xlIjoiYWRtaW4iLCJhdXRoUHJvdmlkZXIiOiJsb2NhbCIsImlhdCI6MTc2NzI4MTI4NywiZXhwIjoxNzY3MjgxNDA3fQ.bBwnfdtMq2C-SXVkxwFE19DDT_NI6GA07a5TSeOb1G8","level":"info","message":"Admin logged in:","refreshToken":"eyJhbGciOiJIUzI1NiIsInR5cCI6IkpXVCJ9.eyJpZCI6IjY5NDY1ZmQ5YjExN2VkODgzNzM3NDJiNSIsInVzZXJuYW1lIjoiYWRtaW4iLCJyb2xlIjoiYWRtaW4iLCJhdXRoUHJvdmlkZXIiOiJsb2NhbCIsImlhdCI6MTc2NzI4MTI4NywiZXhwIjoxNzY3ODg2MDg3fQ.Nk_UT_nPCyzoF9grJAVgBDWWr9-2SpD8SxxdT1ViGIg","timestamp":"2026-01-01 22:28:07","user":{"authProvider":"local","id":"69465fd9b117ed88373742b5","photo":"","role":"admin","username":"admin"}}
{"level":"info","message":"Cookies set for admin login : ","timestamp":"2026-01-01 22:28:07"}
{"level":"http","message":"POST /api/v1/auth/admin 200 86 - 535.901 ms","timestamp":"2026-01-01 22:28:07"}
{"level":"http","message":"GET /api/v1/auth/me 304 - - 55.091 ms","timestamp":"2026-01-01 22:28:07"}
{"level":"info","limit":"10","message":"Query params: ","page":"1","search":"","timestamp":"2026-01-01 22:28:09"}
{"level":"debug","message":"Cache HIT: lecturers:v8:p1:l10:s","timestamp":"2026-01-01 22:28:09"}
{"level":"http","message":"GET /api/v1/lecturers?page=1&limit=10&search= 304 - - 115.174 ms","timestamp":"2026-01-01 22:28:09"}
{"level":"info","limit":"10","message":"Query params: ","page":"1","search":"","timestamp":"2026-01-01 22:28:09"}
{"level":"debug","message":"Cache HIT: lecturers:v8:p1:l10:s","timestamp":"2026-01-01 22:28:10"}
{"level":"http","message":"GET /api/v1/lecturers?page=1&limit=10&search= 304 - - 91.794 ms","timestamp":"2026-01-01 22:28:10"}
{"level":"http","message":"GET /api/v1/auth/me 304 - - 311.635 ms","timestamp":"2026-01-01 22:29:44"}
{"level":"http","message":"GET /api/v1/auth/me 304 - - 34.326 ms","timestamp":"2026-01-01 22:29:44"}
{"level":"http","message":"GET /api/v1/announcements/admin?page=1&limit=10&search= 404 45 - 26.173 ms","timestamp":"2026-01-01 22:32:35"}
{"level":"http","message":"GET /api/v1/announcements/admin?page=1&limit=10&search= 404 45 - 0.428 ms","timestamp":"2026-01-01 22:33:42"}
{"level":"info","message":"Creating upload middleware for lecturers","timestamp":"2026-01-01 22:37:15"}
{"level":"info","message":"Creating upload middleware for news","timestamp":"2026-01-01 22:37:15"}
{"level":"info","message":"Creating upload middleware for users","timestamp":"2026-01-01 22:37:15"}
{"level":"info","message":"Starting Connection Server","timestamp":"2026-01-01 22:37:19"}
{"level":"info","message":"Connected to MongoDB","timestamp":"2026-01-01 22:37:19"}
{"level":"info","message":"Connecting to Redis...","timestamp":"2026-01-01 22:37:19"}
{"level":"info","message":"Redis connected and ready","timestamp":"2026-01-01 22:37:20"}
{"level":"info","message":"🚀 Server running on port 5000","timestamp":"2026-01-01 22:37:20"}
{"level":"info","message":"📝 Environment: development","timestamp":"2026-01-01 22:37:20"}
{"level":"info","limit":"10","message":"Query params: ","page":"1","search":"","timestamp":"2026-01-01 22:37:39"}
{"level":"http","message":"GET /api/v1/lecturers?page=1&limit=10&search= 200 - - 616.733 ms","timestamp":"2026-01-01 22:37:40"}
{"level":"info","limit":"10","message":"Query params: ","page":"1","search":"","timestamp":"2026-01-01 22:37:40"}
{"level":"debug","message":"Cache HIT: lecturers:v8:p1:l10:s","timestamp":"2026-01-01 22:37:40"}
{"level":"http","message":"GET /api/v1/lecturers?page=1&limit=10&search= 304 - - 95.928 ms","timestamp":"2026-01-01 22:37:40"}
{"level":"error","message":"Access token required","method":"GET","stack":"Error: Access token required\n    at Function.unauthorized (D:\\PROJECT\\Website-S1-TI\\backend\\src\\utils\\ApiError.ts:28:12)\n    at D:\\PROJECT\\Website-S1-TI\\backend\\src\\middleware\\auth.middleware.ts:18:24\n    at D:\\PROJECT\\Website-S1-TI\\backend\\src\\utils\\asyncHandler.ts:11:21\n    at Layer.handle [as handle_request] (D:\\PROJECT\\Website-S1-TI\\backend\\node_modules\\express\\lib\\router\\layer.js:95:5)\n    at next (D:\\PROJECT\\Website-S1-TI\\backend\\node_modules\\express\\lib\\router\\route.js:149:13)\n    at Route.dispatch (D:\\PROJECT\\Website-S1-TI\\backend\\node_modules\\express\\lib\\router\\route.js:119:3)\n    at Layer.handle [as handle_request] (D:\\PROJECT\\Website-S1-TI\\backend\\node_modules\\express\\lib\\router\\layer.js:95:5)\n    at D:\\PROJECT\\Website-S1-TI\\backend\\node_modules\\express\\lib\\router\\index.js:284:15\n    at Function.process_params (D:\\PROJECT\\Website-S1-TI\\backend\\node_modules\\express\\lib\\router\\index.js:346:12)\n    at next (D:\\PROJECT\\Website-S1-TI\\backend\\node_modules\\express\\lib\\router\\index.js:280:10)","timestamp":"2026-01-01 22:38:31","url":"/api/v1/auth/me"}
{"level":"http","message":"GET /api/v1/auth/me 401 - - 12.411 ms","timestamp":"2026-01-01 22:38:31"}
{"level":"error","message":"Access token required","method":"GET","stack":"Error: Access token required\n    at Function.unauthorized (D:\\PROJECT\\Website-S1-TI\\backend\\src\\utils\\ApiError.ts:28:12)\n    at D:\\PROJECT\\Website-S1-TI\\backend\\src\\middleware\\auth.middleware.ts:18:24\n    at D:\\PROJECT\\Website-S1-TI\\backend\\src\\utils\\asyncHandler.ts:11:21\n    at Layer.handle [as handle_request] (D:\\PROJECT\\Website-S1-TI\\backend\\node_modules\\express\\lib\\router\\layer.js:95:5)\n    at next (D:\\PROJECT\\Website-S1-TI\\backend\\node_modules\\express\\lib\\router\\route.js:149:13)\n    at Route.dispatch (D:\\PROJECT\\Website-S1-TI\\backend\\node_modules\\express\\lib\\router\\route.js:119:3)\n    at Layer.handle [as handle_request] (D:\\PROJECT\\Website-S1-TI\\backend\\node_modules\\express\\lib\\router\\layer.js:95:5)\n    at D:\\PROJECT\\Website-S1-TI\\backend\\node_modules\\express\\lib\\router\\index.js:284:15\n    at Function.process_params (D:\\PROJECT\\Website-S1-TI\\backend\\node_modules\\express\\lib\\router\\index.js:346:12)\n    at next (D:\\PROJECT\\Website-S1-TI\\backend\\node_modules\\express\\lib\\router\\index.js:280:10)","timestamp":"2026-01-01 22:38:31","url":"/api/v1/auth/me"}
{"level":"http","message":"GET /api/v1/auth/me 401 - - 3.454 ms","timestamp":"2026-01-01 22:38:31"}
{"$__":{"activePaths":{"paths":{"__v":"init","_id":"init","authProvider":"init","createdAt":"init","isActive":"init","isEmailVerified":"init","lastLogin":"init","password":"init","photo":"init","role":"init","updatedAt":"init","username":"init"},"states":{"default":{},"init":{"__v":true,"_id":true,"authProvider":true,"createdAt":true,"isActive":true,"isEmailVerified":true,"lastLogin":true,"password":true,"photo":true,"role":true,"updatedAt":true,"username":true},"require":{}}},"skipId":true},"$isNew":false,"_doc":{"__v":0,"_id":"69465fd9b117ed88373742b5","authProvider":"local","createdAt":"2025-12-20T08:35:37.075Z","isActive":true,"isEmailVerified":false,"lastLogin":"2026-01-01T15:28:07.560Z","password":"$2b$10$Bh/F90Y.xA1rpUlLZ8XM6.s/rC47Qm25cLAO6mdkmQFuKw/prYCH6","photo":"","role":"admin","updatedAt":"2026-01-01T15:28:07.561Z","username":"admin"},"level":"info","message":"User","timestamp":"2026-01-01 22:40:41"}
{"$__":{"$versionError":null,"activePaths":{"paths":{"__v":"init","_id":"init","authProvider":"init","createdAt":"init","isActive":"init","isEmailVerified":"init","password":"init","photo":"init","role":"init","username":"require"},"states":{"default":{},"init":{"__v":true,"_id":true,"authProvider":true,"createdAt":true,"isActive":true,"isEmailVerified":true,"password":true,"photo":true,"role":true},"modify":{},"require":{"username":true}}},"backup":{"activePaths":{"default":{},"modify":{"lastLogin":true,"updatedAt":true}},"validationError":null},"cachedRequired":{},"inserting":false,"modifiedPaths":["lastLogin","updatedAt"],"op":null,"saveOptions":null,"savedState":{},"saving":null,"skipId":true,"validating":null},"$isNew":false,"_doc":{"__v":0,"_id":"69465fd9b117ed88373742b5","authProvider":"local","createdAt":"2025-12-20T08:35:37.075Z","isActive":true,"isEmailVerified":false,"lastLogin":"2026-01-01T15:40:41.254Z","password":"$2b$10$Bh/F90Y.xA1rpUlLZ8XM6.s/rC47Qm25cLAO6mdkmQFuKw/prYCH6","photo":"","role":"admin","updatedAt":"2026-01-01T15:40:41.269Z","username":"admin"},"level":"info","message":"Generating token : ","timestamp":"2026-01-01 22:40:41"}
{"accessToken":"eyJhbGciOiJIUzI1NiIsInR5cCI6IkpXVCJ9.eyJpZCI6IjY5NDY1ZmQ5YjExN2VkODgzNzM3NDJiNSIsInVzZXJuYW1lIjoiYWRtaW4iLCJyb2xlIjoiYWRtaW4iLCJhdXRoUHJvdmlkZXIiOiJsb2NhbCIsImlhdCI6MTc2NzI4MjA0MSwiZXhwIjoxNzY3MjgyMTYxfQ.nOpL5HRv7ryyOUL4zCd4HangFo6KMF1_KI-6f8HsVCk","level":"info","message":"Admin logged in:","refreshToken":"eyJhbGciOiJIUzI1NiIsInR5cCI6IkpXVCJ9.eyJpZCI6IjY5NDY1ZmQ5YjExN2VkODgzNzM3NDJiNSIsInVzZXJuYW1lIjoiYWRtaW4iLCJyb2xlIjoiYWRtaW4iLCJhdXRoUHJvdmlkZXIiOiJsb2NhbCIsImlhdCI6MTc2NzI4MjA0MSwiZXhwIjoxNzY3ODg2ODQxfQ.ovy_RY1JRecxFSwxhJxJJB156k1ILq1RzL-xxNX9vnE","timestamp":"2026-01-01 22:40:41","user":{"authProvider":"local","id":"69465fd9b117ed88373742b5","photo":"","role":"admin","username":"admin"}}
{"level":"info","message":"Cookies set for admin login : ","timestamp":"2026-01-01 22:40:41"}
{"level":"http","message":"POST /api/v1/auth/admin 200 86 - 508.256 ms","timestamp":"2026-01-01 22:40:41"}
{"level":"http","message":"GET /api/v1/auth/me 304 - - 61.000 ms","timestamp":"2026-01-01 22:40:41"}
{"level":"http","message":"GET /api/v1/announcements/admin?page=1&limit=10&search= 404 45 - 0.557 ms","timestamp":"2026-01-01 22:40:44"}
{"level":"http","message":"GET /api/v1/announcements/admin?page=1&limit=10&search= 404 45 - 0.393 ms","timestamp":"2026-01-01 22:40:44"}
{"level":"info","limit":"10","message":"Query params: ","page":"1","search":"","timestamp":"2026-01-01 22:40:47"}
{"level":"debug","message":"Cache HIT: lecturers:v8:p1:l10:s","timestamp":"2026-01-01 22:40:48"}
{"level":"http","message":"GET /api/v1/lecturers?page=1&limit=10&search= 304 - - 216.394 ms","timestamp":"2026-01-01 22:40:48"}
{"level":"info","limit":"10","message":"Query params: ","page":"1","search":"","timestamp":"2026-01-01 22:40:48"}
{"level":"debug","message":"Cache HIT: lecturers:v8:p1:l10:s","timestamp":"2026-01-01 22:40:48"}
{"level":"http","message":"GET /api/v1/lecturers?page=1&limit=10&search= 304 - - 238.456 ms","timestamp":"2026-01-01 22:40:48"}
{"level":"http","message":"GET /api/v1/auth/me 304 - - 422.370 ms","timestamp":"2026-01-01 22:43:49"}
{"level":"info","limit":"10","message":"Query params: ","page":"1","search":"","timestamp":"2026-01-01 22:43:49"}
{"level":"http","message":"GET /api/v1/auth/me 304 - - 53.039 ms","timestamp":"2026-01-01 22:43:49"}
{"level":"debug","message":"Cache HIT: lecturers:v8:p1:l10:s","timestamp":"2026-01-01 22:43:49"}
{"level":"http","message":"GET /api/v1/lecturers?page=1&limit=10&search= 304 - - 122.327 ms","timestamp":"2026-01-01 22:43:49"}
{"level":"info","limit":"10","message":"Query params: ","page":"1","search":"","timestamp":"2026-01-01 22:43:49"}
{"level":"debug","message":"Cache HIT: lecturers:v8:p1:l10:s","timestamp":"2026-01-01 22:43:50"}
{"level":"http","message":"GET /api/v1/lecturers?page=1&limit=10&search= 304 - - 111.851 ms","timestamp":"2026-01-01 22:43:50"}
{"level":"info","limit":"10","message":"Query params: ","page":"2","search":"","timestamp":"2026-01-01 22:44:04"}
{"level":"http","message":"GET /api/v1/lecturers?page=2&limit=10&search= 200 - - 436.973 ms","timestamp":"2026-01-01 22:44:04"}
{"level":"http","message":"GET /api/v1/announcements/admin?page=1&limit=10&search= 404 45 - 0.227 ms","timestamp":"2026-01-01 22:45:35"}
{"level":"http","message":"GET /api/v1/announcements/admin?page=1&limit=10&search= 404 45 - 0.340 ms","timestamp":"2026-01-01 22:45:35"}
{"level":"info","message":"Creating upload middleware for lecturers","timestamp":"2026-01-01 22:46:53"}
{"level":"info","message":"Creating upload middleware for news","timestamp":"2026-01-01 22:46:53"}
{"level":"info","message":"Creating upload middleware for users","timestamp":"2026-01-01 22:46:53"}
{"level":"info","message":"Starting Connection Server","timestamp":"2026-01-01 22:46:54"}
{"level":"info","message":"Connected to MongoDB","timestamp":"2026-01-01 22:46:55"}
{"level":"info","message":"Connecting to Redis...","timestamp":"2026-01-01 22:46:55"}
{"level":"info","message":"Redis connected and ready","timestamp":"2026-01-01 22:46:55"}
{"level":"info","message":"🚀 Server running on port 5000","timestamp":"2026-01-01 22:46:55"}
{"level":"info","message":"📝 Environment: development","timestamp":"2026-01-01 22:46:55"}
{"level":"info","message":"Creating upload middleware for lecturers","timestamp":"2026-01-01 22:47:37"}
{"level":"info","message":"Creating upload middleware for news","timestamp":"2026-01-01 22:47:37"}
{"level":"info","message":"Creating upload middleware for users","timestamp":"2026-01-01 22:47:37"}
{"level":"info","message":"Starting Connection Server","timestamp":"2026-01-01 22:47:39"}
{"level":"info","message":"Connected to MongoDB","timestamp":"2026-01-01 22:47:39"}
{"level":"info","message":"Connecting to Redis...","timestamp":"2026-01-01 22:47:39"}
{"level":"info","message":"Redis connected and ready","timestamp":"2026-01-01 22:47:39"}
{"level":"info","message":"🚀 Server running on port 5000","timestamp":"2026-01-01 22:47:39"}
{"level":"info","message":"📝 Environment: development","timestamp":"2026-01-01 22:47:39"}
{"$__":{"activePaths":{"paths":{"__v":"init","_id":"init","authProvider":"init","createdAt":"init","isActive":"init","isEmailVerified":"init","lastLogin":"init","password":"init","photo":"init","role":"init","updatedAt":"init","username":"init"},"states":{"default":{},"init":{"__v":true,"_id":true,"authProvider":true,"createdAt":true,"isActive":true,"isEmailVerified":true,"lastLogin":true,"password":true,"photo":true,"role":true,"updatedAt":true,"username":true},"require":{}}},"skipId":true},"$isNew":false,"_doc":{"__v":0,"_id":"69465fd9b117ed88373742b5","authProvider":"local","createdAt":"2025-12-20T08:35:37.075Z","isActive":true,"isEmailVerified":false,"lastLogin":"2026-01-01T15:40:41.254Z","password":"$2b$10$Bh/F90Y.xA1rpUlLZ8XM6.s/rC47Qm25cLAO6mdkmQFuKw/prYCH6","photo":"","role":"admin","updatedAt":"2026-01-01T15:40:41.269Z","username":"admin"},"level":"info","message":"User","timestamp":"2026-01-01 22:47:43"}
{"$__":{"$versionError":null,"activePaths":{"paths":{"__v":"init","_id":"init","authProvider":"init","createdAt":"init","isActive":"init","isEmailVerified":"init","password":"init","photo":"init","role":"init","username":"require"},"states":{"default":{},"init":{"__v":true,"_id":true,"authProvider":true,"createdAt":true,"isActive":true,"isEmailVerified":true,"password":true,"photo":true,"role":true},"modify":{},"require":{"username":true}}},"backup":{"activePaths":{"default":{},"modify":{"lastLogin":true,"updatedAt":true}},"validationError":null},"cachedRequired":{},"inserting":false,"modifiedPaths":["lastLogin","updatedAt"],"op":null,"saveOptions":null,"savedState":{},"saving":null,"skipId":true,"validating":null},"$isNew":false,"_doc":{"__v":0,"_id":"69465fd9b117ed88373742b5","authProvider":"local","createdAt":"2025-12-20T08:35:37.075Z","isActive":true,"isEmailVerified":false,"lastLogin":"2026-01-01T15:47:43.913Z","password":"$2b$10$Bh/F90Y.xA1rpUlLZ8XM6.s/rC47Qm25cLAO6mdkmQFuKw/prYCH6","photo":"","role":"admin","updatedAt":"2026-01-01T15:47:43.925Z","username":"admin"},"level":"info","message":"Generating token : ","timestamp":"2026-01-01 22:47:43"}
{"accessToken":"eyJhbGciOiJIUzI1NiIsInR5cCI6IkpXVCJ9.eyJpZCI6IjY5NDY1ZmQ5YjExN2VkODgzNzM3NDJiNSIsInVzZXJuYW1lIjoiYWRtaW4iLCJyb2xlIjoiYWRtaW4iLCJhdXRoUHJvdmlkZXIiOiJsb2NhbCIsImlhdCI6MTc2NzI4MjQ2MywiZXhwIjoxNzY3MjgyNTgzfQ.3ZRGa1DYesQNRnWA4mOy7fvVh-nyWO2cMC3GURgkstk","level":"info","message":"Admin logged in:","refreshToken":"eyJhbGciOiJIUzI1NiIsInR5cCI6IkpXVCJ9.eyJpZCI6IjY5NDY1ZmQ5YjExN2VkODgzNzM3NDJiNSIsInVzZXJuYW1lIjoiYWRtaW4iLCJyb2xlIjoiYWRtaW4iLCJhdXRoUHJvdmlkZXIiOiJsb2NhbCIsImlhdCI6MTc2NzI4MjQ2MywiZXhwIjoxNzY3ODg3MjYzfQ.dpz-86StMYg4b5MwIHmQAgGsH9gi1y0E5ZI989PBOhE","timestamp":"2026-01-01 22:47:43","user":{"authProvider":"local","id":"69465fd9b117ed88373742b5","photo":"","role":"admin","username":"admin"}}
{"level":"info","message":"Cookies set for admin login : ","timestamp":"2026-01-01 22:47:43"}
{"level":"http","message":"POST /api/v1/auth/admin 200 86 - 197.516 ms","timestamp":"2026-01-01 22:47:43"}
{"level":"http","message":"GET /api/v1/auth/me 304 - - 52.047 ms","timestamp":"2026-01-01 22:47:44"}
{"level":"info","message":"Cache HIT: news:v0:p1:l10:s","timestamp":"2026-01-01 22:48:12"}
{"level":"http","message":"GET /api/v1/announcements/admin?page=1&limit=10&search= - - - - ms","timestamp":"2026-01-01 22:48:47"}
{"level":"http","message":"GET /api/v1/announcements/admin?page=1&limit=10&search= - - - - ms","timestamp":"2026-01-01 22:48:47"}
{"level":"http","message":"GET /api/v1/auth/me 304 - - 390.723 ms","timestamp":"2026-01-01 22:48:49"}
{"level":"http","message":"GET /api/v1/auth/me 304 - - 59.200 ms","timestamp":"2026-01-01 22:48:49"}
{"level":"info","message":"Cache HIT: news:v0:p1:l10:s","timestamp":"2026-01-01 22:48:49"}
{"level":"info","message":"Cache HIT: news:v0:p1:l10:s","timestamp":"2026-01-01 22:49:09"}
{"level":"http","message":"GET /api/v1/announcements/admin?page=1&limit=10&search= - - - - ms","timestamp":"2026-01-01 22:52:58"}
{"level":"http","message":"GET /api/v1/announcements/admin?page=1&limit=10&search= - - - - ms","timestamp":"2026-01-01 22:52:58"}
{"level":"http","message":"GET /api/v1/auth/me 304 - - 681.335 ms","timestamp":"2026-01-01 22:52:59"}
{"level":"http","message":"GET /api/v1/auth/me 304 - - 85.422 ms","timestamp":"2026-01-01 22:52:59"}
{"level":"info","message":"Cache HIT: news:v0:p1:l10:s","timestamp":"2026-01-01 22:53:00"}
{"level":"info","message":"Cache HIT: news:v0:p1:l10:s","timestamp":"2026-01-01 22:53:19"}
{"level":"info","message":"Cache HIT: news:v0:p1:l10:s","timestamp":"2026-01-01 22:54:10"}
{"level":"info","message":"Creating upload middleware for lecturers","timestamp":"2026-01-01 22:54:34"}
{"level":"info","message":"Creating upload middleware for news","timestamp":"2026-01-01 22:54:34"}
{"level":"info","message":"Creating upload middleware for users","timestamp":"2026-01-01 22:54:34"}
{"level":"info","message":"Starting Connection Server","timestamp":"2026-01-01 22:54:36"}
{"level":"info","message":"Connected to MongoDB","timestamp":"2026-01-01 22:54:37"}
{"level":"info","message":"Connecting to Redis...","timestamp":"2026-01-01 22:54:37"}
{"level":"info","message":"Redis connected and ready","timestamp":"2026-01-01 22:54:37"}
{"level":"info","message":"🚀 Server running on port 5000","timestamp":"2026-01-01 22:54:37"}
{"level":"info","message":"📝 Environment: development","timestamp":"2026-01-01 22:54:37"}
{"level":"info","message":"Creating upload middleware for lecturers","timestamp":"2026-01-01 22:58:11"}
{"level":"info","message":"Creating upload middleware for news","timestamp":"2026-01-01 22:58:11"}
{"level":"info","message":"Creating upload middleware for users","timestamp":"2026-01-01 22:58:11"}
{"level":"info","message":"Starting Connection Server","timestamp":"2026-01-01 22:58:13"}
{"level":"info","message":"Connected to MongoDB","timestamp":"2026-01-01 22:58:13"}
{"level":"info","message":"Connecting to Redis...","timestamp":"2026-01-01 22:58:13"}
{"level":"info","message":"Redis connected and ready","timestamp":"2026-01-01 22:58:14"}
{"level":"info","message":"🚀 Server running on port 5000","timestamp":"2026-01-01 22:58:14"}
{"level":"info","message":"📝 Environment: development","timestamp":"2026-01-01 22:58:14"}
{"level":"info","message":"Creating upload middleware for lecturers","timestamp":"2026-01-01 23:01:13"}
{"level":"info","message":"Creating upload middleware for news","timestamp":"2026-01-01 23:01:13"}
{"level":"info","message":"Creating upload middleware for users","timestamp":"2026-01-01 23:01:13"}
{"level":"info","message":"Starting Connection Server","timestamp":"2026-01-01 23:01:15"}
{"level":"info","message":"Connected to MongoDB","timestamp":"2026-01-01 23:01:16"}
{"level":"info","message":"Connecting to Redis...","timestamp":"2026-01-01 23:01:16"}
{"level":"info","message":"Redis connected and ready","timestamp":"2026-01-01 23:01:16"}
{"level":"info","message":"🚀 Server running on port 5000","timestamp":"2026-01-01 23:01:16"}
{"level":"info","message":"📝 Environment: development","timestamp":"2026-01-01 23:01:16"}
{"level":"info","message":"Creating upload middleware for lecturers","timestamp":"2026-01-01 23:06:12"}
{"level":"info","message":"Creating upload middleware for news","timestamp":"2026-01-01 23:06:12"}
{"level":"info","message":"Creating upload middleware for users","timestamp":"2026-01-01 23:06:12"}
{"level":"info","message":"Starting Connection Server","timestamp":"2026-01-01 23:06:14"}
{"level":"info","message":"Connected to MongoDB","timestamp":"2026-01-01 23:06:15"}
{"level":"info","message":"Connecting to Redis...","timestamp":"2026-01-01 23:06:15"}
{"level":"info","message":"Redis connected and ready","timestamp":"2026-01-01 23:06:15"}
{"level":"info","message":"🚀 Server running on port 5000","timestamp":"2026-01-01 23:06:15"}
{"level":"info","message":"📝 Environment: development","timestamp":"2026-01-01 23:06:15"}
{"level":"info","message":"Creating upload middleware for lecturers","timestamp":"2026-01-01 23:12:14"}
{"level":"info","message":"Creating upload middleware for news","timestamp":"2026-01-01 23:12:14"}
{"level":"info","message":"Creating upload middleware for users","timestamp":"2026-01-01 23:12:14"}
{"level":"info","message":"Starting Connection Server","timestamp":"2026-01-01 23:12:17"}
{"level":"info","message":"Connected to MongoDB","timestamp":"2026-01-01 23:12:17"}
{"level":"info","message":"Connecting to Redis...","timestamp":"2026-01-01 23:12:17"}
{"level":"info","message":"Redis connected and ready","timestamp":"2026-01-01 23:12:17"}
{"level":"info","message":"🚀 Server running on port 5000","timestamp":"2026-01-01 23:12:17"}
{"level":"info","message":"📝 Environment: development","timestamp":"2026-01-01 23:12:17"}
{"level":"info","limit":"10","message":"Query params: ","page":"1","search":"","timestamp":"2026-01-01 23:37:38"}
{"level":"debug","message":"Cache HIT: lecturers:v8:p1:l10:s","timestamp":"2026-01-01 23:37:38"}
{"level":"http","message":"GET /api/v1/lecturers?page=1&limit=10&search= 304 - - 133.743 ms","timestamp":"2026-01-01 23:37:38"}
{"level":"info","limit":"10","message":"Query params: ","page":"1","search":"","timestamp":"2026-01-01 23:37:38"}
{"level":"debug","message":"Cache HIT: lecturers:v8:p1:l10:s","timestamp":"2026-01-01 23:37:38"}
{"level":"http","message":"GET /api/v1/lecturers?page=1&limit=10&search= 304 - - 109.316 ms","timestamp":"2026-01-01 23:37:38"}
{"level":"error","message":"Access token required","method":"GET","stack":"Error: Access token required\n    at Function.unauthorized (D:\\PROJECT\\Website-S1-TI\\backend\\src\\utils\\ApiError.ts:28:12)\n    at D:\\PROJECT\\Website-S1-TI\\backend\\src\\middleware\\auth.middleware.ts:18:24\n    at D:\\PROJECT\\Website-S1-TI\\backend\\src\\utils\\asyncHandler.ts:11:21\n    at Layer.handle [as handle_request] (D:\\PROJECT\\Website-S1-TI\\backend\\node_modules\\express\\lib\\router\\layer.js:95:5)\n    at next (D:\\PROJECT\\Website-S1-TI\\backend\\node_modules\\express\\lib\\router\\route.js:149:13)\n    at Route.dispatch (D:\\PROJECT\\Website-S1-TI\\backend\\node_modules\\express\\lib\\router\\route.js:119:3)\n    at Layer.handle [as handle_request] (D:\\PROJECT\\Website-S1-TI\\backend\\node_modules\\express\\lib\\router\\layer.js:95:5)\n    at D:\\PROJECT\\Website-S1-TI\\backend\\node_modules\\express\\lib\\router\\index.js:284:15\n    at Function.process_params (D:\\PROJECT\\Website-S1-TI\\backend\\node_modules\\express\\lib\\router\\index.js:346:12)\n    at next (D:\\PROJECT\\Website-S1-TI\\backend\\node_modules\\express\\lib\\router\\index.js:280:10)","timestamp":"2026-01-01 23:37:38","url":"/api/v1/announcements/admin?page=1&limit=10&search="}
{"level":"http","message":"GET /api/v1/announcements/admin?page=1&limit=10&search= 401 - - 149.735 ms","timestamp":"2026-01-01 23:37:38"}
{"level":"error","message":"Access token required","method":"GET","stack":"Error: Access token required\n    at Function.unauthorized (D:\\PROJECT\\Website-S1-TI\\backend\\src\\utils\\ApiError.ts:28:12)\n    at D:\\PROJECT\\Website-S1-TI\\backend\\src\\middleware\\auth.middleware.ts:18:24\n    at D:\\PROJECT\\Website-S1-TI\\backend\\src\\utils\\asyncHandler.ts:11:21\n    at Layer.handle [as handle_request] (D:\\PROJECT\\Website-S1-TI\\backend\\node_modules\\express\\lib\\router\\layer.js:95:5)\n    at next (D:\\PROJECT\\Website-S1-TI\\backend\\node_modules\\express\\lib\\router\\route.js:149:13)\n    at Route.dispatch (D:\\PROJECT\\Website-S1-TI\\backend\\node_modules\\express\\lib\\router\\route.js:119:3)\n    at Layer.handle [as handle_request] (D:\\PROJECT\\Website-S1-TI\\backend\\node_modules\\express\\lib\\router\\layer.js:95:5)\n    at D:\\PROJECT\\Website-S1-TI\\backend\\node_modules\\express\\lib\\router\\index.js:284:15\n    at Function.process_params (D:\\PROJECT\\Website-S1-TI\\backend\\node_modules\\express\\lib\\router\\index.js:346:12)\n    at next (D:\\PROJECT\\Website-S1-TI\\backend\\node_modules\\express\\lib\\router\\index.js:280:10)","timestamp":"2026-01-01 23:37:38","url":"/api/v1/announcements/admin?page=1&limit=10&search="}
{"level":"http","message":"GET /api/v1/announcements/admin?page=1&limit=10&search= 401 - - 2.816 ms","timestamp":"2026-01-01 23:37:38"}
{"level":"info","limit":"10","message":"Query params: ","page":"1","search":"","timestamp":"2026-01-01 23:37:39"}
{"level":"debug","message":"Cache HIT: lecturers:v8:p1:l10:s","timestamp":"2026-01-01 23:37:39"}
{"level":"http","message":"GET /api/v1/lecturers?page=1&limit=10&search= 304 - - 91.175 ms","timestamp":"2026-01-01 23:37:39"}
{"level":"info","limit":"10","message":"Query params: ","page":"1","search":"","timestamp":"2026-01-01 23:37:39"}
{"level":"debug","message":"Cache HIT: lecturers:v8:p1:l10:s","timestamp":"2026-01-01 23:37:39"}
{"level":"http","message":"GET /api/v1/lecturers?page=1&limit=10&search= 304 - - 105.000 ms","timestamp":"2026-01-01 23:37:39"}
{"level":"error","message":"Access token required","method":"GET","stack":"Error: Access token required\n    at Function.unauthorized (D:\\PROJECT\\Website-S1-TI\\backend\\src\\utils\\ApiError.ts:28:12)\n    at D:\\PROJECT\\Website-S1-TI\\backend\\src\\middleware\\auth.middleware.ts:18:24\n    at D:\\PROJECT\\Website-S1-TI\\backend\\src\\utils\\asyncHandler.ts:11:21\n    at Layer.handle [as handle_request] (D:\\PROJECT\\Website-S1-TI\\backend\\node_modules\\express\\lib\\router\\layer.js:95:5)\n    at next (D:\\PROJECT\\Website-S1-TI\\backend\\node_modules\\express\\lib\\router\\route.js:149:13)\n    at Route.dispatch (D:\\PROJECT\\Website-S1-TI\\backend\\node_modules\\express\\lib\\router\\route.js:119:3)\n    at Layer.handle [as handle_request] (D:\\PROJECT\\Website-S1-TI\\backend\\node_modules\\express\\lib\\router\\layer.js:95:5)\n    at D:\\PROJECT\\Website-S1-TI\\backend\\node_modules\\express\\lib\\router\\index.js:284:15\n    at Function.process_params (D:\\PROJECT\\Website-S1-TI\\backend\\node_modules\\express\\lib\\router\\index.js:346:12)\n    at next (D:\\PROJECT\\Website-S1-TI\\backend\\node_modules\\express\\lib\\router\\index.js:280:10)","timestamp":"2026-01-01 23:37:40","url":"/api/v1/announcements/admin?page=1&limit=10&search="}
{"level":"http","message":"GET /api/v1/announcements/admin?page=1&limit=10&search= 401 - - 2.088 ms","timestamp":"2026-01-01 23:37:40"}
{"level":"error","message":"Access token required","method":"GET","stack":"Error: Access token required\n    at Function.unauthorized (D:\\PROJECT\\Website-S1-TI\\backend\\src\\utils\\ApiError.ts:28:12)\n    at D:\\PROJECT\\Website-S1-TI\\backend\\src\\middleware\\auth.middleware.ts:18:24\n    at D:\\PROJECT\\Website-S1-TI\\backend\\src\\utils\\asyncHandler.ts:11:21\n    at Layer.handle [as handle_request] (D:\\PROJECT\\Website-S1-TI\\backend\\node_modules\\express\\lib\\router\\layer.js:95:5)\n    at next (D:\\PROJECT\\Website-S1-TI\\backend\\node_modules\\express\\lib\\router\\route.js:149:13)\n    at Route.dispatch (D:\\PROJECT\\Website-S1-TI\\backend\\node_modules\\express\\lib\\router\\route.js:119:3)\n    at Layer.handle [as handle_request] (D:\\PROJECT\\Website-S1-TI\\backend\\node_modules\\express\\lib\\router\\layer.js:95:5)\n    at D:\\PROJECT\\Website-S1-TI\\backend\\node_modules\\express\\lib\\router\\index.js:284:15\n    at Function.process_params (D:\\PROJECT\\Website-S1-TI\\backend\\node_modules\\express\\lib\\router\\index.js:346:12)\n    at next (D:\\PROJECT\\Website-S1-TI\\backend\\node_modules\\express\\lib\\router\\index.js:280:10)","timestamp":"2026-01-01 23:37:40","url":"/api/v1/announcements/admin?page=1&limit=10&search="}
{"level":"http","message":"GET /api/v1/announcements/admin?page=1&limit=10&search= 401 - - 1.773 ms","timestamp":"2026-01-01 23:37:40"}
