{"level":"info","message":"Creating upload middleware for lecturers","timestamp":"2026-01-03 18:11:30"}
{"level":"info","message":"Creating upload middleware for news","timestamp":"2026-01-03 18:11:30"}
{"level":"info","message":"Creating upload middleware for users","timestamp":"2026-01-03 18:11:30"}
{"level":"info","message":"Starting Connection Server","timestamp":"2026-01-03 18:11:34"}
{"level":"info","message":"Connected to MongoDB","timestamp":"2026-01-03 18:11:35"}
{"level":"info","message":"Connecting to Redis...","timestamp":"2026-01-03 18:11:35"}
{"level":"info","message":"Redis connected and ready","timestamp":"2026-01-03 18:11:35"}
{"level":"info","message":"🚀 Server running on port 5000","timestamp":"2026-01-03 18:11:35"}
{"level":"info","message":"📝 Environment: development","timestamp":"2026-01-03 18:11:35"}
{"level":"error","message":"Access token required","method":"GET","stack":"Error: Access token required\n    at Function.unauthorized (D:\\PROJECT\\Website-S1-TI\\backend\\src\\utils\\ApiError.ts:28:12)\n    at D:\\PROJECT\\Website-S1-TI\\backend\\src\\middleware\\auth.middleware.ts:18:24\n    at D:\\PROJECT\\Website-S1-TI\\backend\\src\\utils\\asyncHandler.ts:11:21\n    at Layer.handle [as handle_request] (D:\\PROJECT\\Website-S1-TI\\backend\\node_modules\\express\\lib\\router\\layer.js:95:5)\n    at next (D:\\PROJECT\\Website-S1-TI\\backend\\node_modules\\express\\lib\\router\\route.js:149:13)\n    at Route.dispatch (D:\\PROJECT\\Website-S1-TI\\backend\\node_modules\\express\\lib\\router\\route.js:119:3)\n    at Layer.handle [as handle_request] (D:\\PROJECT\\Website-S1-TI\\backend\\node_modules\\express\\lib\\router\\layer.js:95:5)\n    at D:\\PROJECT\\Website-S1-TI\\backend\\node_modules\\express\\lib\\router\\index.js:284:15\n    at Function.process_params (D:\\PROJECT\\Website-S1-TI\\backend\\node_modules\\express\\lib\\router\\index.js:346:12)\n    at next (D:\\PROJECT\\Website-S1-TI\\backend\\node_modules\\express\\lib\\router\\index.js:280:10)","timestamp":"2026-01-03 18:11:37","url":"/api/v1/auth/me"}
{"level":"http","message":"GET /api/v1/auth/me 401 - - 9.245 ms","timestamp":"2026-01-03 18:11:37"}
{"level":"error","message":"Access token required","method":"GET","stack":"Error: Access token required\n    at Function.unauthorized (D:\\PROJECT\\Website-S1-TI\\backend\\src\\utils\\ApiError.ts:28:12)\n    at D:\\PROJECT\\Website-S1-TI\\backend\\src\\middleware\\auth.middleware.ts:18:24\n    at D:\\PROJECT\\Website-S1-TI\\backend\\src\\utils\\asyncHandler.ts:11:21\n    at Layer.handle [as handle_request] (D:\\PROJECT\\Website-S1-TI\\backend\\node_modules\\express\\lib\\router\\layer.js:95:5)\n    at next (D:\\PROJECT\\Website-S1-TI\\backend\\node_modules\\express\\lib\\router\\route.js:149:13)\n    at Route.dispatch (D:\\PROJECT\\Website-S1-TI\\backend\\node_modules\\express\\lib\\router\\route.js:119:3)\n    at Layer.handle [as handle_request] (D:\\PROJECT\\Website-S1-TI\\backend\\node_modules\\express\\lib\\router\\layer.js:95:5)\n    at D:\\PROJECT\\Website-S1-TI\\backend\\node_modules\\express\\lib\\router\\index.js:284:15\n    at Function.process_params (D:\\PROJECT\\Website-S1-TI\\backend\\node_modules\\express\\lib\\router\\index.js:346:12)\n    at next (D:\\PROJECT\\Website-S1-TI\\backend\\node_modules\\express\\lib\\router\\index.js:280:10)","timestamp":"2026-01-03 18:11:37","url":"/api/v1/auth/me"}
{"level":"http","message":"GET /api/v1/auth/me 401 - - 3.798 ms","timestamp":"2026-01-03 18:11:37"}
{"$__":{"activePaths":{"paths":{"__v":"init","_id":"init","authProvider":"init","createdAt":"init","isActive":"init","isEmailVerified":"init","lastLogin":"init","password":"init","photo":"init","role":"init","updatedAt":"init","username":"init"},"states":{"default":{},"init":{"__v":true,"_id":true,"authProvider":true,"createdAt":true,"isActive":true,"isEmailVerified":true,"lastLogin":true,"password":true,"photo":true,"role":true,"updatedAt":true,"username":true},"require":{}}},"skipId":true},"$isNew":false,"_doc":{"__v":0,"_id":"69465fd9b117ed88373742b5","authProvider":"local","createdAt":"2025-12-20T08:35:37.075Z","isActive":true,"isEmailVerified":false,"lastLogin":"2026-01-02T12:26:58.998Z","password":"$2b$10$Bh/F90Y.xA1rpUlLZ8XM6.s/rC47Qm25cLAO6mdkmQFuKw/prYCH6","photo":"","role":"admin","updatedAt":"2026-01-02T12:26:59.005Z","username":"admin"},"level":"info","message":"User","timestamp":"2026-01-03 18:11:50"}
{"$__":{"$versionError":null,"activePaths":{"paths":{"__v":"init","_id":"init","authProvider":"init","createdAt":"init","isActive":"init","isEmailVerified":"init","password":"init","photo":"init","role":"init","username":"require"},"states":{"default":{},"init":{"__v":true,"_id":true,"authProvider":true,"createdAt":true,"isActive":true,"isEmailVerified":true,"password":true,"photo":true,"role":true},"modify":{},"require":{"username":true}}},"backup":{"activePaths":{"default":{},"modify":{"lastLogin":true,"updatedAt":true}},"validationError":null},"cachedRequired":{},"inserting":false,"modifiedPaths":["lastLogin","updatedAt"],"op":null,"saveOptions":null,"savedState":{},"saving":null,"skipId":true,"validating":null},"$isNew":false,"_doc":{"__v":0,"_id":"69465fd9b117ed88373742b5","authProvider":"local","createdAt":"2025-12-20T08:35:37.075Z","isActive":true,"isEmailVerified":false,"lastLogin":"2026-01-03T11:11:50.991Z","password":"$2b$10$Bh/F90Y.xA1rpUlLZ8XM6.s/rC47Qm25cLAO6mdkmQFuKw/prYCH6","photo":"","role":"admin","updatedAt":"2026-01-03T11:11:51.001Z","username":"admin"},"level":"info","message":"Generating token : ","timestamp":"2026-01-03 18:11:51"}
{"accessToken":"eyJhbGciOiJIUzI1NiIsInR5cCI6IkpXVCJ9.eyJpZCI6IjY5NDY1ZmQ5YjExN2VkODgzNzM3NDJiNSIsInVzZXJuYW1lIjoiYWRtaW4iLCJyb2xlIjoiYWRtaW4iLCJhdXRoUHJvdmlkZXIiOiJsb2NhbCIsImlhdCI6MTc2NzQzODcxMSwiZXhwIjoxNzY3NDM4ODMxfQ.gUSNPxo3Pgmn0czkjDOZqPg4zHbrMBW2th9L4TgY-Qc","level":"info","message":"Admin logged in:","refreshToken":"eyJhbGciOiJIUzI1NiIsInR5cCI6IkpXVCJ9.eyJpZCI6IjY5NDY1ZmQ5YjExN2VkODgzNzM3NDJiNSIsInVzZXJuYW1lIjoiYWRtaW4iLCJyb2xlIjoiYWRtaW4iLCJhdXRoUHJvdmlkZXIiOiJsb2NhbCIsImlhdCI6MTc2NzQzODcxMSwiZXhwIjoxNzY4MDQzNTExfQ.-nooAgL5Oaad5W3ZD_zH7V_vhvmOb7yRHrbukEACyrc","timestamp":"2026-01-03 18:11:51","user":{"authProvider":"local","id":"69465fd9b117ed88373742b5","photo":"","role":"admin","username":"admin"}}
{"level":"info","message":"Cookies set for admin login : ","timestamp":"2026-01-03 18:11:51"}
{"level":"http","message":"POST /api/v1/auth/admin 200 86 - 530.117 ms","timestamp":"2026-01-03 18:11:51"}
{"level":"http","message":"GET /api/v1/auth/me 304 - - 48.835 ms","timestamp":"2026-01-03 18:11:51"}
{"level":"http","message":"GET /api/v1/announcements/admin?page=1&limit=10&search= 304 - - 433.595 ms","timestamp":"2026-01-03 18:11:53"}
{"level":"info","message":"Cache HIT: news:v4:p1:l10:s","timestamp":"2026-01-03 18:11:53"}
{"level":"http","message":"GET /api/v1/announcements/admin?page=1&limit=10&search= 304 - - 228.385 ms","timestamp":"2026-01-03 18:11:53"}
{"level":"info","message":"Creating upload middleware for lecturers","timestamp":"2026-01-03 18:13:14"}
{"level":"info","message":"Creating upload middleware for news","timestamp":"2026-01-03 18:13:14"}
{"level":"info","message":"Creating upload middleware for users","timestamp":"2026-01-03 18:13:14"}
{"level":"info","message":"Starting Connection Server","timestamp":"2026-01-03 18:13:15"}
{"level":"info","message":"Connected to MongoDB","timestamp":"2026-01-03 18:13:16"}
{"level":"info","message":"Connecting to Redis...","timestamp":"2026-01-03 18:13:16"}
{"level":"info","message":"Redis connected and ready","timestamp":"2026-01-03 18:13:16"}
{"level":"info","message":"🚀 Server running on port 5000","timestamp":"2026-01-03 18:13:16"}
{"level":"info","message":"📝 Environment: development","timestamp":"2026-01-03 18:13:16"}
