{"level":"info","message":"Creating upload middleware for lecturers","timestamp":"2026-01-05 00:01:53"}
{"level":"info","message":"Creating upload middleware for news","timestamp":"2026-01-05 00:01:53"}
{"level":"info","message":"Creating upload middleware for users","timestamp":"2026-01-05 00:01:53"}
{"level":"info","message":"Starting Connection Server","timestamp":"2026-01-05 00:01:55"}
{"level":"info","message":"Connected to MongoDB","timestamp":"2026-01-05 00:01:57"}
{"level":"info","message":"Connecting to Redis...","timestamp":"2026-01-05 00:01:57"}
{"level":"info","message":"Redis connected and ready","timestamp":"2026-01-05 00:01:57"}
{"level":"info","message":"🚀 Server running on port 5000","timestamp":"2026-01-05 00:01:57"}
{"level":"info","message":"📝 Environment: development","timestamp":"2026-01-05 00:01:57"}
{"level":"http","message":"GET /api/v1/auth/me 304 - - 1928.931 ms","timestamp":"2026-01-05 00:01:59"}
{"level":"http","message":"GET /api/v1/auth/me 304 - - 174.915 ms","timestamp":"2026-01-05 00:01:59"}
{"level":"info","limit":"10","message":"Query params: ","page":"1","search":"","timestamp":"2026-01-05 00:02:15"}
{"level":"info","message":"Highlight fetched successfully","timestamp":"2026-01-05 00:02:21"}
{"level":"http","message":"GET /api/v1/highlight/ 304 - - 622.464 ms","timestamp":"2026-01-05 00:02:21"}
{"level":"http","message":"GET /uploads/news/b8bc76da-d3c1-4ddf-a2c8-091825562854.webp 304 - - 4.367 ms","timestamp":"2026-01-05 00:02:21"}
{"0":{"email":"afiasyer@gmail.com","expertise":["Data Science & Machine Learning (Computer Vision, NLP, Data Mining)","Artificial Intelligence (YOLO, Deep Learning, Neuro-Fuzzy, Expert Systems)"],"externalLink":null,"fullname":"Afiyatar Asyer, S. Kom. ","id":"693177da1ca09be5737e1539","isActive":true,"photo":"https://drive.google.com/u/0/open?usp=forms_web&id=10u8pl5Xty6G5pdL9sOPT55EwCb8oH9hH","username":"972023028@student.uksw.edu"},"1":{"email":"adi.nugroho@uksw.edu","expertise":["Database","Programming","Software Engineering","Machine Learning","Data Science"],"externalLink":"https://scholar.google.com/citations?user=SzV1emoAAAAJ&hl=id","fullname":"Dr. Adi Nugroho, ST, MMSI","id":"693177da1ca09be5737e153a","isActive":true,"photo":"https://drive.google.com/u/0/open?usp=forms_web&id=1903uQvK1Gz6ssUn9F-G9EhewCq_6MBQ8","username":"adi.nugroho@uksw.edu"},"2":{"email":"anglingkusumandhita@gmail.com","expertise":["Web Programming, Desktop Programming","Mobile Programming","Artificial Intelegence"],"externalLink":"https://www.instagram.com/angling_kusumandhita.raden/ ","fullname":"Angling Kusumandhita Raden, S.T., M.M.","id":"693177da1ca09be5737e1536","isActive":true,"photo":"https://drive.google.com/u/0/open?usp=forms_web&id=1gsE3Wx5iLdtjiI5voZ-aClvKXg9zpGYU","username":"anglingkusumandhita@gmail.com"},"3":{"email":"kristoko@uksw.edu","expertise":["Artificial Intelligence & Machine Learning","Time Series Forecasting & Data Analytics"],"externalLink":null,"fullname":"Prof. Dr. Kristoko Dwi Hartomo, M.Kom","id":"693177da1ca09be5737e152f","isActive":true,"photo":"https://drive.google.com/u/0/open?usp=forms_web&id=1EUNhY9oWYcfifpO7ZCVDBcGEo_VUA0g6","username":"backupham387@gmail.com"},"4":{"email":"charitas.fibriani@uksw.edu","expertise":["Data Analysis"],"externalLink":null,"fullname":"Dr. Charitas Fibriani, S.Kom., M.Eng.","id":"693177da1ca09be5737e1537","isActive":true,"photo":"https://drive.google.com/u/0/open?usp=forms_web&id=1V37DGeAsJ37FcKbDfyNjNrPdYGZe4xLg","username":"charitasf@gmail.com"},"5":{"email":"chris.rudianto@uksw.edu","expertise":["Sistem Dan Teknologi Informasi","e-Government/Pemerintah Digital"],"externalLink":null,"fullname":"Ir. Christ Rudianto, MT.","id":"693177da1ca09be5737e152e","isActive":true,"photo":"https://drive.google.com/u/0/open?usp=forms_web&id=1CoXC2H228T4WARHrwc6NrN_fjrYTc-sR","username":"chris.rudianto@uksw.edu"},"6":{"email":"christa.tehusalawany@uksw.edu","expertise":["English as a foreign language teaching","English for Specific Purposes","Indonesian language for foreign speakers"],"externalLink":"LinkedIn https://id.linkedin.com/in/christa-tehusalawany","fullname":"Christa Audrea Yosevana Tehusalawany, M.Pd.","id":"693177da1ca09be5737e1535","isActive":true,"photo":"https://drive.google.com/u/0/open?usp=forms_web&id=1wKcD71EjroHz0YppVOqfyGQ4_uKQAPtQ","username":"christa.tehusalawany@uksw.edu"},"7":{"email":"danang.widiatmoko@uksw.edu","expertise":["Human and Computer Interaction","Web Design","Web Programming","UI/UX Design","UX Design","Design and Multimedia","Graphic Design","Design Analysis","Media Production"],"externalLink":null,"fullname":"Danang Tri Widiatmoko, S.Ds., M.Kom.","id":"693177da1ca09be5737e1533","isActive":true,"photo":"https://drive.google.com/u/0/open?usp=forms_web&id=1AdUqrG8ELNPNntIQHFF8LI8dNSVOthBK","username":"danang.widiatmoko@uksw.edu"},"8":{"email":"daniel.kurniawan@uksw.edu","expertise":["Bahasa Inggris"],"externalLink":null,"fullname":"Daniel Kurniawan, M.Pd., M.Pd.","id":"693177da1ca09be5737e1531","isActive":true,"photo":"https://drive.google.com/u/0/open?usp=forms_web&id=1EDwVonP9zflg4hBk5zyCy-kQAJjAEfkx","username":"daniel.kurniawan@uksw.edu"},"9":{"email":"edna.maria@uksw.edu","expertise":["Matematika Komputer","Pemrograman Database"],"externalLink":"-","fullname":"Edna Maria, S. Kom., M. Pd. ","id":"693177da1ca09be5737e1530","isActive":true,"photo":"https://drive.google.com/u/0/open?usp=forms_web&id=1g8GziYPEZizwCBtQxKc7vx6C6neaJNYF","username":"edna.maria@uksw.edu"},"level":"info","message":"lecturers : ","timestamp":"2026-01-05 00:02:21"}
{"level":"http","message":"GET /api/v1/lecturers?page=1&limit=10&search= 304 - - 6104.111 ms","timestamp":"2026-01-05 00:02:21"}
{"level":"info","limit":"10","message":"Query params: ","page":"1","search":"","timestamp":"2026-01-05 00:02:21"}
{"level":"info","message":"Highlight fetched successfully","timestamp":"2026-01-05 00:02:21"}
{"level":"http","message":"GET /api/v1/highlight/ 304 - - 730.018 ms","timestamp":"2026-01-05 00:02:21"}
{"level":"debug","message":"Cache HIT: lecturers:v0:p1:l10:s","timestamp":"2026-01-05 00:02:22"}
{"level":"http","message":"GET /api/v1/lecturers?page=1&limit=10&search= 304 - - 357.851 ms","timestamp":"2026-01-05 00:02:22"}
{"level":"http","message":"GET /api/v1/announcements/admin?page=1&limit=100&search= 304 - - 1828.726 ms","timestamp":"2026-01-05 00:02:22"}
{"level":"http","message":"GET /api/v1/announcements/admin?page=1&limit=100&search= 304 - - 824.170 ms","timestamp":"2026-01-05 00:02:23"}
{"level":"http","message":"GET /api/v1/announcements/admin?page=1&limit=10&search= 304 - - 3414.350 ms","timestamp":"2026-01-05 00:02:44"}
{"level":"http","message":"GET /api/v1/announcements/admin?page=1&limit=10&search= 304 - - 152.707 ms","timestamp":"2026-01-05 00:02:44"}
{"level":"http","message":"GET /api/v1/announcements/admin?page=1&limit=10&search= 304 - - 451.296 ms","timestamp":"2026-01-05 00:04:59"}
{"level":"http","message":"GET /api/v1/announcements/admin?page=1&limit=10&search= 304 - - 549.987 ms","timestamp":"2026-01-05 00:04:59"}
{"level":"info","limit":"10","message":"Query params: ","page":"1","search":"","timestamp":"2026-01-05 00:05:00"}
{"level":"debug","message":"Cache HIT: lecturers:v0:p1:l10:s","timestamp":"2026-01-05 00:05:00"}
{"level":"http","message":"GET /api/v1/lecturers?page=1&limit=10&search= 304 - - 342.308 ms","timestamp":"2026-01-05 00:05:00"}
{"level":"info","limit":"10","message":"Query params: ","page":"1","search":"","timestamp":"2026-01-05 00:05:00"}
{"level":"debug","message":"Cache HIT: lecturers:v0:p1:l10:s","timestamp":"2026-01-05 00:05:01"}
{"level":"http","message":"GET /api/v1/lecturers?page=1&limit=10&search= 304 - - 457.374 ms","timestamp":"2026-01-05 00:05:01"}
{"level":"http","message":"GET /api/v1/auth/me 304 - - 1221.859 ms","timestamp":"2026-01-05 00:05:17"}
{"level":"info","message":"Highlight fetched successfully","timestamp":"2026-01-05 00:05:17"}
{"level":"http","message":"GET /api/v1/highlight/ 304 - - 1404.848 ms","timestamp":"2026-01-05 00:05:17"}
{"level":"http","message":"GET /api/v1/auth/me 304 - - 178.903 ms","timestamp":"2026-01-05 00:05:17"}
{"level":"info","message":"Highlight fetched successfully","timestamp":"2026-01-05 00:05:18"}
{"level":"http","message":"GET /api/v1/highlight/ 304 - - 531.847 ms","timestamp":"2026-01-05 00:05:18"}
{"level":"http","message":"GET /api/v1/announcements/admin?page=1&limit=100&search= 304 - - 162.836 ms","timestamp":"2026-01-05 00:05:28"}
{"level":"http","message":"GET /uploads/news/b8bc76da-d3c1-4ddf-a2c8-091825562854.webp 304 - - 0.897 ms","timestamp":"2026-01-05 00:05:29"}
{"level":"http","message":"GET /api/v1/announcements/admin?page=1&limit=100&search= 304 - - 488.767 ms","timestamp":"2026-01-05 00:05:29"}
{"level":"info","message":"Highlight fetched successfully","timestamp":"2026-01-05 00:05:29"}
{"level":"http","message":"GET /api/v1/highlight/ 304 - - 1049.321 ms","timestamp":"2026-01-05 00:05:29"}
{"level":"info","message":"Highlight fetched successfully","timestamp":"2026-01-05 00:05:29"}
{"level":"http","message":"GET /api/v1/highlight/ 304 - - 117.029 ms","timestamp":"2026-01-05 00:05:29"}
{"level":"http","message":"GET /api/v1/auth/me 304 - - 397.154 ms","timestamp":"2026-01-05 00:05:32"}
{"level":"http","message":"GET /api/v1/auth/me 304 - - 164.513 ms","timestamp":"2026-01-05 00:05:32"}
{"level":"http","message":"GET /api/v1/announcements/admin?page=1&limit=100&search= 304 - - 301.565 ms","timestamp":"2026-01-05 00:05:32"}
{"level":"http","message":"GET /api/v1/announcements/admin?page=1&limit=100&search= 304 - - 439.911 ms","timestamp":"2026-01-05 00:05:33"}
{"level":"http","message":"GET /uploads/news/b8bc76da-d3c1-4ddf-a2c8-091825562854.webp 304 - - 1.130 ms","timestamp":"2026-01-05 00:05:33"}
{"level":"info","message":"Highlight fetched successfully","timestamp":"2026-01-05 00:05:33"}
{"level":"http","message":"GET /api/v1/highlight/ 304 - - 1202.701 ms","timestamp":"2026-01-05 00:05:33"}
{"level":"info","message":"Highlight fetched successfully","timestamp":"2026-01-05 00:05:34"}
{"level":"http","message":"GET /api/v1/highlight/ 304 - - 498.824 ms","timestamp":"2026-01-05 00:05:34"}
{"level":"http","message":"GET /api/v1/auth/me 304 - - 1209.707 ms","timestamp":"2026-01-05 00:06:28"}
{"level":"info","message":"Highlight fetched successfully","timestamp":"2026-01-05 00:06:28"}
{"level":"http","message":"GET /api/v1/highlight/ 304 - - 1264.647 ms","timestamp":"2026-01-05 00:06:28"}
{"level":"http","message":"GET /api/v1/auth/me 304 - - 84.112 ms","timestamp":"2026-01-05 00:06:28"}
{"level":"info","message":"Highlight fetched successfully","timestamp":"2026-01-05 00:06:28"}
{"level":"http","message":"GET /api/v1/highlight/ 304 - - 198.672 ms","timestamp":"2026-01-05 00:06:28"}
{"level":"http","message":"GET /api/v1/auth/me 304 - - 1320.730 ms","timestamp":"2026-01-05 00:07:22"}
{"level":"info","message":"Highlight fetched successfully","timestamp":"2026-01-05 00:07:22"}
{"level":"http","message":"GET /api/v1/highlight/ 304 - - 1406.845 ms","timestamp":"2026-01-05 00:07:22"}
{"level":"http","message":"GET /api/v1/auth/me 304 - - 80.944 ms","timestamp":"2026-01-05 00:07:22"}
{"level":"info","message":"Highlight fetched successfully","timestamp":"2026-01-05 00:07:22"}
{"level":"http","message":"GET /api/v1/highlight/ 304 - - 115.371 ms","timestamp":"2026-01-05 00:07:22"}
{"level":"http","message":"GET /api/v1/auth/me 304 - - 575.696 ms","timestamp":"2026-01-05 00:07:43"}
{"level":"http","message":"GET / 404 45 - 0.809 ms","timestamp":"2026-01-05 00:07:43"}
{"level":"info","message":"Highlight fetched successfully","timestamp":"2026-01-05 00:07:43"}
{"level":"http","message":"GET /api/v1/highlight/ 304 - - 616.789 ms","timestamp":"2026-01-05 00:07:43"}
{"level":"http","message":"GET /api/v1/auth/me 304 - - 76.304 ms","timestamp":"2026-01-05 00:07:43"}
{"level":"info","message":"Highlight fetched successfully","timestamp":"2026-01-05 00:07:44"}
{"level":"http","message":"GET /api/v1/highlight/ 304 - - 170.977 ms","timestamp":"2026-01-05 00:07:44"}
{"level":"http","message":"GET /uploads/news/b8bc76da-d3c1-4ddf-a2c8-091825562854.webp 304 - - 0.952 ms","timestamp":"2026-01-05 00:07:44"}
{"level":"info","message":"Highlight fetched successfully","timestamp":"2026-01-05 00:08:07"}
{"level":"http","message":"GET /api/v1/highlight/ 304 - - 878.207 ms","timestamp":"2026-01-05 00:08:07"}
{"level":"info","message":"Highlight fetched successfully","timestamp":"2026-01-05 00:08:15"}
{"level":"http","message":"GET /api/v1/highlight/ 304 - - 170.722 ms","timestamp":"2026-01-05 00:08:15"}
{"level":"info","message":"Highlight fetched successfully","timestamp":"2026-01-05 00:08:19"}
{"level":"http","message":"GET /api/v1/highlight/ 304 - - 173.173 ms","timestamp":"2026-01-05 00:08:19"}
{"level":"http","message":"GET /uploads/news/b8bc76da-d3c1-4ddf-a2c8-091825562854.webp 304 - - 0.746 ms","timestamp":"2026-01-05 00:08:19"}
{"level":"info","message":"Highlight fetched successfully","timestamp":"2026-01-05 00:08:19"}
{"level":"http","message":"GET /api/v1/highlight/ 304 - - 172.914 ms","timestamp":"2026-01-05 00:08:19"}
{"level":"http","message":"GET /api/v1/auth/me 304 - - 661.072 ms","timestamp":"2026-01-05 00:08:20"}
{"level":"http","message":"GET / 404 45 - 0.998 ms","timestamp":"2026-01-05 00:08:20"}
{"level":"http","message":"GET /api/v1/auth/me 304 - - 120.493 ms","timestamp":"2026-01-05 00:08:20"}
{"level":"info","limit":"10","message":"Query params: ","page":"1","search":"","timestamp":"2026-01-05 00:08:57"}
{"0":{"email":"afiasyer@gmail.com","expertise":["Data Science & Machine Learning (Computer Vision, NLP, Data Mining)","Artificial Intelligence (YOLO, Deep Learning, Neuro-Fuzzy, Expert Systems)"],"externalLink":null,"fullname":"Afiyatar Asyer, S. Kom. ","id":"693177da1ca09be5737e1539","isActive":true,"photo":"https://drive.google.com/u/0/open?usp=forms_web&id=10u8pl5Xty6G5pdL9sOPT55EwCb8oH9hH","username":"972023028@student.uksw.edu"},"1":{"email":"adi.nugroho@uksw.edu","expertise":["Database","Programming","Software Engineering","Machine Learning","Data Science"],"externalLink":"https://scholar.google.com/citations?user=SzV1emoAAAAJ&hl=id","fullname":"Dr. Adi Nugroho, ST, MMSI","id":"693177da1ca09be5737e153a","isActive":true,"photo":"https://drive.google.com/u/0/open?usp=forms_web&id=1903uQvK1Gz6ssUn9F-G9EhewCq_6MBQ8","username":"adi.nugroho@uksw.edu"},"2":{"email":"anglingkusumandhita@gmail.com","expertise":["Web Programming, Desktop Programming","Mobile Programming","Artificial Intelegence"],"externalLink":"https://www.instagram.com/angling_kusumandhita.raden/ ","fullname":"Angling Kusumandhita Raden, S.T., M.M.","id":"693177da1ca09be5737e1536","isActive":true,"photo":"https://drive.google.com/u/0/open?usp=forms_web&id=1gsE3Wx5iLdtjiI5voZ-aClvKXg9zpGYU","username":"anglingkusumandhita@gmail.com"},"3":{"email":"kristoko@uksw.edu","expertise":["Artificial Intelligence & Machine Learning","Time Series Forecasting & Data Analytics"],"externalLink":null,"fullname":"Prof. Dr. Kristoko Dwi Hartomo, M.Kom","id":"693177da1ca09be5737e152f","isActive":true,"photo":"https://drive.google.com/u/0/open?usp=forms_web&id=1EUNhY9oWYcfifpO7ZCVDBcGEo_VUA0g6","username":"backupham387@gmail.com"},"4":{"email":"charitas.fibriani@uksw.edu","expertise":["Data Analysis"],"externalLink":null,"fullname":"Dr. Charitas Fibriani, S.Kom., M.Eng.","id":"693177da1ca09be5737e1537","isActive":true,"photo":"https://drive.google.com/u/0/open?usp=forms_web&id=1V37DGeAsJ37FcKbDfyNjNrPdYGZe4xLg","username":"charitasf@gmail.com"},"5":{"email":"chris.rudianto@uksw.edu","expertise":["Sistem Dan Teknologi Informasi","e-Government/Pemerintah Digital"],"externalLink":null,"fullname":"Ir. Christ Rudianto, MT.","id":"693177da1ca09be5737e152e","isActive":true,"photo":"https://drive.google.com/u/0/open?usp=forms_web&id=1CoXC2H228T4WARHrwc6NrN_fjrYTc-sR","username":"chris.rudianto@uksw.edu"},"6":{"email":"christa.tehusalawany@uksw.edu","expertise":["English as a foreign language teaching","English for Specific Purposes","Indonesian language for foreign speakers"],"externalLink":"LinkedIn https://id.linkedin.com/in/christa-tehusalawany","fullname":"Christa Audrea Yosevana Tehusalawany, M.Pd.","id":"693177da1ca09be5737e1535","isActive":true,"photo":"https://drive.google.com/u/0/open?usp=forms_web&id=1wKcD71EjroHz0YppVOqfyGQ4_uKQAPtQ","username":"christa.tehusalawany@uksw.edu"},"7":{"email":"danang.widiatmoko@uksw.edu","expertise":["Human and Computer Interaction","Web Design","Web Programming","UI/UX Design","UX Design","Design and Multimedia","Graphic Design","Design Analysis","Media Production"],"externalLink":null,"fullname":"Danang Tri Widiatmoko, S.Ds., M.Kom.","id":"693177da1ca09be5737e1533","isActive":true,"photo":"https://drive.google.com/u/0/open?usp=forms_web&id=1AdUqrG8ELNPNntIQHFF8LI8dNSVOthBK","username":"danang.widiatmoko@uksw.edu"},"8":{"email":"daniel.kurniawan@uksw.edu","expertise":["Bahasa Inggris"],"externalLink":null,"fullname":"Daniel Kurniawan, M.Pd., M.Pd.","id":"693177da1ca09be5737e1531","isActive":true,"photo":"https://drive.google.com/u/0/open?usp=forms_web&id=1EDwVonP9zflg4hBk5zyCy-kQAJjAEfkx","username":"daniel.kurniawan@uksw.edu"},"9":{"email":"edna.maria@uksw.edu","expertise":["Matematika Komputer","Pemrograman Database"],"externalLink":"-","fullname":"Edna Maria, S. Kom., M. Pd. ","id":"693177da1ca09be5737e1530","isActive":true,"photo":"https://drive.google.com/u/0/open?usp=forms_web&id=1g8GziYPEZizwCBtQxKc7vx6C6neaJNYF","username":"edna.maria@uksw.edu"},"level":"info","message":"lecturers : ","timestamp":"2026-01-05 00:08:58"}
{"level":"http","message":"GET /api/v1/lecturers?page=1&limit=10&search= 304 - - 926.289 ms","timestamp":"2026-01-05 00:08:58"}
{"level":"info","limit":"10","message":"Query params: ","page":"1","search":"","timestamp":"2026-01-05 00:08:58"}
{"level":"http","message":"GET /api/v1/announcements/admin?page=1&limit=10&search= 304 - - 394.953 ms","timestamp":"2026-01-05 00:08:58"}
{"level":"debug","message":"Cache HIT: lecturers:v0:p1:l10:s","timestamp":"2026-01-05 00:08:58"}
{"level":"http","message":"GET /api/v1/lecturers?page=1&limit=10&search= 304 - - 475.424 ms","timestamp":"2026-01-05 00:08:58"}
{"level":"http","message":"GET /api/v1/announcements/admin?page=1&limit=10&search= 304 - - 305.170 ms","timestamp":"2026-01-05 00:08:58"}
{"level":"info","limit":"10","message":"Query params: ","page":"1","search":"","timestamp":"2026-01-05 00:09:00"}
{"level":"debug","message":"Cache HIT: lecturers:v0:p1:l10:s","timestamp":"2026-01-05 00:09:00"}
{"level":"http","message":"GET /api/v1/lecturers?page=1&limit=10&search= 304 - - 130.731 ms","timestamp":"2026-01-05 00:09:00"}
{"level":"info","limit":"10","message":"Query params: ","page":"1","search":"","timestamp":"2026-01-05 00:09:00"}
{"level":"debug","message":"Cache HIT: lecturers:v0:p1:l10:s","timestamp":"2026-01-05 00:09:00"}
{"level":"http","message":"GET /api/v1/lecturers?page=1&limit=10&search= 304 - - 153.572 ms","timestamp":"2026-01-05 00:09:00"}
{"level":"http","message":"GET /api/v1/announcements/admin?page=1&limit=10&search= 304 - - 159.427 ms","timestamp":"2026-01-05 00:09:01"}
{"level":"http","message":"GET /api/v1/announcements/admin?page=1&limit=10&search= 304 - - 154.839 ms","timestamp":"2026-01-05 00:09:01"}
{"level":"info","message":"Highlight fetched successfully","timestamp":"2026-01-05 00:09:03"}
{"level":"http","message":"GET /api/v1/highlight/ 304 - - 119.585 ms","timestamp":"2026-01-05 00:09:03"}
{"level":"http","message":"GET /uploads/news/b8bc76da-d3c1-4ddf-a2c8-091825562854.webp 304 - - 0.671 ms","timestamp":"2026-01-05 00:09:03"}
{"level":"http","message":"GET /api/v1/announcements/admin?page=1&limit=100&search= 304 - - 138.047 ms","timestamp":"2026-01-05 00:09:03"}
{"level":"info","message":"Highlight fetched successfully","timestamp":"2026-01-05 00:09:03"}
{"level":"http","message":"GET /api/v1/highlight/ 304 - - 108.932 ms","timestamp":"2026-01-05 00:09:03"}
{"level":"http","message":"GET /api/v1/announcements/admin?page=1&limit=100&search= 304 - - 138.873 ms","timestamp":"2026-01-05 00:09:03"}
{"level":"http","message":"GET /api/v1/announcements/admin?page=1&limit=100&search= 304 - - 136.825 ms","timestamp":"2026-01-05 00:14:36"}
{"level":"info","message":"Highlight fetched successfully","timestamp":"2026-01-05 00:14:36"}
{"level":"http","message":"GET /api/v1/highlight/ 304 - - 568.385 ms","timestamp":"2026-01-05 00:14:36"}
{"level":"http","message":"GET /uploads/news/b8bc76da-d3c1-4ddf-a2c8-091825562854.webp 304 - - 0.957 ms","timestamp":"2026-01-05 00:14:36"}
{"level":"http","message":"GET /api/v1/auth/me 304 - - 758.521 ms","timestamp":"2026-01-05 00:15:07"}
{"level":"http","message":"GET /api/v1/auth/me 304 - - 83.399 ms","timestamp":"2026-01-05 00:15:07"}
{"level":"http","message":"GET /api/v1/announcements/admin?page=1&limit=100&search= 304 - - 184.571 ms","timestamp":"2026-01-05 00:15:07"}
{"level":"http","message":"GET /api/v1/announcements/admin?page=1&limit=100&search= 304 - - 162.387 ms","timestamp":"2026-01-05 00:15:07"}
{"level":"http","message":"GET /uploads/news/b8bc76da-d3c1-4ddf-a2c8-091825562854.webp 304 - - 0.741 ms","timestamp":"2026-01-05 00:15:07"}
{"level":"info","message":"Highlight fetched successfully","timestamp":"2026-01-05 00:15:07"}
{"level":"http","message":"GET /api/v1/highlight/ 304 - - 570.580 ms","timestamp":"2026-01-05 00:15:07"}
{"level":"info","message":"Highlight fetched successfully","timestamp":"2026-01-05 00:15:07"}
{"level":"http","message":"GET /api/v1/highlight/ 304 - - 107.368 ms","timestamp":"2026-01-05 00:15:07"}
{"level":"http","message":"GET /api/v1/auth/me 304 - - 645.172 ms","timestamp":"2026-01-05 00:26:06"}
{"level":"http","message":"GET /api/v1/auth/me 304 - - 64.414 ms","timestamp":"2026-01-05 00:26:06"}
{"level":"http","message":"GET /api/v1/announcements/admin?page=1&limit=100&search= 304 - - 139.779 ms","timestamp":"2026-01-05 00:26:06"}
{"level":"http","message":"GET /api/v1/announcements/admin?page=1&limit=100&search= 304 - - 194.159 ms","timestamp":"2026-01-05 00:26:06"}
{"level":"http","message":"GET /uploads/news/b8bc76da-d3c1-4ddf-a2c8-091825562854.webp 304 - - 1.202 ms","timestamp":"2026-01-05 00:26:07"}
{"level":"info","message":"Highlight fetched successfully","timestamp":"2026-01-05 00:26:07"}
{"level":"http","message":"GET /api/v1/highlight/ 304 - - 568.261 ms","timestamp":"2026-01-05 00:26:07"}
{"level":"info","message":"Highlight fetched successfully","timestamp":"2026-01-05 00:26:07"}
{"level":"http","message":"GET /api/v1/highlight/ 304 - - 119.577 ms","timestamp":"2026-01-05 00:26:07"}
{"level":"http","message":"GET /api/v1/auth/me 304 - - 520.085 ms","timestamp":"2026-01-05 00:29:05"}
{"level":"http","message":"GET /api/v1/auth/me 304 - - 88.464 ms","timestamp":"2026-01-05 00:29:05"}
{"level":"info","message":"Highlight fetched successfully","timestamp":"2026-01-05 00:29:06"}
{"level":"http","message":"GET /api/v1/highlight/ 304 - - 308.269 ms","timestamp":"2026-01-05 00:29:06"}
{"level":"http","message":"GET /api/v1/announcements/admin?page=1&limit=100&search= 304 - - 331.581 ms","timestamp":"2026-01-05 00:29:06"}
{"level":"http","message":"GET /uploads/news/b8bc76da-d3c1-4ddf-a2c8-091825562854.webp 304 - - 2.185 ms","timestamp":"2026-01-05 00:29:06"}
{"level":"info","message":"Highlight fetched successfully","timestamp":"2026-01-05 00:29:07"}
{"level":"http","message":"GET /api/v1/highlight/ 304 - - 371.264 ms","timestamp":"2026-01-05 00:29:07"}
{"level":"http","message":"GET /api/v1/announcements/admin?page=1&limit=100&search= 304 - - 418.503 ms","timestamp":"2026-01-05 00:29:07"}
{"level":"http","message":"GET /api/v1/auth/me 304 - - 580.037 ms","timestamp":"2026-01-05 00:31:08"}
{"level":"http","message":"GET /api/v1/auth/me 304 - - 73.915 ms","timestamp":"2026-01-05 00:31:08"}
{"level":"http","message":"GET /api/v1/announcements/admin?page=1&limit=100&search= 304 - - 324.826 ms","timestamp":"2026-01-05 00:31:08"}
{"level":"http","message":"GET /api/v1/announcements/admin?page=1&limit=100&search= 304 - - 225.887 ms","timestamp":"2026-01-05 00:31:08"}
{"level":"http","message":"GET /uploads/news/b8bc76da-d3c1-4ddf-a2c8-091825562854.webp 304 - - 0.827 ms","timestamp":"2026-01-05 00:31:08"}
{"level":"info","message":"Highlight fetched successfully","timestamp":"2026-01-05 00:31:09"}
{"level":"http","message":"GET /api/v1/highlight/ 304 - - 779.122 ms","timestamp":"2026-01-05 00:31:09"}
{"level":"info","message":"Highlight fetched successfully","timestamp":"2026-01-05 00:31:09"}
{"level":"http","message":"GET /api/v1/highlight/ 304 - - 449.478 ms","timestamp":"2026-01-05 00:31:09"}
{"level":"http","message":"GET /api/v1/auth/me 304 - - 540.170 ms","timestamp":"2026-01-05 00:31:45"}
{"level":"http","message":"GET /api/v1/auth/me 304 - - 86.967 ms","timestamp":"2026-01-05 00:31:45"}
{"level":"http","message":"GET /api/v1/announcements/admin?page=1&limit=100&search= 304 - - 155.277 ms","timestamp":"2026-01-05 00:31:45"}
{"level":"http","message":"GET /api/v1/announcements/admin?page=1&limit=100&search= 304 - - 202.949 ms","timestamp":"2026-01-05 00:31:45"}
{"level":"http","message":"GET /uploads/news/b8bc76da-d3c1-4ddf-a2c8-091825562854.webp 304 - - 0.660 ms","timestamp":"2026-01-05 00:31:45"}
{"level":"info","message":"Highlight fetched successfully","timestamp":"2026-01-05 00:31:46"}
{"level":"http","message":"GET /api/v1/highlight/ 304 - - 640.324 ms","timestamp":"2026-01-05 00:31:46"}
{"level":"info","message":"Highlight fetched successfully","timestamp":"2026-01-05 00:31:46"}
{"level":"http","message":"GET /api/v1/highlight/ 304 - - 163.397 ms","timestamp":"2026-01-05 00:31:46"}
{"level":"http","message":"GET /api/v1/auth/me 304 - - 779.694 ms","timestamp":"2026-01-05 00:32:05"}
{"level":"http","message":"GET /api/v1/auth/me 304 - - 60.842 ms","timestamp":"2026-01-05 00:32:05"}
{"level":"http","message":"GET /api/v1/announcements/admin?page=1&limit=100&search= 304 - - 166.353 ms","timestamp":"2026-01-05 00:32:05"}
{"level":"http","message":"GET /api/v1/announcements/admin?page=1&limit=100&search= 304 - - 163.497 ms","timestamp":"2026-01-05 00:32:06"}
{"level":"http","message":"GET /uploads/news/b8bc76da-d3c1-4ddf-a2c8-091825562854.webp 304 - - 1.377 ms","timestamp":"2026-01-05 00:32:06"}
{"level":"info","message":"Highlight fetched successfully","timestamp":"2026-01-05 00:32:06"}
{"level":"http","message":"GET /api/v1/highlight/ 304 - - 557.047 ms","timestamp":"2026-01-05 00:32:06"}
{"level":"info","message":"Highlight fetched successfully","timestamp":"2026-01-05 00:32:06"}
{"level":"http","message":"GET /api/v1/highlight/ 304 - - 130.460 ms","timestamp":"2026-01-05 00:32:06"}
{"level":"http","message":"GET /api/v1/auth/me 304 - - 730.207 ms","timestamp":"2026-01-05 00:32:26"}
{"level":"http","message":"GET /api/v1/auth/me 304 - - 79.488 ms","timestamp":"2026-01-05 00:32:26"}
{"level":"http","message":"GET /api/v1/announcements/admin?page=1&limit=100&search= 304 - - 148.232 ms","timestamp":"2026-01-05 00:32:26"}
{"level":"http","message":"GET /api/v1/announcements/admin?page=1&limit=100&search= 304 - - 272.222 ms","timestamp":"2026-01-05 00:32:26"}
{"level":"http","message":"GET /uploads/news/b8bc76da-d3c1-4ddf-a2c8-091825562854.webp 304 - - 0.726 ms","timestamp":"2026-01-05 00:32:26"}
{"level":"info","message":"Highlight fetched successfully","timestamp":"2026-01-05 00:32:27"}
{"level":"http","message":"GET /api/v1/highlight/ 304 - - 748.004 ms","timestamp":"2026-01-05 00:32:27"}
{"level":"info","message":"Highlight fetched successfully","timestamp":"2026-01-05 00:32:27"}
{"level":"http","message":"GET /api/v1/highlight/ 304 - - 276.895 ms","timestamp":"2026-01-05 00:32:27"}
{"level":"http","message":"GET /api/v1/announcements/admin?page=1&limit=100&search= 304 - - 250.536 ms","timestamp":"2026-01-05 00:35:39"}
{"level":"info","message":"Highlight fetched successfully","timestamp":"2026-01-05 00:35:40"}
{"level":"http","message":"GET /api/v1/highlight/ 304 - - 1459.405 ms","timestamp":"2026-01-05 00:35:40"}
{"level":"http","message":"GET /uploads/news/b8bc76da-d3c1-4ddf-a2c8-091825562854.webp 304 - - 0.920 ms","timestamp":"2026-01-05 00:35:40"}
{"level":"info","limit":"10","message":"Query params: ","page":"1","search":"","timestamp":"2026-01-05 00:36:03"}
{"0":{"email":"afiasyer@gmail.com","expertise":["Data Science & Machine Learning (Computer Vision, NLP, Data Mining)","Artificial Intelligence (YOLO, Deep Learning, Neuro-Fuzzy, Expert Systems)"],"externalLink":null,"fullname":"Afiyatar Asyer, S. Kom. ","id":"693177da1ca09be5737e1539","isActive":true,"photo":"https://drive.google.com/u/0/open?usp=forms_web&id=10u8pl5Xty6G5pdL9sOPT55EwCb8oH9hH","username":"972023028@student.uksw.edu"},"1":{"email":"adi.nugroho@uksw.edu","expertise":["Database","Programming","Software Engineering","Machine Learning","Data Science"],"externalLink":"https://scholar.google.com/citations?user=SzV1emoAAAAJ&hl=id","fullname":"Dr. Adi Nugroho, ST, MMSI","id":"693177da1ca09be5737e153a","isActive":true,"photo":"https://drive.google.com/u/0/open?usp=forms_web&id=1903uQvK1Gz6ssUn9F-G9EhewCq_6MBQ8","username":"adi.nugroho@uksw.edu"},"2":{"email":"anglingkusumandhita@gmail.com","expertise":["Web Programming, Desktop Programming","Mobile Programming","Artificial Intelegence"],"externalLink":"https://www.instagram.com/angling_kusumandhita.raden/ ","fullname":"Angling Kusumandhita Raden, S.T., M.M.","id":"693177da1ca09be5737e1536","isActive":true,"photo":"https://drive.google.com/u/0/open?usp=forms_web&id=1gsE3Wx5iLdtjiI5voZ-aClvKXg9zpGYU","username":"anglingkusumandhita@gmail.com"},"3":{"email":"kristoko@uksw.edu","expertise":["Artificial Intelligence & Machine Learning","Time Series Forecasting & Data Analytics"],"externalLink":null,"fullname":"Prof. Dr. Kristoko Dwi Hartomo, M.Kom","id":"693177da1ca09be5737e152f","isActive":true,"photo":"https://drive.google.com/u/0/open?usp=forms_web&id=1EUNhY9oWYcfifpO7ZCVDBcGEo_VUA0g6","username":"backupham387@gmail.com"},"4":{"email":"charitas.fibriani@uksw.edu","expertise":["Data Analysis"],"externalLink":null,"fullname":"Dr. Charitas Fibriani, S.Kom., M.Eng.","id":"693177da1ca09be5737e1537","isActive":true,"photo":"https://drive.google.com/u/0/open?usp=forms_web&id=1V37DGeAsJ37FcKbDfyNjNrPdYGZe4xLg","username":"charitasf@gmail.com"},"5":{"email":"chris.rudianto@uksw.edu","expertise":["Sistem Dan Teknologi Informasi","e-Government/Pemerintah Digital"],"externalLink":null,"fullname":"Ir. Christ Rudianto, MT.","id":"693177da1ca09be5737e152e","isActive":true,"photo":"https://drive.google.com/u/0/open?usp=forms_web&id=1CoXC2H228T4WARHrwc6NrN_fjrYTc-sR","username":"chris.rudianto@uksw.edu"},"6":{"email":"christa.tehusalawany@uksw.edu","expertise":["English as a foreign language teaching","English for Specific Purposes","Indonesian language for foreign speakers"],"externalLink":"LinkedIn https://id.linkedin.com/in/christa-tehusalawany","fullname":"Christa Audrea Yosevana Tehusalawany, M.Pd.","id":"693177da1ca09be5737e1535","isActive":true,"photo":"https://drive.google.com/u/0/open?usp=forms_web&id=1wKcD71EjroHz0YppVOqfyGQ4_uKQAPtQ","username":"christa.tehusalawany@uksw.edu"},"7":{"email":"danang.widiatmoko@uksw.edu","expertise":["Human and Computer Interaction","Web Design","Web Programming","UI/UX Design","UX Design","Design and Multimedia","Graphic Design","Design Analysis","Media Production"],"externalLink":null,"fullname":"Danang Tri Widiatmoko, S.Ds., M.Kom.","id":"693177da1ca09be5737e1533","isActive":true,"photo":"https://drive.google.com/u/0/open?usp=forms_web&id=1AdUqrG8ELNPNntIQHFF8LI8dNSVOthBK","username":"danang.widiatmoko@uksw.edu"},"8":{"email":"daniel.kurniawan@uksw.edu","expertise":["Bahasa Inggris"],"externalLink":null,"fullname":"Daniel Kurniawan, M.Pd., M.Pd.","id":"693177da1ca09be5737e1531","isActive":true,"photo":"https://drive.google.com/u/0/open?usp=forms_web&id=1EDwVonP9zflg4hBk5zyCy-kQAJjAEfkx","username":"daniel.kurniawan@uksw.edu"},"9":{"email":"edna.maria@uksw.edu","expertise":["Matematika Komputer","Pemrograman Database"],"externalLink":"-","fullname":"Edna Maria, S. Kom., M. Pd. ","id":"693177da1ca09be5737e1530","isActive":true,"photo":"https://drive.google.com/u/0/open?usp=forms_web&id=1g8GziYPEZizwCBtQxKc7vx6C6neaJNYF","username":"edna.maria@uksw.edu"},"level":"info","message":"lecturers : ","timestamp":"2026-01-05 00:36:04"}
{"level":"http","message":"GET /api/v1/lecturers?page=1&limit=10&search= 304 - - 1482.012 ms","timestamp":"2026-01-05 00:36:05"}
{"level":"info","limit":"10","message":"Query params: ","page":"1","search":"","timestamp":"2026-01-05 00:36:05"}
{"level":"http","message":"GET /api/v1/announcements/admin?page=1&limit=10&search= 304 - - 609.367 ms","timestamp":"2026-01-05 00:36:05"}
{"level":"debug","message":"Cache HIT: lecturers:v0:p1:l10:s","timestamp":"2026-01-05 00:36:05"}
{"level":"http","message":"GET /api/v1/lecturers?page=1&limit=10&search= 304 - - 713.261 ms","timestamp":"2026-01-05 00:36:05"}
{"level":"http","message":"GET /api/v1/announcements/admin?page=1&limit=10&search= 304 - - 973.141 ms","timestamp":"2026-01-05 00:36:06"}
{"level":"info","message":"Creating upload middleware for lecturers","timestamp":"2026-01-05 00:38:42"}
{"level":"info","message":"Creating upload middleware for news","timestamp":"2026-01-05 00:38:42"}
{"level":"info","message":"Creating upload middleware for users","timestamp":"2026-01-05 00:38:42"}
{"level":"info","message":"Starting Connection Server","timestamp":"2026-01-05 00:38:47"}
{"level":"info","message":"Connected to MongoDB","timestamp":"2026-01-05 00:38:47"}
{"level":"info","message":"Creating upload middleware for lecturers","timestamp":"2026-01-05 22:21:34"}
{"level":"info","message":"Creating upload middleware for news","timestamp":"2026-01-05 22:21:34"}
{"level":"info","message":"Creating upload middleware for users","timestamp":"2026-01-05 22:21:34"}
{"level":"info","message":"Starting Connection Server","timestamp":"2026-01-05 22:21:42"}
{"level":"info","message":"Connected to MongoDB","timestamp":"2026-01-05 22:21:43"}
{"level":"info","message":"Connecting to Redis...","timestamp":"2026-01-05 22:21:43"}
{"level":"info","message":"Redis connected and ready","timestamp":"2026-01-05 22:21:43"}
{"level":"info","message":"🚀 Server running on port 5000","timestamp":"2026-01-05 22:21:43"}
{"level":"info","message":"📝 Environment: development","timestamp":"2026-01-05 22:21:43"}
{"level":"http","message":"GET /api/v1/auth/me 200 182 - 110.489 ms","timestamp":"2026-01-05 22:21:49"}
{"level":"http","message":"GET / 404 45 - 1.476 ms","timestamp":"2026-01-05 22:21:49"}
{"level":"info","message":"Highlight fetched successfully","timestamp":"2026-01-05 22:21:49"}
{"level":"http","message":"GET /api/v1/highlight/ 304 - - 139.861 ms","timestamp":"2026-01-05 22:21:49"}
{"level":"http","message":"GET /api/v1/auth/me 304 - - 82.429 ms","timestamp":"2026-01-05 22:21:49"}
{"level":"http","message":"GET /uploads/news/b8bc76da-d3c1-4ddf-a2c8-091825562854.webp 200 37156 - 6.550 ms","timestamp":"2026-01-05 22:21:49"}
{"level":"info","message":"Highlight fetched successfully","timestamp":"2026-01-05 22:21:49"}
{"level":"http","message":"GET /api/v1/highlight/ 304 - - 120.535 ms","timestamp":"2026-01-05 22:21:49"}
{"level":"http","message":"POST /api/v1/auth/logout 200 73 - 0.768 ms","timestamp":"2026-01-05 22:22:15"}
{"level":"error","message":"Session expired. Please login again","method":"GET","stack":"Error: Session expired. Please login again\n    at Function.unauthorized (D:\\PROJECT\\Website-S1-TI\\backend\\src\\utils\\ApiError.ts:28:12)\n    at D:\\PROJECT\\Website-S1-TI\\backend\\src\\middleware\\auth.middleware.ts:38:26\n    at D:\\PROJECT\\Website-S1-TI\\backend\\src\\utils\\asyncHandler.ts:11:21\n    at Layer.handle [as handle_request] (D:\\PROJECT\\Website-S1-TI\\backend\\node_modules\\express\\lib\\router\\layer.js:95:5)\n    at next (D:\\PROJECT\\Website-S1-TI\\backend\\node_modules\\express\\lib\\router\\route.js:149:13)\n    at Route.dispatch (D:\\PROJECT\\Website-S1-TI\\backend\\node_modules\\express\\lib\\router\\route.js:119:3)\n    at Layer.handle [as handle_request] (D:\\PROJECT\\Website-S1-TI\\backend\\node_modules\\express\\lib\\router\\layer.js:95:5)\n    at D:\\PROJECT\\Website-S1-TI\\backend\\node_modules\\express\\lib\\router\\index.js:284:15\n    at Function.process_params (D:\\PROJECT\\Website-S1-TI\\backend\\node_modules\\express\\lib\\router\\index.js:346:12)\n    at next (D:\\PROJECT\\Website-S1-TI\\backend\\node_modules\\express\\lib\\router\\index.js:280:10)","timestamp":"2026-01-05 22:22:16","url":"/api/v1/auth/me"}
{"level":"http","message":"GET /api/v1/auth/me 401 - - 9.974 ms","timestamp":"2026-01-05 22:22:16"}
{"level":"error","message":"Session expired. Please login again","method":"GET","stack":"Error: Session expired. Please login again\n    at Function.unauthorized (D:\\PROJECT\\Website-S1-TI\\backend\\src\\utils\\ApiError.ts:28:12)\n    at D:\\PROJECT\\Website-S1-TI\\backend\\src\\middleware\\auth.middleware.ts:38:26\n    at D:\\PROJECT\\Website-S1-TI\\backend\\src\\utils\\asyncHandler.ts:11:21\n    at Layer.handle [as handle_request] (D:\\PROJECT\\Website-S1-TI\\backend\\node_modules\\express\\lib\\router\\layer.js:95:5)\n    at next (D:\\PROJECT\\Website-S1-TI\\backend\\node_modules\\express\\lib\\router\\route.js:149:13)\n    at Route.dispatch (D:\\PROJECT\\Website-S1-TI\\backend\\node_modules\\express\\lib\\router\\route.js:119:3)\n    at Layer.handle [as handle_request] (D:\\PROJECT\\Website-S1-TI\\backend\\node_modules\\express\\lib\\router\\layer.js:95:5)\n    at D:\\PROJECT\\Website-S1-TI\\backend\\node_modules\\express\\lib\\router\\index.js:284:15\n    at Function.process_params (D:\\PROJECT\\Website-S1-TI\\backend\\node_modules\\express\\lib\\router\\index.js:346:12)\n    at next (D:\\PROJECT\\Website-S1-TI\\backend\\node_modules\\express\\lib\\router\\index.js:280:10)","timestamp":"2026-01-05 22:22:16","url":"/api/v1/auth/me"}
{"level":"http","message":"GET /api/v1/auth/me 401 - - 2.698 ms","timestamp":"2026-01-05 22:22:16"}
{"level":"info","message":"Highlight fetched successfully","timestamp":"2026-01-05 22:22:18"}
{"level":"http","message":"GET /api/v1/highlight/ 304 - - 503.418 ms","timestamp":"2026-01-05 22:22:18"}
{"level":"http","message":"GET /uploads/news/b8bc76da-d3c1-4ddf-a2c8-091825562854.webp 304 - - 1.082 ms","timestamp":"2026-01-05 22:22:18"}
{"level":"info","message":"Highlight fetched successfully","timestamp":"2026-01-05 22:22:18"}
{"level":"http","message":"GET /api/v1/highlight/ 304 - - 125.371 ms","timestamp":"2026-01-05 22:22:18"}
{"$__":{"activePaths":{"paths":{"__v":"init","_id":"init","authProvider":"init","createdAt":"init","isActive":"init","isEmailVerified":"init","lastLogin":"init","password":"init","photo":"init","role":"init","updatedAt":"init","username":"init"},"states":{"default":{},"init":{"__v":true,"_id":true,"authProvider":true,"createdAt":true,"isActive":true,"isEmailVerified":true,"lastLogin":true,"password":true,"photo":true,"role":true,"updatedAt":true,"username":true},"require":{}}},"skipId":true},"$isNew":false,"_doc":{"__v":0,"_id":"69465fd9b117ed88373742b5","authProvider":"local","createdAt":"2025-12-20T08:35:37.075Z","isActive":true,"isEmailVerified":false,"lastLogin":"2026-01-04T14:40:31.085Z","password":"$2b$10$Bh/F90Y.xA1rpUlLZ8XM6.s/rC47Qm25cLAO6mdkmQFuKw/prYCH6","photo":"","role":"admin","updatedAt":"2026-01-04T14:40:31.086Z","username":"admin"},"level":"info","message":"User","timestamp":"2026-01-05 22:22:40"}
{"$__":{"$versionError":null,"activePaths":{"paths":{"__v":"init","_id":"init","authProvider":"init","createdAt":"init","isActive":"init","isEmailVerified":"init","password":"init","photo":"init","role":"init","username":"require"},"states":{"default":{},"init":{"__v":true,"_id":true,"authProvider":true,"createdAt":true,"isActive":true,"isEmailVerified":true,"password":true,"photo":true,"role":true},"modify":{},"require":{"username":true}}},"backup":{"activePaths":{"default":{},"modify":{"lastLogin":true,"updatedAt":true}},"validationError":null},"cachedRequired":{},"inserting":false,"modifiedPaths":["lastLogin","updatedAt"],"op":null,"saveOptions":null,"savedState":{},"saving":null,"skipId":true,"validating":null},"$isNew":false,"_doc":{"__v":0,"_id":"69465fd9b117ed88373742b5","authProvider":"local","createdAt":"2025-12-20T08:35:37.075Z","isActive":true,"isEmailVerified":false,"lastLogin":"2026-01-05T15:22:40.549Z","password":"$2b$10$Bh/F90Y.xA1rpUlLZ8XM6.s/rC47Qm25cLAO6mdkmQFuKw/prYCH6","photo":"","role":"admin","updatedAt":"2026-01-05T15:22:40.560Z","username":"admin"},"level":"info","message":"Generating token : ","timestamp":"2026-01-05 22:22:40"}
{"accessToken":"eyJhbGciOiJIUzI1NiIsInR5cCI6IkpXVCJ9.eyJpZCI6IjY5NDY1ZmQ5YjExN2VkODgzNzM3NDJiNSIsInVzZXJuYW1lIjoiYWRtaW4iLCJyb2xlIjoiYWRtaW4iLCJhdXRoUHJvdmlkZXIiOiJsb2NhbCIsImlhdCI6MTc2NzYyNjU2MCwiZXhwIjoxNzY3NjI2NjgwfQ.mTwmdUGF_DtQr6X2VXRKWbJAoOLOwL_-L83Rgva_ysU","level":"info","message":"Admin logged in:","refreshToken":"eyJhbGciOiJIUzI1NiIsInR5cCI6IkpXVCJ9.eyJpZCI6IjY5NDY1ZmQ5YjExN2VkODgzNzM3NDJiNSIsInVzZXJuYW1lIjoiYWRtaW4iLCJyb2xlIjoiYWRtaW4iLCJhdXRoUHJvdmlkZXIiOiJsb2NhbCIsImlhdCI6MTc2NzYyNjU2MCwiZXhwIjoxNzY4MjMxMzYwfQ.QSgMr4OMB9KuJ1yC_cmwDBhxJ0tmpGnD-e_Lz5pbrxc","timestamp":"2026-01-05 22:22:40","user":{"authProvider":"local","id":"69465fd9b117ed88373742b5","photo":"","role":"admin","username":"admin"}}
{"level":"info","message":"Cookies set for admin login : ","timestamp":"2026-01-05 22:22:40"}
{"level":"http","message":"POST /api/v1/auth/admin 200 86 - 631.882 ms","timestamp":"2026-01-05 22:22:40"}
{"level":"http","message":"GET /api/v1/auth/me 304 - - 67.158 ms","timestamp":"2026-01-05 22:22:40"}
{"level":"info","message":"Highlight fetched successfully","timestamp":"2026-01-05 22:22:44"}
{"level":"http","message":"GET /api/v1/highlight/ 304 - - 578.188 ms","timestamp":"2026-01-05 22:22:44"}
{"level":"http","message":"GET /uploads/news/b8bc76da-d3c1-4ddf-a2c8-091825562854.webp 304 - - 1.714 ms","timestamp":"2026-01-05 22:22:44"}
{"level":"info","message":"Highlight fetched successfully","timestamp":"2026-01-05 22:22:45"}
{"level":"http","message":"GET /api/v1/highlight/ 304 - - 924.389 ms","timestamp":"2026-01-05 22:22:45"}
{"level":"http","message":"GET /api/v1/announcements/admin?page=1&limit=100&search= 304 - - 4230.014 ms","timestamp":"2026-01-05 22:22:48"}
{"level":"http","message":"GET /api/v1/announcements/admin?page=1&limit=100&search= 304 - - 545.100 ms","timestamp":"2026-01-05 22:22:49"}
{"level":"http","message":"GET /api/v1/auth/me 304 - - 403.294 ms","timestamp":"2026-01-05 22:24:32"}
{"level":"http","message":"GET /api/v1/auth/me 304 - - 51.132 ms","timestamp":"2026-01-05 22:24:32"}
{"level":"http","message":"GET /api/v1/announcements/admin?page=1&limit=100&search= 304 - - 110.641 ms","timestamp":"2026-01-05 22:24:32"}
{"level":"http","message":"GET /uploads/news/b8bc76da-d3c1-4ddf-a2c8-091825562854.webp 304 - - 0.974 ms","timestamp":"2026-01-05 22:24:32"}
{"level":"http","message":"GET /api/v1/announcements/admin?page=1&limit=100&search= 304 - - 126.057 ms","timestamp":"2026-01-05 22:24:32"}
{"level":"info","message":"Highlight fetched successfully","timestamp":"2026-01-05 22:24:32"}
{"level":"http","message":"GET /api/v1/highlight/ 304 - - 476.151 ms","timestamp":"2026-01-05 22:24:32"}
{"level":"info","message":"Highlight fetched successfully","timestamp":"2026-01-05 22:24:32"}
{"level":"http","message":"GET /api/v1/highlight/ 304 - - 107.291 ms","timestamp":"2026-01-05 22:24:32"}
{"level":"http","message":"GET /api/v1/auth/me 304 - - 913.829 ms","timestamp":"2026-01-05 22:24:56"}
{"level":"http","message":"GET /api/v1/auth/me 304 - - 418.432 ms","timestamp":"2026-01-05 22:24:57"}
{"level":"http","message":"GET /api/v1/announcements/admin?page=1&limit=100&search= 304 - - 427.107 ms","timestamp":"2026-01-05 22:24:57"}
{"level":"http","message":"GET /api/v1/announcements/admin?page=1&limit=100&search= 304 - - 171.546 ms","timestamp":"2026-01-05 22:24:57"}
{"level":"info","message":"Highlight fetched successfully","timestamp":"2026-01-05 22:24:58"}
{"level":"http","message":"GET /api/v1/highlight/ 304 - - 1436.110 ms","timestamp":"2026-01-05 22:24:58"}
{"level":"info","message":"Highlight fetched successfully","timestamp":"2026-01-05 22:24:58"}
{"level":"http","message":"GET /api/v1/highlight/ 304 - - 109.825 ms","timestamp":"2026-01-05 22:24:58"}
{"level":"http","message":"GET /api/v1/auth/me 304 - - 843.009 ms","timestamp":"2026-01-05 22:25:37"}
{"level":"http","message":"GET /api/v1/auth/me 304 - - 60.305 ms","timestamp":"2026-01-05 22:25:37"}
{"level":"http","message":"GET /api/v1/announcements/admin?page=1&limit=100&search= 304 - - 189.763 ms","timestamp":"2026-01-05 22:25:37"}
{"level":"http","message":"GET /uploads/news/b8bc76da-d3c1-4ddf-a2c8-091825562854.webp 304 - - 0.712 ms","timestamp":"2026-01-05 22:25:37"}
{"level":"http","message":"GET /api/v1/announcements/admin?page=1&limit=100&search= 304 - - 239.692 ms","timestamp":"2026-01-05 22:25:37"}
{"level":"info","message":"Highlight fetched successfully","timestamp":"2026-01-05 22:25:37"}
{"level":"http","message":"GET /api/v1/highlight/ 304 - - 607.769 ms","timestamp":"2026-01-05 22:25:37"}
{"level":"info","message":"Highlight fetched successfully","timestamp":"2026-01-05 22:25:37"}
{"level":"http","message":"GET /api/v1/highlight/ 304 - - 128.121 ms","timestamp":"2026-01-05 22:25:37"}
{"level":"http","message":"GET /api/v1/auth/me 304 - - 363.190 ms","timestamp":"2026-01-05 22:26:02"}
{"level":"http","message":"GET /api/v1/auth/me 304 - - 44.534 ms","timestamp":"2026-01-05 22:26:02"}
{"level":"http","message":"GET /api/v1/announcements/admin?page=1&limit=100&search= 304 - - 121.131 ms","timestamp":"2026-01-05 22:26:03"}
{"level":"http","message":"GET /uploads/news/b8bc76da-d3c1-4ddf-a2c8-091825562854.webp 304 - - 0.640 ms","timestamp":"2026-01-05 22:26:03"}
{"level":"http","message":"GET /api/v1/announcements/admin?page=1&limit=100&search= 304 - - 104.704 ms","timestamp":"2026-01-05 22:26:03"}
{"level":"info","message":"Highlight fetched successfully","timestamp":"2026-01-05 22:26:03"}
{"level":"http","message":"GET /api/v1/highlight/ 304 - - 541.118 ms","timestamp":"2026-01-05 22:26:03"}
{"level":"info","message":"Highlight fetched successfully","timestamp":"2026-01-05 22:26:03"}
{"level":"http","message":"GET /api/v1/highlight/ 304 - - 154.267 ms","timestamp":"2026-01-05 22:26:03"}
{"level":"info","message":"Creating upload middleware for lecturers","timestamp":"2026-01-05 22:36:47"}
{"level":"info","message":"Creating upload middleware for news","timestamp":"2026-01-05 22:36:47"}
{"level":"info","message":"Creating upload middleware for users","timestamp":"2026-01-05 22:36:47"}
{"level":"info","message":"Starting Connection Server","timestamp":"2026-01-05 22:36:49"}
{"level":"info","message":"Connected to MongoDB","timestamp":"2026-01-05 22:36:52"}
